<?xml version="1.0" encoding="UTF-8" standalone="no"?>
<!DOCTYPE log SYSTEM "logger.dtd">
<log>
</log>
[17/05/2017 10:52:13] >> Logger created
[17/05/2017 10:52:14] >> Similarities
[17/05/2017 10:52:14] >> === Experiment #0 ===
[17/05/2017 10:52:14] >> ex0ep100 mean: 2808.04
[17/05/2017 10:52:15] >> ex0ep200 mean: 2332.89
[17/05/2017 10:52:15] >> ex0ep300 mean: 2292.54
[17/05/2017 10:52:15] >> ex0ep400 mean: 2553.81
[17/05/2017 10:52:15] >> ex0ep500 mean: 2309.7
[17/05/2017 10:52:16] >> ex0ep600 mean: 2461.77
[17/05/2017 10:52:16] >> ex0ep700 mean: 2256.0
[17/05/2017 10:52:16] >> ex0ep800 mean: 2290.66
[17/05/2017 10:52:17] >> ex0ep900 mean: 2602.72
[17/05/2017 10:52:17] >> ex0ep1000 mean: 2177.21
[17/05/2017 10:52:17] >> ex0ep1100 mean: 2028.53
[17/05/2017 10:52:17] >> ex0ep1200 mean: 2418.57
[17/05/2017 10:52:17] >> ex0ep1300 mean: 2142.06
[17/05/2017 10:52:18] >> ex0ep1400 mean: 2099.92
[17/05/2017 10:52:18] >> ex0ep1500 mean: 2197.68
[17/05/2017 10:52:18] >> ex0ep1600 mean: 1935.89
[17/05/2017 10:52:18] >> ex0ep1700 mean: 1801.11
[17/05/2017 10:52:18] >> ex0ep1800 mean: 2045.53
[17/05/2017 10:52:19] >> ex0ep1900 mean: 1649.67
[17/05/2017 10:52:19] >> ex0ep2000 mean: 1966.68
[17/05/2017 10:52:19] >> ex0ep2100 mean: 1585.67
[17/05/2017 10:52:19] >> ex0ep2200 mean: 1830.75
[17/05/2017 10:52:19] >> ex0ep2300 mean: 1837.61
[17/05/2017 10:52:19] >> ex0ep2400 mean: 1829.11
[17/05/2017 10:52:20] >> ex0ep2500 mean: 1769.88
[17/05/2017 10:52:20] >> ex0ep2600 mean: 1871.86
[17/05/2017 10:52:20] >> ex0ep2700 mean: 1388.69
[17/05/2017 10:52:20] >> ex0ep2800 mean: 1631.85
[17/05/2017 10:52:20] >> ex0ep2900 mean: 1443.97
[17/05/2017 10:52:20] >> ex0ep3000 mean: 1715.74
[17/05/2017 10:52:21] >> ex0ep3100 mean: 1505.41
[17/05/2017 10:52:21] >> ex0ep3200 mean: 1782.6
[17/05/2017 10:52:21] >> ex0ep3300 mean: 1589.47
[17/05/2017 10:52:21] >> ex0ep3400 mean: 1228.6
[17/05/2017 10:52:21] >> ex0ep3500 mean: 1265.91
[17/05/2017 10:52:21] >> ex0ep3600 mean: 1331.02
[17/05/2017 10:52:22] >> ex0ep3700 mean: 1404.91
[17/05/2017 10:52:22] >> ex0ep3800 mean: 1269.45
[17/05/2017 10:52:22] >> ex0ep3900 mean: 1148.18
[17/05/2017 10:52:22] >> ex0ep4000 mean: 1273.65
[17/05/2017 10:52:22] >> ex0ep4100 mean: 1185.49
[17/05/2017 10:52:22] >> ex0ep4200 mean: 1137.2
[17/05/2017 10:52:22] >> ex0ep4300 mean: 1282.29
[17/05/2017 10:52:22] >> ex0ep4400 mean: 1175.8
[17/05/2017 10:52:22] >> ex0ep4500 mean: 1122.7
[17/05/2017 10:52:23] >> ex0ep4600 mean: 1206.78
[17/05/2017 10:52:23] >> ex0ep4700 mean: 1083.83
[17/05/2017 10:52:23] >> ex0ep4800 mean: 987.72
[17/05/2017 10:52:23] >> ex0ep4900 mean: 976.19
[17/05/2017 10:52:23] >> ex0ep5000 mean: 931.83
[17/05/2017 10:52:23] >> ex0ep5100 mean: 771.67
[17/05/2017 10:52:23] >> ex0ep5200 mean: 931.04
[17/05/2017 10:52:23] >> ex0ep5300 mean: 836.87
[17/05/2017 10:52:23] >> ex0ep5400 mean: 958.91
[17/05/2017 10:52:23] >> ex0ep5500 mean: 982.43
[17/05/2017 10:52:24] >> ex0ep5600 mean: 790.12
[17/05/2017 10:52:24] >> ex0ep5700 mean: 851.69
[17/05/2017 10:52:24] >> ex0ep5800 mean: 833.59
[17/05/2017 10:52:24] >> ex0ep5900 mean: 665.39
[17/05/2017 10:52:24] >> ex0ep6000 mean: 619.03
[17/05/2017 10:52:24] >> ex0ep6100 mean: 724.39
[17/05/2017 10:52:24] >> ex0ep6200 mean: 537.66
[17/05/2017 10:52:24] >> ex0ep6300 mean: 656.16
[17/05/2017 10:52:24] >> ex0ep6400 mean: 620.17
[17/05/2017 10:52:24] >> ex0ep6500 mean: 644.34
[17/05/2017 10:52:24] >> ex0ep6600 mean: 504.37
[17/05/2017 10:52:24] >> ex0ep6700 mean: 605.9
[17/05/2017 10:52:24] >> ex0ep6800 mean: 582.19
[17/05/2017 10:52:24] >> ex0ep6900 mean: 554.0
[17/05/2017 10:52:24] >> ex0ep7000 mean: 563.85
[17/05/2017 10:52:25] >> ex0ep7100 mean: 549.2
[17/05/2017 10:52:25] >> ex0ep7200 mean: 566.39
[17/05/2017 10:52:25] >> ex0ep7300 mean: 511.44
[17/05/2017 10:52:25] >> ex0ep7400 mean: 503.16
[17/05/2017 10:52:25] >> ex0ep7500 mean: 515.99
[17/05/2017 10:52:25] >> ex0ep7600 mean: 534.31
[17/05/2017 10:52:25] >> ex0ep7700 mean: 479.3
[17/05/2017 10:52:25] >> ex0ep7800 mean: 435.27
[17/05/2017 10:52:25] >> ex0ep7900 mean: 469.81
[17/05/2017 10:52:25] >> ex0ep8000 mean: 395.75
[17/05/2017 10:52:25] >> ex0ep8100 mean: 449.04
[17/05/2017 10:52:25] >> ex0ep8200 mean: 457.15
[17/05/2017 10:52:25] >> ex0ep8300 mean: 547.64
[17/05/2017 10:52:25] >> ex0ep8400 mean: 443.43
[17/05/2017 10:52:25] >> ex0ep8500 mean: 393.98
[17/05/2017 10:52:25] >> ex0ep8600 mean: 379.5
[17/05/2017 10:52:25] >> ex0ep8700 mean: 352.43
[17/05/2017 10:52:25] >> ex0ep8800 mean: 372.11
[17/05/2017 10:52:25] >> ex0ep8900 mean: 423.4
[17/05/2017 10:52:25] >> ex0ep9000 mean: 354.99
[17/05/2017 10:52:26] >> ex0ep9100 mean: 452.63
[17/05/2017 10:52:26] >> ex0ep9200 mean: 370.98
[17/05/2017 10:52:26] >> ex0ep9300 mean: 313.13
[17/05/2017 10:52:26] >> ex0ep9400 mean: 414.76
[17/05/2017 10:52:26] >> ex0ep9500 mean: 393.9
[17/05/2017 10:52:26] >> ex0ep9600 mean: 400.86
[17/05/2017 10:52:26] >> ex0ep9700 mean: 358.04
[17/05/2017 10:52:26] >> ex0ep9800 mean: 339.77
[17/05/2017 10:52:26] >> ex0ep9900 mean: 294.48
[17/05/2017 10:52:26] >> ex0ep10000 mean: 348.53
[17/05/2017 10:52:26] >> ex0ep10100 mean: 307.33
[17/05/2017 10:52:26] >> ex0ep10200 mean: 304.71
[17/05/2017 10:52:26] >> ex0ep10300 mean: 367.49
[17/05/2017 10:52:26] >> ex0ep10400 mean: 307.97
[17/05/2017 10:52:26] >> ex0ep10500 mean: 339.65
[17/05/2017 10:52:26] >> ex0ep10600 mean: 307.77
[17/05/2017 10:52:26] >> ex0ep10700 mean: 279.84
[17/05/2017 10:52:26] >> ex0ep10800 mean: 302.9
[17/05/2017 10:52:26] >> ex0ep10900 mean: 314.79
[17/05/2017 10:52:26] >> ex0ep11000 mean: 271.93
[17/05/2017 10:52:26] >> ex0ep11100 mean: 269.6
[17/05/2017 10:52:26] >> ex0ep11200 mean: 320.64
[17/05/2017 10:52:26] >> ex0ep11300 mean: 334.39
[17/05/2017 10:52:26] >> ex0ep11400 mean: 301.19
[17/05/2017 10:52:26] >> ex0ep11500 mean: 273.83
[17/05/2017 10:52:26] >> ex0ep11600 mean: 296.54
[17/05/2017 10:52:27] >> ex0ep11700 mean: 293.24
[17/05/2017 10:52:27] >> ex0ep11800 mean: 298.85
[17/05/2017 10:52:27] >> ex0ep11900 mean: 256.54
[17/05/2017 10:52:27] >> ex0ep12000 mean: 266.76
[17/05/2017 10:52:27] >> ex0ep12100 mean: 294.55
[17/05/2017 10:52:27] >> ex0ep12200 mean: 264.0
[17/05/2017 10:52:27] >> ex0ep12300 mean: 264.36
[17/05/2017 10:52:27] >> ex0ep12400 mean: 313.56
[17/05/2017 10:52:27] >> ex0ep12500 mean: 253.11
[17/05/2017 10:52:27] >> ex0ep12600 mean: 230.16
[17/05/2017 10:52:27] >> ex0ep12700 mean: 288.45
[17/05/2017 10:52:27] >> ex0ep12800 mean: 206.97
[17/05/2017 10:52:27] >> ex0ep12900 mean: 236.71
[17/05/2017 10:52:27] >> ex0ep13000 mean: 261.3
[17/05/2017 10:52:27] >> ex0ep13100 mean: 220.82
[17/05/2017 10:52:27] >> ex0ep13200 mean: 241.57
[17/05/2017 10:52:27] >> ex0ep13300 mean: 253.57
[17/05/2017 10:52:27] >> ex0ep13400 mean: 247.27
[17/05/2017 10:52:27] >> ex0ep13500 mean: 242.27
[17/05/2017 10:52:27] >> ex0ep13600 mean: 274.48
[17/05/2017 10:52:27] >> ex0ep13700 mean: 215.08
[17/05/2017 10:52:27] >> ex0ep13800 mean: 215.8
[17/05/2017 10:52:27] >> ex0ep13900 mean: 173.18
[17/05/2017 10:52:27] >> ex0ep14000 mean: 186.18
[17/05/2017 10:52:27] >> ex0ep14100 mean: 238.66
[17/05/2017 10:52:27] >> ex0ep14200 mean: 223.74
[17/05/2017 10:52:27] >> ex0ep14300 mean: 267.18
[17/05/2017 10:52:27] >> ex0ep14400 mean: 213.49
[17/05/2017 10:52:27] >> ex0ep14500 mean: 224.63
[17/05/2017 10:52:27] >> ex0ep14600 mean: 223.56
[17/05/2017 10:52:27] >> ex0ep14700 mean: 232.56
[17/05/2017 10:52:27] >> ex0ep14800 mean: 214.7
[17/05/2017 10:52:27] >> ex0ep14900 mean: 221.58
[17/05/2017 10:52:27] >> ex0ep15000 mean: 216.0
[17/05/2017 10:52:27] >> ex0ep15100 mean: 199.13
[17/05/2017 10:52:28] >> ex0ep15200 mean: 188.0
[17/05/2017 10:52:28] >> ex0ep15300 mean: 211.75
[17/05/2017 10:52:28] >> ex0ep15400 mean: 189.68
[17/05/2017 10:52:28] >> ex0ep15500 mean: 238.11
[17/05/2017 10:52:28] >> ex0ep15600 mean: 200.4
[17/05/2017 10:52:28] >> ex0ep15700 mean: 179.17
[17/05/2017 10:52:28] >> ex0ep15800 mean: 189.36
[17/05/2017 10:52:28] >> ex0ep15900 mean: 188.34
[17/05/2017 10:52:28] >> ex0ep16000 mean: 233.46
[17/05/2017 10:52:28] >> ex0ep16100 mean: 183.64
[17/05/2017 10:52:28] >> ex0ep16200 mean: 193.23
[17/05/2017 10:52:28] >> ex0ep16300 mean: 213.61
[17/05/2017 10:52:28] >> ex0ep16400 mean: 166.18
[17/05/2017 10:52:28] >> ex0ep16500 mean: 207.03
[17/05/2017 10:52:28] >> ex0ep16600 mean: 150.3
[17/05/2017 10:52:28] >> ex0ep16700 mean: 186.8
[17/05/2017 10:52:28] >> ex0ep16800 mean: 179.39
[17/05/2017 10:52:28] >> ex0ep16900 mean: 202.51
[17/05/2017 10:52:28] >> ex0ep17000 mean: 161.92
[17/05/2017 10:52:28] >> ex0ep17100 mean: 215.21
[17/05/2017 10:52:28] >> ex0ep17200 mean: 159.78
[17/05/2017 10:52:28] >> ex0ep17300 mean: 165.35
[17/05/2017 10:52:28] >> ex0ep17400 mean: 172.52
[17/05/2017 10:52:28] >> ex0ep17500 mean: 167.7
[17/05/2017 10:52:28] >> ex0ep17600 mean: 177.15
[17/05/2017 10:52:28] >> ex0ep17700 mean: 163.4
[17/05/2017 10:52:28] >> ex0ep17800 mean: 176.47
[17/05/2017 10:52:28] >> ex0ep17900 mean: 161.75
[17/05/2017 10:52:28] >> ex0ep18000 mean: 151.65
[17/05/2017 10:52:28] >> ex0ep18100 mean: 163.47
[17/05/2017 10:52:28] >> ex0ep18200 mean: 169.49
[17/05/2017 10:52:28] >> ex0ep18300 mean: 173.1
[17/05/2017 10:52:28] >> ex0ep18400 mean: 169.26
[17/05/2017 10:52:28] >> ex0ep18500 mean: 191.52
[17/05/2017 10:52:28] >> ex0ep18600 mean: 190.67
[17/05/2017 10:52:28] >> ex0ep18700 mean: 167.58
[17/05/2017 10:52:28] >> ex0ep18800 mean: 156.07
[17/05/2017 10:52:28] >> ex0ep18900 mean: 170.76
[17/05/2017 10:52:28] >> ex0ep19000 mean: 160.64
[17/05/2017 10:52:28] >> ex0ep19100 mean: 161.71
[17/05/2017 10:52:28] >> ex0ep19200 mean: 150.44
[17/05/2017 10:52:28] >> ex0ep19300 mean: 156.82
[17/05/2017 10:52:28] >> ex0ep19400 mean: 153.24
[17/05/2017 10:52:28] >> ex0ep19500 mean: 146.33
[17/05/2017 10:52:29] >> ex0ep19600 mean: 188.83
[17/05/2017 10:52:29] >> ex0ep19700 mean: 140.06
[17/05/2017 10:52:29] >> ex0ep19800 mean: 141.98
[17/05/2017 10:52:29] >> ex0ep19900 mean: 162.54
[17/05/2017 10:52:29] >> ex0ep20000 mean: 160.56
[17/05/2017 10:52:29] >> ex0ep20100 mean: 168.48
[17/05/2017 10:52:29] >> ex0ep20200 mean: 151.11
[17/05/2017 10:52:29] >> ex0ep20300 mean: 182.26
[17/05/2017 10:52:29] >> ex0ep20400 mean: 183.41
[17/05/2017 10:52:29] >> ex0ep20500 mean: 159.75
[17/05/2017 10:52:29] >> ex0ep20600 mean: 135.3
[17/05/2017 10:52:29] >> ex0ep20700 mean: 166.76
[17/05/2017 10:52:29] >> ex0ep20800 mean: 165.19
[17/05/2017 10:52:29] >> ex0ep20900 mean: 184.12
[17/05/2017 10:52:29] >> ex0ep21000 mean: 156.94
[17/05/2017 10:52:29] >> ex0ep21100 mean: 132.25
[17/05/2017 10:52:29] >> ex0ep21200 mean: 135.9
[17/05/2017 10:52:29] >> ex0ep21300 mean: 126.5
[17/05/2017 10:52:29] >> ex0ep21400 mean: 127.92
[17/05/2017 10:52:29] >> ex0ep21500 mean: 174.39
[17/05/2017 10:52:29] >> ex0ep21600 mean: 170.2
[17/05/2017 10:52:29] >> ex0ep21700 mean: 165.06
[17/05/2017 10:52:29] >> ex0ep21800 mean: 150.99
[17/05/2017 10:52:29] >> ex0ep21900 mean: 138.15
[17/05/2017 10:52:29] >> ex0ep22000 mean: 123.94
[17/05/2017 10:52:29] >> ex0ep22100 mean: 141.48
[17/05/2017 10:52:29] >> ex0ep22200 mean: 151.99
[17/05/2017 10:52:29] >> ex0ep22300 mean: 111.51
[17/05/2017 10:52:29] >> ex0ep22400 mean: 119.89
[17/05/2017 10:52:29] >> ex0ep22500 mean: 131.26
[17/05/2017 10:52:29] >> ex0ep22600 mean: 146.6
[17/05/2017 10:52:29] >> ex0ep22700 mean: 152.88
[17/05/2017 10:52:29] >> ex0ep22800 mean: 136.59
[17/05/2017 10:52:29] >> ex0ep22900 mean: 154.25
[17/05/2017 10:52:29] >> ex0ep23000 mean: 142.92
[17/05/2017 10:52:29] >> ex0ep23100 mean: 133.29
[17/05/2017 10:52:29] >> ex0ep23200 mean: 131.31
[17/05/2017 10:52:29] >> ex0ep23300 mean: 121.84
[17/05/2017 10:52:29] >> ex0ep23400 mean: 145.49
[17/05/2017 10:52:29] >> ex0ep23500 mean: 121.34
[17/05/2017 10:52:29] >> ex0ep23600 mean: 133.59
[17/05/2017 10:52:29] >> ex0ep23700 mean: 120.07
[17/05/2017 10:52:29] >> ex0ep23800 mean: 135.98
[17/05/2017 10:52:29] >> ex0ep23900 mean: 117.16
[17/05/2017 10:52:29] >> ex0ep24000 mean: 122.85
[17/05/2017 10:52:29] >> ex0ep24100 mean: 139.66
[17/05/2017 10:52:29] >> ex0ep24200 mean: 120.77
[17/05/2017 10:52:29] >> ex0ep24300 mean: 119.55
[17/05/2017 10:52:29] >> ex0ep24400 mean: 137.56
[17/05/2017 10:52:29] >> ex0ep24500 mean: 127.14
[17/05/2017 10:52:29] >> ex0ep24600 mean: 130.22
[17/05/2017 10:52:29] >> ex0ep24700 mean: 134.73
[17/05/2017 10:52:29] >> ex0ep24800 mean: 118.9
[17/05/2017 10:52:30] >> ex0ep24900 mean: 120.31
[17/05/2017 10:52:30] >> ex0ep25000 mean: 155.39
[17/05/2017 10:52:30] >> ex0ep25100 mean: 128.94
[17/05/2017 10:52:30] >> ex0ep25200 mean: 131.9
[17/05/2017 10:52:30] >> ex0ep25300 mean: 136.81
[17/05/2017 10:52:30] >> ex0ep25400 mean: 112.6
[17/05/2017 10:52:30] >> ex0ep25500 mean: 128.95
[17/05/2017 10:52:30] >> ex0ep25600 mean: 109.25
[17/05/2017 10:52:30] >> ex0ep25700 mean: 139.33
[17/05/2017 10:52:30] >> ex0ep25800 mean: 124.67
[17/05/2017 10:52:30] >> ex0ep25900 mean: 102.21
[17/05/2017 10:52:30] >> ex0ep26000 mean: 120.57
[17/05/2017 10:52:30] >> ex0ep26100 mean: 103.92
[17/05/2017 10:52:30] >> ex0ep26200 mean: 116.31
[17/05/2017 10:52:30] >> ex0ep26300 mean: 119.84
[17/05/2017 10:52:30] >> ex0ep26400 mean: 128.66
[17/05/2017 10:52:30] >> ex0ep26500 mean: 141.09
[17/05/2017 10:52:30] >> ex0ep26600 mean: 96.86
[17/05/2017 10:52:30] >> ex0ep26700 mean: 105.46
[17/05/2017 10:52:30] >> ex0ep26800 mean: 128.5
[17/05/2017 10:52:30] >> ex0ep26900 mean: 111.94
[17/05/2017 10:52:30] >> ex0ep27000 mean: 120.98
[17/05/2017 10:52:30] >> ex0ep27100 mean: 125.33
[17/05/2017 10:52:30] >> ex0ep27200 mean: 118.42
[17/05/2017 10:52:30] >> ex0ep27300 mean: 89.74
[17/05/2017 10:52:30] >> ex0ep27400 mean: 123.19
[17/05/2017 10:52:30] >> ex0ep27500 mean: 112.42
[17/05/2017 10:52:30] >> ex0ep27600 mean: 118.29
[17/05/2017 10:52:30] >> ex0ep27700 mean: 128.9
[17/05/2017 10:52:30] >> ex0ep27800 mean: 125.82
[17/05/2017 10:52:30] >> ex0ep27900 mean: 131.49
[17/05/2017 10:52:30] >> ex0ep28000 mean: 108.13
[17/05/2017 10:52:30] >> ex0ep28100 mean: 104.07
[17/05/2017 10:52:30] >> ex0ep28200 mean: 116.35
[17/05/2017 10:52:30] >> ex0ep28300 mean: 116.24
[17/05/2017 10:52:30] >> ex0ep28400 mean: 113.55
[17/05/2017 10:52:30] >> ex0ep28500 mean: 122.85
[17/05/2017 10:52:30] >> ex0ep28600 mean: 86.84
[17/05/2017 10:52:30] >> ex0ep28700 mean: 92.97
[17/05/2017 10:52:30] >> ex0ep28800 mean: 119.94
[17/05/2017 10:52:30] >> ex0ep28900 mean: 95.57
[17/05/2017 10:52:30] >> ex0ep29000 mean: 106.31
[17/05/2017 10:52:30] >> ex0ep29100 mean: 142.44
[17/05/2017 10:52:30] >> ex0ep29200 mean: 110.19
[17/05/2017 10:52:30] >> ex0ep29300 mean: 121.9
[17/05/2017 10:52:30] >> ex0ep29400 mean: 96.87
[17/05/2017 10:52:30] >> ex0ep29500 mean: 100.74
[17/05/2017 10:52:30] >> ex0ep29600 mean: 111.3
[17/05/2017 10:52:30] >> ex0ep29700 mean: 135.17
[17/05/2017 10:52:30] >> ex0ep29800 mean: 116.91
[17/05/2017 10:52:30] >> ex0ep29900 mean: 118.88
[17/05/2017 10:52:30] >> ex0ep30000 mean: 102.17
[17/05/2017 10:52:30] >> ex0ep30100 mean: 114.87
[17/05/2017 10:52:30] >> ex0ep30200 mean: 103.66
[17/05/2017 10:52:30] >> ex0ep30300 mean: 103.88
[17/05/2017 10:52:30] >> ex0ep30400 mean: 98.11
[17/05/2017 10:52:30] >> ex0ep30500 mean: 101.75
[17/05/2017 10:52:30] >> ex0ep30600 mean: 109.1
[17/05/2017 10:52:30] >> ex0ep30700 mean: 111.79
[17/05/2017 10:52:30] >> ex0ep30800 mean: 87.25
[17/05/2017 10:52:30] >> ex0ep30900 mean: 92.57
[17/05/2017 10:52:30] >> ex0ep31000 mean: 99.2
[17/05/2017 10:52:30] >> ex0ep31100 mean: 115.24
[17/05/2017 10:52:31] >> ex0ep31200 mean: 101.73
[17/05/2017 10:52:31] >> ex0ep31300 mean: 106.01
[17/05/2017 10:52:31] >> ex0ep31400 mean: 114.34
[17/05/2017 10:52:31] >> ex0ep31500 mean: 104.97
[17/05/2017 10:52:31] >> ex0ep31600 mean: 125.24
[17/05/2017 10:52:31] >> ex0ep31700 mean: 108.05
[17/05/2017 10:52:31] >> ex0ep31800 mean: 116.36
[17/05/2017 10:52:31] >> ex0ep31900 mean: 94.06
[17/05/2017 10:52:31] >> ex0ep32000 mean: 110.88
[17/05/2017 10:52:31] >> ex0ep32100 mean: 100.1
[17/05/2017 10:52:31] >> ex0ep32200 mean: 87.02
[17/05/2017 10:52:31] >> ex0ep32300 mean: 105.95
[17/05/2017 10:52:31] >> ex0ep32400 mean: 106.38
[17/05/2017 10:52:31] >> ex0ep32500 mean: 126.65
[17/05/2017 10:52:31] >> ex0ep32600 mean: 101.85
[17/05/2017 10:52:31] >> ex0ep32700 mean: 106.21
[17/05/2017 10:52:31] >> ex0ep32800 mean: 100.9
[17/05/2017 10:52:31] >> ex0ep32900 mean: 109.47
[17/05/2017 10:52:31] >> ex0ep33000 mean: 102.69
[17/05/2017 10:52:31] >> ex0ep33100 mean: 133.66
[17/05/2017 10:52:31] >> ex0ep33200 mean: 108.3
[17/05/2017 10:52:31] >> ex0ep33300 mean: 107.57
[17/05/2017 10:52:31] >> ex0ep33400 mean: 107.72
[17/05/2017 10:52:31] >> ex0ep33500 mean: 106.09
[17/05/2017 10:52:31] >> ex0ep33600 mean: 89.08
[17/05/2017 10:52:31] >> ex0ep33700 mean: 100.0
[17/05/2017 10:52:31] >> ex0ep33800 mean: 107.16
[17/05/2017 10:52:31] >> ex0ep33900 mean: 83.53
[17/05/2017 10:52:31] >> ex0ep34000 mean: 107.27
[17/05/2017 10:52:31] >> ex0ep34100 mean: 92.92
[17/05/2017 10:52:31] >> ex0ep34200 mean: 90.73
[17/05/2017 10:52:31] >> ex0ep34300 mean: 101.73
[17/05/2017 10:52:31] >> ex0ep34400 mean: 107.05
[17/05/2017 10:52:31] >> ex0ep34500 mean: 83.62
[17/05/2017 10:52:31] >> ex0ep34600 mean: 114.93
[17/05/2017 10:52:31] >> ex0ep34700 mean: 101.76
[17/05/2017 10:52:31] >> ex0ep34800 mean: 109.89
[17/05/2017 10:52:31] >> ex0ep34900 mean: 104.33
[17/05/2017 10:52:31] >> ex0ep35000 mean: 91.67
[17/05/2017 10:52:31] >> ex0ep35100 mean: 93.65
[17/05/2017 10:52:31] >> ex0ep35200 mean: 99.25
[17/05/2017 10:52:31] >> ex0ep35300 mean: 102.41
[17/05/2017 10:52:31] >> ex0ep35400 mean: 92.75
[17/05/2017 10:52:31] >> ex0ep35500 mean: 92.98
[17/05/2017 10:52:31] >> ex0ep35600 mean: 79.2
[17/05/2017 10:52:31] >> ex0ep35700 mean: 98.35
[17/05/2017 10:52:31] >> ex0ep35800 mean: 88.49
[17/05/2017 10:52:31] >> ex0ep35900 mean: 95.99
[17/05/2017 10:52:31] >> ex0ep36000 mean: 103.27
[17/05/2017 10:52:31] >> ex0ep36100 mean: 103.37
[17/05/2017 10:52:31] >> ex0ep36200 mean: 77.42
[17/05/2017 10:52:31] >> ex0ep36300 mean: 97.89
[17/05/2017 10:52:31] >> ex0ep36400 mean: 87.86
[17/05/2017 10:52:31] >> ex0ep36500 mean: 93.69
[17/05/2017 10:52:31] >> ex0ep36600 mean: 90.35
[17/05/2017 10:52:31] >> ex0ep36700 mean: 85.62
[17/05/2017 10:52:31] >> ex0ep36800 mean: 94.5
[17/05/2017 10:52:31] >> ex0ep36900 mean: 91.25
[17/05/2017 10:52:31] >> ex0ep37000 mean: 107.1
[17/05/2017 10:52:31] >> ex0ep37100 mean: 95.09
[17/05/2017 10:52:31] >> ex0ep37200 mean: 97.61
[17/05/2017 10:52:31] >> ex0ep37300 mean: 98.22
[17/05/2017 10:52:31] >> ex0ep37400 mean: 95.22
[17/05/2017 10:52:31] >> ex0ep37500 mean: 86.1
[17/05/2017 10:52:31] >> ex0ep37600 mean: 103.89
[17/05/2017 10:52:31] >> ex0ep37700 mean: 90.91
[17/05/2017 10:52:31] >> ex0ep37800 mean: 81.45
[17/05/2017 10:52:31] >> ex0ep37900 mean: 92.57
[17/05/2017 10:52:31] >> ex0ep38000 mean: 103.89
[17/05/2017 10:52:32] >> ex0ep38100 mean: 95.31
[17/05/2017 10:52:32] >> ex0ep38200 mean: 93.41
[17/05/2017 10:52:32] >> ex0ep38300 mean: 101.77
[17/05/2017 10:52:32] >> ex0ep38400 mean: 96.91
[17/05/2017 10:52:32] >> ex0ep38500 mean: 88.94
[17/05/2017 10:52:32] >> ex0ep38600 mean: 97.71
[17/05/2017 10:52:32] >> ex0ep38700 mean: 96.44
[17/05/2017 10:52:32] >> ex0ep38800 mean: 94.52
[17/05/2017 10:52:32] >> ex0ep38900 mean: 80.23
[17/05/2017 10:52:32] >> ex0ep39000 mean: 70.38
[17/05/2017 10:52:32] >> ex0ep39100 mean: 93.92
[17/05/2017 10:52:32] >> ex0ep39200 mean: 95.95
[17/05/2017 10:52:32] >> ex0ep39300 mean: 75.22
[17/05/2017 10:52:32] >> ex0ep39400 mean: 86.11
[17/05/2017 10:52:32] >> ex0ep39500 mean: 110.62
[17/05/2017 10:52:32] >> ex0ep39600 mean: 93.91
[17/05/2017 10:52:32] >> ex0ep39700 mean: 102.39
[17/05/2017 10:52:32] >> ex0ep39800 mean: 84.03
[17/05/2017 10:52:32] >> ex0ep39900 mean: 99.23
[17/05/2017 10:52:32] >> ex0ep40000 mean: 87.55
[17/05/2017 10:52:32] >> ex0ep40100 mean: 82.23
[17/05/2017 10:52:32] >> ex0ep40200 mean: 100.41
[17/05/2017 10:52:32] >> ex0ep40300 mean: 93.33
[17/05/2017 10:52:32] >> ex0ep40400 mean: 90.19
[17/05/2017 10:52:32] >> ex0ep40500 mean: 95.08
[17/05/2017 10:52:32] >> ex0ep40600 mean: 81.23
[17/05/2017 10:52:32] >> ex0ep40700 mean: 90.11
[17/05/2017 10:52:32] >> ex0ep40800 mean: 75.11
[17/05/2017 10:52:32] >> ex0ep40900 mean: 84.03
[17/05/2017 10:52:32] >> ex0ep41000 mean: 92.29
[17/05/2017 10:52:32] >> ex0ep41100 mean: 100.15
[17/05/2017 10:52:32] >> ex0ep41200 mean: 88.18
[17/05/2017 10:52:32] >> ex0ep41300 mean: 84.47
[17/05/2017 10:52:32] >> ex0ep41400 mean: 81.74
[17/05/2017 10:52:32] >> ex0ep41500 mean: 80.44
[17/05/2017 10:52:32] >> ex0ep41600 mean: 80.25
[17/05/2017 10:52:32] >> ex0ep41700 mean: 71.43
[17/05/2017 10:52:32] >> ex0ep41800 mean: 86.79
[17/05/2017 10:52:32] >> ex0ep41900 mean: 85.08
[17/05/2017 10:52:32] >> ex0ep42000 mean: 78.72
[17/05/2017 10:52:32] >> ex0ep42100 mean: 81.13
[17/05/2017 10:52:32] >> ex0ep42200 mean: 82.61
[17/05/2017 10:52:32] >> ex0ep42300 mean: 79.5
[17/05/2017 10:52:32] >> ex0ep42400 mean: 88.46
[17/05/2017 10:52:32] >> ex0ep42500 mean: 89.92
[17/05/2017 10:52:32] >> ex0ep42600 mean: 88.78
[17/05/2017 10:52:32] >> ex0ep42700 mean: 77.74
[17/05/2017 10:52:32] >> ex0ep42800 mean: 86.42
[17/05/2017 10:52:32] >> ex0ep42900 mean: 78.82
[17/05/2017 10:52:32] >> ex0ep43000 mean: 84.02
[17/05/2017 10:52:32] >> ex0ep43100 mean: 89.64
[17/05/2017 10:52:32] >> ex0ep43200 mean: 82.55
[17/05/2017 10:52:32] >> ex0ep43300 mean: 74.12
[17/05/2017 10:52:32] >> ex0ep43400 mean: 92.17
[17/05/2017 10:52:32] >> ex0ep43500 mean: 92.04
[17/05/2017 10:52:32] >> ex0ep43600 mean: 84.91
[17/05/2017 10:52:32] >> ex0ep43700 mean: 69.08
[17/05/2017 10:52:32] >> ex0ep43800 mean: 90.45
[17/05/2017 10:52:32] >> ex0ep43900 mean: 93.31
[17/05/2017 10:52:32] >> ex0ep44000 mean: 88.85
[17/05/2017 10:52:32] >> ex0ep44100 mean: 66.86
[17/05/2017 10:52:32] >> ex0ep44200 mean: 76.66
[17/05/2017 10:52:32] >> ex0ep44300 mean: 81.11
[17/05/2017 10:52:32] >> ex0ep44400 mean: 80.61
[17/05/2017 10:52:32] >> ex0ep44500 mean: 101.27
[17/05/2017 10:52:32] >> ex0ep44600 mean: 81.53
[17/05/2017 10:52:32] >> ex0ep44700 mean: 94.92
[17/05/2017 10:52:32] >> ex0ep44800 mean: 76.97
[17/05/2017 10:52:32] >> ex0ep44900 mean: 75.35
[17/05/2017 10:52:32] >> ex0ep45000 mean: 76.42
[17/05/2017 10:52:32] >> ex0ep45100 mean: 78.03
[17/05/2017 10:52:32] >> ex0ep45200 mean: 72.6
[17/05/2017 10:52:32] >> ex0ep45300 mean: 88.83
[17/05/2017 10:52:32] >> ex0ep45400 mean: 76.81
[17/05/2017 10:52:32] >> ex0ep45500 mean: 76.59
[17/05/2017 10:52:32] >> ex0ep45600 mean: 77.68
[17/05/2017 10:52:32] >> ex0ep45700 mean: 68.37
[17/05/2017 10:52:32] >> ex0ep45800 mean: 75.02
[17/05/2017 10:52:32] >> ex0ep45900 mean: 85.75
[17/05/2017 10:52:32] >> ex0ep46000 mean: 83.47
[17/05/2017 10:52:33] >> ex0ep46100 mean: 76.06
[17/05/2017 10:52:33] >> ex0ep46200 mean: 78.19
[17/05/2017 10:52:33] >> ex0ep46300 mean: 80.85
[17/05/2017 10:52:33] >> ex0ep46400 mean: 82.6
[17/05/2017 10:52:33] >> ex0ep46500 mean: 72.8
[17/05/2017 10:52:33] >> ex0ep46600 mean: 77.67
[17/05/2017 10:52:33] >> ex0ep46700 mean: 88.86
[17/05/2017 10:52:33] >> ex0ep46800 mean: 72.75
[17/05/2017 10:52:33] >> ex0ep46900 mean: 81.87
[17/05/2017 10:52:33] >> ex0ep47000 mean: 80.15
[17/05/2017 10:52:33] >> ex0ep47100 mean: 77.09
[17/05/2017 10:52:33] >> ex0ep47200 mean: 83.05
[17/05/2017 10:52:33] >> ex0ep47300 mean: 82.71
[17/05/2017 10:52:33] >> ex0ep47400 mean: 81.11
[17/05/2017 10:52:33] >> ex0ep47500 mean: 82.37
[17/05/2017 10:52:33] >> ex0ep47600 mean: 83.91
[17/05/2017 10:52:33] >> ex0ep47700 mean: 67.31
[17/05/2017 10:52:33] >> ex0ep47800 mean: 71.15
[17/05/2017 10:52:33] >> ex0ep47900 mean: 81.5
[17/05/2017 10:52:33] >> ex0ep48000 mean: 91.53
[17/05/2017 10:52:33] >> ex0ep48100 mean: 72.77
[17/05/2017 10:52:33] >> ex0ep48200 mean: 84.95
[17/05/2017 10:52:33] >> ex0ep48300 mean: 76.14
[17/05/2017 10:52:33] >> ex0ep48400 mean: 78.57
[17/05/2017 10:52:33] >> ex0ep48500 mean: 70.56
[17/05/2017 10:52:33] >> ex0ep48600 mean: 77.89
[17/05/2017 10:52:33] >> ex0ep48700 mean: 75.82
[17/05/2017 10:52:33] >> ex0ep48800 mean: 66.32
[17/05/2017 10:52:33] >> ex0ep48900 mean: 74.17
[17/05/2017 10:52:33] >> ex0ep49000 mean: 81.95
[17/05/2017 10:52:33] >> ex0ep49100 mean: 74.47
[17/05/2017 10:52:33] >> ex0ep49200 mean: 79.96
[17/05/2017 10:52:33] >> ex0ep49300 mean: 81.05
[17/05/2017 10:52:33] >> ex0ep49400 mean: 74.31
[17/05/2017 10:52:33] >> ex0ep49500 mean: 85.08
[17/05/2017 10:52:33] >> ex0ep49600 mean: 79.13
[17/05/2017 10:52:33] >> ex0ep49700 mean: 72.2
[17/05/2017 10:52:33] >> ex0ep49800 mean: 69.36
[17/05/2017 10:52:33] >> ex0ep49900 mean: 73.92
[17/05/2017 10:52:33] >> ex0ep50000 mean: 73.6
[17/05/2017 10:52:33] >> ex0ep50100 mean: 80.1
[17/05/2017 10:52:33] >> ex0ep50200 mean: 82.23
[17/05/2017 10:52:33] >> ex0ep50300 mean: 80.25
[17/05/2017 10:52:33] >> ex0ep50400 mean: 69.68
[17/05/2017 10:52:33] >> ex0ep50500 mean: 76.21
[17/05/2017 10:52:33] >> ex0ep50600 mean: 69.55
[17/05/2017 10:52:33] >> ex0ep50700 mean: 70.15
[17/05/2017 10:52:33] >> ex0ep50800 mean: 82.85
[17/05/2017 10:52:33] >> ex0ep50900 mean: 74.16
[17/05/2017 10:52:33] >> ex0ep51000 mean: 83.94
[17/05/2017 10:52:33] >> ex0ep51100 mean: 83.34
[17/05/2017 10:52:33] >> ex0ep51200 mean: 76.76
[17/05/2017 10:52:33] >> ex0ep51300 mean: 68.34
[17/05/2017 10:52:33] >> ex0ep51400 mean: 62.19
[17/05/2017 10:52:33] >> ex0ep51500 mean: 68.93
[17/05/2017 10:52:33] >> ex0ep51600 mean: 72.61
[17/05/2017 10:52:33] >> ex0ep51700 mean: 80.26
[17/05/2017 10:52:33] >> ex0ep51800 mean: 68.02
[17/05/2017 10:52:33] >> ex0ep51900 mean: 80.29
[17/05/2017 10:52:33] >> ex0ep52000 mean: 63.93
[17/05/2017 10:52:33] >> ex0ep52100 mean: 67.13
[17/05/2017 10:52:33] >> ex0ep52200 mean: 80.51
[17/05/2017 10:52:33] >> ex0ep52300 mean: 72.25
[17/05/2017 10:52:33] >> ex0ep52400 mean: 77.42
[17/05/2017 10:52:33] >> ex0ep52500 mean: 74.19
[17/05/2017 10:52:33] >> ex0ep52600 mean: 70.27
[17/05/2017 10:52:33] >> ex0ep52700 mean: 81.22
[17/05/2017 10:52:33] >> ex0ep52800 mean: 72.08
[17/05/2017 10:52:33] >> ex0ep52900 mean: 68.65
[17/05/2017 10:52:33] >> ex0ep53000 mean: 72.72
[17/05/2017 10:52:33] >> ex0ep53100 mean: 62.86
[17/05/2017 10:52:33] >> ex0ep53200 mean: 73.78
[17/05/2017 10:52:33] >> ex0ep53300 mean: 73.25
[17/05/2017 10:52:33] >> ex0ep53400 mean: 73.11
[17/05/2017 10:52:33] >> ex0ep53500 mean: 77.66
[17/05/2017 10:52:33] >> ex0ep53600 mean: 73.1
[17/05/2017 10:52:33] >> ex0ep53700 mean: 74.93
[17/05/2017 10:52:33] >> ex0ep53800 mean: 66.81
[17/05/2017 10:52:33] >> ex0ep53900 mean: 66.98
[17/05/2017 10:52:33] >> ex0ep54000 mean: 74.73
[17/05/2017 10:52:33] >> ex0ep54100 mean: 80.28
[17/05/2017 10:52:33] >> ex0ep54200 mean: 67.54
[17/05/2017 10:52:33] >> ex0ep54300 mean: 65.55
[17/05/2017 10:52:33] >> ex0ep54400 mean: 73.99
[17/05/2017 10:52:33] >> ex0ep54500 mean: 70.95
[17/05/2017 10:52:33] >> ex0ep54600 mean: 67.27
[17/05/2017 10:52:33] >> ex0ep54700 mean: 64.61
[17/05/2017 10:52:33] >> ex0ep54800 mean: 84.29
[17/05/2017 10:52:33] >> ex0ep54900 mean: 59.4
[17/05/2017 10:52:33] >> ex0ep55000 mean: 74.98
[17/05/2017 10:52:34] >> ex0ep55100 mean: 67.52
[17/05/2017 10:52:34] >> ex0ep55200 mean: 68.12
[17/05/2017 10:52:34] >> ex0ep55300 mean: 64.67
[17/05/2017 10:52:34] >> ex0ep55400 mean: 67.86
[17/05/2017 10:52:34] >> ex0ep55500 mean: 69.12
[17/05/2017 10:52:34] >> ex0ep55600 mean: 66.09
[17/05/2017 10:52:34] >> ex0ep55700 mean: 83.76
[17/05/2017 10:52:34] >> ex0ep55800 mean: 76.66
[17/05/2017 10:52:34] >> ex0ep55900 mean: 75.15
[17/05/2017 10:52:34] >> ex0ep56000 mean: 65.26
[17/05/2017 10:52:34] >> ex0ep56100 mean: 85.71
[17/05/2017 10:52:34] >> ex0ep56200 mean: 66.04
[17/05/2017 10:52:34] >> ex0ep56300 mean: 77.87
[17/05/2017 10:52:34] >> ex0ep56400 mean: 75.14
[17/05/2017 10:52:34] >> ex0ep56500 mean: 64.83
[17/05/2017 10:52:34] >> ex0ep56600 mean: 63.24
[17/05/2017 10:52:34] >> ex0ep56700 mean: 69.05
[17/05/2017 10:52:34] >> ex0ep56800 mean: 56.84
[17/05/2017 10:52:34] >> ex0ep56900 mean: 68.39
[17/05/2017 10:52:34] >> ex0ep57000 mean: 75.87
[17/05/2017 10:52:34] >> ex0ep57100 mean: 62.72
[17/05/2017 10:52:34] >> ex0ep57200 mean: 63.59
[17/05/2017 10:52:34] >> ex0ep57300 mean: 59.59
[17/05/2017 10:52:34] >> ex0ep57400 mean: 71.2
[17/05/2017 10:52:34] >> ex0ep57500 mean: 74.42
[17/05/2017 10:52:34] >> ex0ep57600 mean: 73.53
[17/05/2017 10:52:34] >> ex0ep57700 mean: 63.51
[17/05/2017 10:52:34] >> ex0ep57800 mean: 70.35
[17/05/2017 10:52:34] >> ex0ep57900 mean: 62.41
[17/05/2017 10:52:34] >> ex0ep58000 mean: 71.63
[17/05/2017 10:52:34] >> ex0ep58100 mean: 76.93
[17/05/2017 10:52:34] >> ex0ep58200 mean: 67.73
[17/05/2017 10:52:34] >> ex0ep58300 mean: 67.19
[17/05/2017 10:52:34] >> ex0ep58400 mean: 71.58
[17/05/2017 10:52:34] >> ex0ep58500 mean: 65.93
[17/05/2017 10:52:34] >> ex0ep58600 mean: 69.6
[17/05/2017 10:52:34] >> ex0ep58700 mean: 68.95
[17/05/2017 10:52:34] >> ex0ep58800 mean: 55.49
[17/05/2017 10:52:34] >> ex0ep58900 mean: 61.0
[17/05/2017 10:52:34] >> ex0ep59000 mean: 62.9
[17/05/2017 10:52:34] >> ex0ep59100 mean: 61.16
[17/05/2017 10:52:34] >> ex0ep59200 mean: 68.35
[17/05/2017 10:52:34] >> ex0ep59300 mean: 69.9
[17/05/2017 10:52:34] >> ex0ep59400 mean: 61.61
[17/05/2017 10:52:34] >> ex0ep59500 mean: 68.47
[17/05/2017 10:52:34] >> ex0ep59600 mean: 70.35
[17/05/2017 10:52:34] >> ex0ep59700 mean: 69.27
[17/05/2017 10:52:34] >> ex0ep59800 mean: 62.68
[17/05/2017 10:52:34] >> ex0ep59900 mean: 70.21
[17/05/2017 10:52:34] >> ex0ep60000 mean: 68.67
[17/05/2017 10:52:34] >> ex0ep60100 mean: 75.33
[17/05/2017 10:52:34] >> ex0ep60200 mean: 67.37
[17/05/2017 10:52:34] >> ex0ep60300 mean: 57.71
[17/05/2017 10:52:34] >> ex0ep60400 mean: 69.0
[17/05/2017 10:52:34] >> ex0ep60500 mean: 62.81
[17/05/2017 10:52:34] >> ex0ep60600 mean: 74.75
[17/05/2017 10:52:34] >> ex0ep60700 mean: 55.73
[17/05/2017 10:52:34] >> ex0ep60800 mean: 53.46
[17/05/2017 10:52:34] >> ex0ep60900 mean: 59.35
[17/05/2017 10:52:34] >> ex0ep61000 mean: 70.77
[17/05/2017 10:52:34] >> ex0ep61100 mean: 68.5
[17/05/2017 10:52:34] >> ex0ep61200 mean: 69.06
[17/05/2017 10:52:34] >> ex0ep61300 mean: 67.26
[17/05/2017 10:52:34] >> ex0ep61400 mean: 65.23
[17/05/2017 10:52:34] >> ex0ep61500 mean: 57.69
[17/05/2017 10:52:34] >> ex0ep61600 mean: 68.83
[17/05/2017 10:52:34] >> ex0ep61700 mean: 61.57
[17/05/2017 10:52:34] >> ex0ep61800 mean: 71.53
[17/05/2017 10:52:34] >> ex0ep61900 mean: 59.14
[17/05/2017 10:52:34] >> ex0ep62000 mean: 53.89
[17/05/2017 10:52:34] >> ex0ep62100 mean: 65.97
[17/05/2017 10:52:34] >> ex0ep62200 mean: 58.3
[17/05/2017 10:52:34] >> ex0ep62300 mean: 55.54
[17/05/2017 10:52:34] >> ex0ep62400 mean: 59.33
[17/05/2017 10:52:34] >> ex0ep62500 mean: 59.55
[17/05/2017 10:52:34] >> ex0ep62600 mean: 51.49
[17/05/2017 10:52:34] >> ex0ep62700 mean: 60.43
[17/05/2017 10:52:34] >> ex0ep62800 mean: 61.01
[17/05/2017 10:52:34] >> ex0ep62900 mean: 63.48
[17/05/2017 10:52:34] >> ex0ep63000 mean: 60.61
[17/05/2017 10:52:34] >> ex0ep63100 mean: 60.75
[17/05/2017 10:52:34] >> ex0ep63200 mean: 59.55
[17/05/2017 10:52:34] >> ex0ep63300 mean: 59.93
[17/05/2017 10:52:34] >> ex0ep63400 mean: 66.61
[17/05/2017 10:52:34] >> ex0ep63500 mean: 61.09
[17/05/2017 10:52:34] >> ex0ep63600 mean: 62.11
[17/05/2017 10:52:34] >> ex0ep63700 mean: 63.38
[17/05/2017 10:52:34] >> ex0ep63800 mean: 60.37
[17/05/2017 10:52:34] >> ex0ep63900 mean: 64.5
[17/05/2017 10:52:34] >> ex0ep64000 mean: 55.1
[17/05/2017 10:52:34] >> ex0ep64100 mean: 65.71
[17/05/2017 10:52:34] >> ex0ep64200 mean: 61.13
[17/05/2017 10:52:34] >> ex0ep64300 mean: 62.65
[17/05/2017 10:52:34] >> ex0ep64400 mean: 61.47
[17/05/2017 10:52:34] >> ex0ep64500 mean: 62.66
[17/05/2017 10:52:34] >> ex0ep64600 mean: 65.31
[17/05/2017 10:52:34] >> ex0ep64700 mean: 64.61
[17/05/2017 10:52:35] >> ex0ep64800 mean: 58.19
[17/05/2017 10:52:35] >> ex0ep64900 mean: 65.52
[17/05/2017 10:52:35] >> ex0ep65000 mean: 67.81
[17/05/2017 10:52:35] >> ex0ep65100 mean: 67.0
[17/05/2017 10:52:35] >> ex0ep65200 mean: 75.26
[17/05/2017 10:52:35] >> ex0ep65300 mean: 70.42
[17/05/2017 10:52:35] >> ex0ep65400 mean: 59.66
[17/05/2017 10:52:35] >> ex0ep65500 mean: 56.44
[17/05/2017 10:52:35] >> ex0ep65600 mean: 53.74
[17/05/2017 10:52:35] >> ex0ep65700 mean: 52.98
[17/05/2017 10:52:35] >> ex0ep65800 mean: 61.21
[17/05/2017 10:52:35] >> ex0ep65900 mean: 60.31
[17/05/2017 10:52:35] >> ex0ep66000 mean: 56.48
[17/05/2017 10:52:35] >> ex0ep66100 mean: 60.81
[17/05/2017 10:52:35] >> ex0ep66200 mean: 63.44
[17/05/2017 10:52:35] >> ex0ep66300 mean: 65.16
[17/05/2017 10:52:35] >> ex0ep66400 mean: 54.21
[17/05/2017 10:52:35] >> ex0ep66500 mean: 61.82
[17/05/2017 10:52:35] >> ex0ep66600 mean: 63.89
[17/05/2017 10:52:35] >> ex0ep66700 mean: 56.83
[17/05/2017 10:52:35] >> ex0ep66800 mean: 55.59
[17/05/2017 10:52:35] >> ex0ep66900 mean: 64.44
[17/05/2017 10:52:35] >> ex0ep67000 mean: 62.98
[17/05/2017 10:52:35] >> ex0ep67100 mean: 57.11
[17/05/2017 10:52:35] >> ex0ep67200 mean: 61.81
[17/05/2017 10:52:35] >> ex0ep67300 mean: 56.08
[17/05/2017 10:52:35] >> ex0ep67400 mean: 61.71
[17/05/2017 10:52:35] >> ex0ep67500 mean: 55.33
[17/05/2017 10:52:35] >> ex0ep67600 mean: 69.33
[17/05/2017 10:52:35] >> ex0ep67700 mean: 54.7
[17/05/2017 10:52:35] >> ex0ep67800 mean: 51.94
[17/05/2017 10:52:35] >> ex0ep67900 mean: 52.83
[17/05/2017 10:52:35] >> ex0ep68000 mean: 63.86
[17/05/2017 10:52:35] >> ex0ep68100 mean: 60.65
[17/05/2017 10:52:35] >> ex0ep68200 mean: 53.98
[17/05/2017 10:52:35] >> ex0ep68300 mean: 62.21
[17/05/2017 10:52:35] >> ex0ep68400 mean: 64.98
[17/05/2017 10:52:35] >> ex0ep68500 mean: 64.56
[17/05/2017 10:52:35] >> ex0ep68600 mean: 60.42
[17/05/2017 10:52:35] >> ex0ep68700 mean: 54.34
[17/05/2017 10:52:35] >> ex0ep68800 mean: 56.77
[17/05/2017 10:52:35] >> ex0ep68900 mean: 57.68
[17/05/2017 10:52:35] >> ex0ep69000 mean: 69.19
[17/05/2017 10:52:35] >> ex0ep69100 mean: 59.87
[17/05/2017 10:52:35] >> ex0ep69200 mean: 56.56
[17/05/2017 10:52:35] >> ex0ep69300 mean: 61.89
[17/05/2017 10:52:35] >> ex0ep69400 mean: 58.59
[17/05/2017 10:52:35] >> ex0ep69500 mean: 58.16
[17/05/2017 10:52:35] >> ex0ep69600 mean: 71.11
[17/05/2017 10:52:35] >> ex0ep69700 mean: 69.27
[17/05/2017 10:52:35] >> ex0ep69800 mean: 54.31
[17/05/2017 10:52:35] >> ex0ep69900 mean: 62.14
[17/05/2017 10:52:35] >> ex0ep70000 mean: 58.08
[17/05/2017 10:52:35] >> ex0ep70100 mean: 56.85
[17/05/2017 10:52:35] >> ex0ep70200 mean: 54.56
[17/05/2017 10:52:35] >> ex0ep70300 mean: 60.41
[17/05/2017 10:52:35] >> ex0ep70400 mean: 64.98
[17/05/2017 10:52:35] >> ex0ep70500 mean: 61.83
[17/05/2017 10:52:35] >> ex0ep70600 mean: 59.02
[17/05/2017 10:52:35] >> ex0ep70700 mean: 61.9
[17/05/2017 10:52:35] >> ex0ep70800 mean: 56.61
[17/05/2017 10:52:35] >> ex0ep70900 mean: 59.58
[17/05/2017 10:52:35] >> ex0ep71000 mean: 58.5
[17/05/2017 10:52:35] >> ex0ep71100 mean: 58.79
[17/05/2017 10:52:35] >> ex0ep71200 mean: 65.75
[17/05/2017 10:52:35] >> ex0ep71300 mean: 64.78
[17/05/2017 10:52:35] >> ex0ep71400 mean: 67.03
[17/05/2017 10:52:35] >> ex0ep71500 mean: 52.06
[17/05/2017 10:52:35] >> ex0ep71600 mean: 57.72
[17/05/2017 10:52:35] >> ex0ep71700 mean: 54.9
[17/05/2017 10:52:35] >> ex0ep71800 mean: 59.22
[17/05/2017 10:52:35] >> ex0ep71900 mean: 56.74
[17/05/2017 10:52:35] >> ex0ep72000 mean: 51.61
[17/05/2017 10:52:35] >> ex0ep72100 mean: 55.28
[17/05/2017 10:52:35] >> ex0ep72200 mean: 56.22
[17/05/2017 10:52:35] >> ex0ep72300 mean: 59.54
[17/05/2017 10:52:35] >> ex0ep72400 mean: 57.93
[17/05/2017 10:52:35] >> ex0ep72500 mean: 47.62
[17/05/2017 10:52:35] >> ex0ep72600 mean: 67.56
[17/05/2017 10:52:35] >> ex0ep72700 mean: 60.46
[17/05/2017 10:52:35] >> ex0ep72800 mean: 58.88
[17/05/2017 10:52:35] >> ex0ep72900 mean: 58.28
[17/05/2017 10:52:35] >> ex0ep73000 mean: 54.06
[17/05/2017 10:52:35] >> ex0ep73100 mean: 53.89
[17/05/2017 10:52:35] >> ex0ep73200 mean: 61.15
[17/05/2017 10:52:35] >> ex0ep73300 mean: 55.96
[17/05/2017 10:52:35] >> ex0ep73400 mean: 61.82
[17/05/2017 10:52:35] >> ex0ep73500 mean: 62.04
[17/05/2017 10:52:35] >> ex0ep73600 mean: 59.08
[17/05/2017 10:52:35] >> ex0ep73700 mean: 55.69
[17/05/2017 10:52:35] >> ex0ep73800 mean: 56.15
[17/05/2017 10:52:35] >> ex0ep73900 mean: 54.07
[17/05/2017 10:52:35] >> ex0ep74000 mean: 53.37
[17/05/2017 10:52:35] >> ex0ep74100 mean: 52.25
[17/05/2017 10:52:35] >> ex0ep74200 mean: 51.61
[17/05/2017 10:52:35] >> ex0ep74300 mean: 61.3
[17/05/2017 10:52:35] >> ex0ep74400 mean: 60.39
[17/05/2017 10:52:35] >> ex0ep74500 mean: 56.91
[17/05/2017 10:52:35] >> ex0ep74600 mean: 50.25
[17/05/2017 10:52:35] >> ex0ep74700 mean: 60.63
[17/05/2017 10:52:35] >> ex0ep74800 mean: 59.81
[17/05/2017 10:52:35] >> ex0ep74900 mean: 52.73
[17/05/2017 10:52:36] >> ex0ep75000 mean: 58.28
[17/05/2017 10:52:36] >> ex0ep75100 mean: 54.22
[17/05/2017 10:52:36] >> ex0ep75200 mean: 64.49
[17/05/2017 10:52:36] >> ex0ep75300 mean: 61.23
[17/05/2017 10:52:36] >> ex0ep75400 mean: 56.89
[17/05/2017 10:52:36] >> ex0ep75500 mean: 52.05
[17/05/2017 10:52:36] >> ex0ep75600 mean: 56.39
[17/05/2017 10:52:36] >> ex0ep75700 mean: 55.68
[17/05/2017 10:52:36] >> ex0ep75800 mean: 51.41
[17/05/2017 10:52:36] >> ex0ep75900 mean: 60.3
[17/05/2017 10:52:36] >> ex0ep76000 mean: 54.77
[17/05/2017 10:52:36] >> ex0ep76100 mean: 52.27
[17/05/2017 10:52:36] >> ex0ep76200 mean: 61.43
[17/05/2017 10:52:36] >> ex0ep76300 mean: 50.98
[17/05/2017 10:52:36] >> ex0ep76400 mean: 61.35
[17/05/2017 10:52:36] >> ex0ep76500 mean: 53.42
[17/05/2017 10:52:36] >> ex0ep76600 mean: 54.51
[17/05/2017 10:52:36] >> ex0ep76700 mean: 59.12
[17/05/2017 10:52:36] >> ex0ep76800 mean: 58.17
[17/05/2017 10:52:36] >> ex0ep76900 mean: 55.11
[17/05/2017 10:52:36] >> ex0ep77000 mean: 53.07
[17/05/2017 10:52:36] >> ex0ep77100 mean: 56.1
[17/05/2017 10:52:36] >> ex0ep77200 mean: 55.52
[17/05/2017 10:52:36] >> ex0ep77300 mean: 52.16
[17/05/2017 10:52:36] >> ex0ep77400 mean: 55.67
[17/05/2017 10:52:36] >> ex0ep77500 mean: 63.29
[17/05/2017 10:52:36] >> ex0ep77600 mean: 57.25
[17/05/2017 10:52:36] >> ex0ep77700 mean: 61.01
[17/05/2017 10:52:36] >> ex0ep77800 mean: 56.92
[17/05/2017 10:52:36] >> ex0ep77900 mean: 59.45
[17/05/2017 10:52:36] >> ex0ep78000 mean: 50.62
[17/05/2017 10:52:36] >> ex0ep78100 mean: 55.79
[17/05/2017 10:52:36] >> ex0ep78200 mean: 52.16
[17/05/2017 10:52:36] >> ex0ep78300 mean: 61.47
[17/05/2017 10:52:36] >> ex0ep78400 mean: 60.88
[17/05/2017 10:52:36] >> ex0ep78500 mean: 52.76
[17/05/2017 10:52:36] >> ex0ep78600 mean: 63.09
[17/05/2017 10:52:36] >> ex0ep78700 mean: 61.12
[17/05/2017 10:52:36] >> ex0ep78800 mean: 59.01
[17/05/2017 10:52:36] >> ex0ep78900 mean: 44.84
[17/05/2017 10:52:36] >> ex0ep79000 mean: 57.18
[17/05/2017 10:52:36] >> ex0ep79100 mean: 58.09
[17/05/2017 10:52:36] >> ex0ep79200 mean: 53.42
[17/05/2017 10:52:36] >> ex0ep79300 mean: 48.96
[17/05/2017 10:52:36] >> ex0ep79400 mean: 45.23
[17/05/2017 10:52:36] >> ex0ep79500 mean: 54.12
[17/05/2017 10:52:36] >> ex0ep79600 mean: 58.79
[17/05/2017 10:52:36] >> ex0ep79700 mean: 53.91
[17/05/2017 10:52:36] >> ex0ep79800 mean: 55.06
[17/05/2017 10:52:36] >> ex0ep79900 mean: 56.09
[17/05/2017 10:52:36] >> ex0ep80000 mean: 58.46
[17/05/2017 10:52:36] >> ex0ep80100 mean: 51.85
[17/05/2017 10:52:36] >> ex0ep80200 mean: 49.29
[17/05/2017 10:52:36] >> ex0ep80300 mean: 52.25
[17/05/2017 10:52:36] >> ex0ep80400 mean: 58.29
[17/05/2017 10:52:36] >> ex0ep80500 mean: 57.04
[17/05/2017 10:52:36] >> ex0ep80600 mean: 65.57
[17/05/2017 10:52:36] >> ex0ep80700 mean: 62.8
[17/05/2017 10:52:36] >> ex0ep80800 mean: 55.67
[17/05/2017 10:52:36] >> ex0ep80900 mean: 47.44
[17/05/2017 10:52:36] >> ex0ep81000 mean: 50.99
[17/05/2017 10:52:36] >> ex0ep81100 mean: 62.49
[17/05/2017 10:52:36] >> ex0ep81200 mean: 55.88
[17/05/2017 10:52:36] >> ex0ep81300 mean: 54.79
[17/05/2017 10:52:36] >> ex0ep81400 mean: 52.62
[17/05/2017 10:52:36] >> ex0ep81500 mean: 57.2
[17/05/2017 10:52:36] >> ex0ep81600 mean: 56.36
[17/05/2017 10:52:36] >> ex0ep81700 mean: 49.75
[17/05/2017 10:52:36] >> ex0ep81800 mean: 58.32
[17/05/2017 10:52:36] >> ex0ep81900 mean: 56.96
[17/05/2017 10:52:36] >> ex0ep82000 mean: 53.94
[17/05/2017 10:52:36] >> ex0ep82100 mean: 51.79
[17/05/2017 10:52:36] >> ex0ep82200 mean: 48.83
[17/05/2017 10:52:36] >> ex0ep82300 mean: 55.27
[17/05/2017 10:52:36] >> ex0ep82400 mean: 59.25
[17/05/2017 10:52:36] >> ex0ep82500 mean: 50.52
[17/05/2017 10:52:36] >> ex0ep82600 mean: 49.29
[17/05/2017 10:52:36] >> ex0ep82700 mean: 61.42
[17/05/2017 10:52:36] >> ex0ep82800 mean: 53.64
[17/05/2017 10:52:36] >> ex0ep82900 mean: 50.86
[17/05/2017 10:52:36] >> ex0ep83000 mean: 54.72
[17/05/2017 10:52:36] >> ex0ep83100 mean: 59.27
[17/05/2017 10:52:36] >> ex0ep83200 mean: 55.29
[17/05/2017 10:52:36] >> ex0ep83300 mean: 55.29
[17/05/2017 10:52:36] >> ex0ep83400 mean: 50.25
[17/05/2017 10:52:36] >> ex0ep83500 mean: 55.08
[17/05/2017 10:52:36] >> ex0ep83600 mean: 58.02
[17/05/2017 10:52:36] >> ex0ep83700 mean: 50.77
[17/05/2017 10:52:36] >> ex0ep83800 mean: 49.62
[17/05/2017 10:52:36] >> ex0ep83900 mean: 55.35
[17/05/2017 10:52:36] >> ex0ep84000 mean: 53.84
[17/05/2017 10:52:36] >> ex0ep84100 mean: 51.34
[17/05/2017 10:52:36] >> ex0ep84200 mean: 50.71
[17/05/2017 10:52:36] >> ex0ep84300 mean: 52.01
[17/05/2017 10:52:36] >> ex0ep84400 mean: 54.06
[17/05/2017 10:52:36] >> ex0ep84500 mean: 50.6
[17/05/2017 10:52:36] >> ex0ep84600 mean: 54.79
[17/05/2017 10:52:36] >> ex0ep84700 mean: 49.95
[17/05/2017 10:52:36] >> ex0ep84800 mean: 49.84
[17/05/2017 10:52:36] >> ex0ep84900 mean: 51.49
[17/05/2017 10:52:36] >> ex0ep85000 mean: 51.16
[17/05/2017 10:52:36] >> ex0ep85100 mean: 50.45
[17/05/2017 10:52:36] >> ex0ep85200 mean: 56.47
[17/05/2017 10:52:36] >> ex0ep85300 mean: 58.25
[17/05/2017 10:52:36] >> ex0ep85400 mean: 54.01
[17/05/2017 10:52:36] >> ex0ep85500 mean: 50.38
[17/05/2017 10:52:36] >> ex0ep85600 mean: 48.53
[17/05/2017 10:52:37] >> ex0ep85700 mean: 49.19
[17/05/2017 10:52:37] >> ex0ep85800 mean: 53.91
[17/05/2017 10:52:37] >> ex0ep85900 mean: 49.68
[17/05/2017 10:52:37] >> ex0ep86000 mean: 51.89
[17/05/2017 10:52:37] >> ex0ep86100 mean: 47.02
[17/05/2017 10:52:37] >> ex0ep86200 mean: 53.75
[17/05/2017 10:52:37] >> ex0ep86300 mean: 51.96
[17/05/2017 10:52:37] >> ex0ep86400 mean: 55.1
[17/05/2017 10:52:37] >> ex0ep86500 mean: 49.02
[17/05/2017 10:52:37] >> ex0ep86600 mean: 46.93
[17/05/2017 10:52:37] >> ex0ep86700 mean: 51.32
[17/05/2017 10:52:37] >> ex0ep86800 mean: 54.21
[17/05/2017 10:52:37] >> ex0ep86900 mean: 53.92
[17/05/2017 10:52:37] >> ex0ep87000 mean: 59.85
[17/05/2017 10:52:37] >> ex0ep87100 mean: 54.0
[17/05/2017 10:52:37] >> ex0ep87200 mean: 55.14
[17/05/2017 10:52:37] >> ex0ep87300 mean: 57.17
[17/05/2017 10:52:37] >> ex0ep87400 mean: 49.59
[17/05/2017 10:52:37] >> ex0ep87500 mean: 56.74
[17/05/2017 10:52:37] >> ex0ep87600 mean: 47.56
[17/05/2017 10:52:37] >> ex0ep87700 mean: 55.14
[17/05/2017 10:52:37] >> ex0ep87800 mean: 47.26
[17/05/2017 10:52:37] >> ex0ep87900 mean: 51.88
[17/05/2017 10:52:37] >> ex0ep88000 mean: 51.99
[17/05/2017 10:52:37] >> ex0ep88100 mean: 43.55
[17/05/2017 10:52:37] >> ex0ep88200 mean: 53.03
[17/05/2017 10:52:37] >> ex0ep88300 mean: 53.54
[17/05/2017 10:52:37] >> ex0ep88400 mean: 50.91
[17/05/2017 10:52:37] >> ex0ep88500 mean: 49.69
[17/05/2017 10:52:37] >> ex0ep88600 mean: 45.89
[17/05/2017 10:52:37] >> ex0ep88700 mean: 51.79
[17/05/2017 10:52:37] >> ex0ep88800 mean: 50.37
[17/05/2017 10:52:37] >> ex0ep88900 mean: 45.89
[17/05/2017 10:52:37] >> ex0ep89000 mean: 45.3
[17/05/2017 10:52:37] >> ex0ep89100 mean: 54.89
[17/05/2017 10:52:37] >> ex0ep89200 mean: 47.71
[17/05/2017 10:52:37] >> ex0ep89300 mean: 55.82
[17/05/2017 10:52:37] >> ex0ep89400 mean: 51.55
[17/05/2017 10:52:37] >> ex0ep89500 mean: 49.22
[17/05/2017 10:52:37] >> ex0ep89600 mean: 48.14
[17/05/2017 10:52:37] >> ex0ep89700 mean: 56.34
[17/05/2017 10:52:37] >> ex0ep89800 mean: 55.12
[17/05/2017 10:52:37] >> ex0ep89900 mean: 46.48
[17/05/2017 10:52:37] >> ex0ep90000 mean: 49.24
[17/05/2017 10:52:37] >> ex0ep90100 mean: 53.0
[17/05/2017 10:52:37] >> ex0ep90200 mean: 48.78
[17/05/2017 10:52:37] >> ex0ep90300 mean: 52.5
[17/05/2017 10:52:37] >> ex0ep90400 mean: 51.32
[17/05/2017 10:52:37] >> ex0ep90500 mean: 50.29
[17/05/2017 10:52:37] >> ex0ep90600 mean: 46.14
[17/05/2017 10:52:37] >> ex0ep90700 mean: 51.2
[17/05/2017 10:52:37] >> ex0ep90800 mean: 54.77
[17/05/2017 10:52:37] >> ex0ep90900 mean: 52.22
[17/05/2017 10:52:37] >> ex0ep91000 mean: 45.07
[17/05/2017 10:52:37] >> ex0ep91100 mean: 44.98
[17/05/2017 10:52:37] >> ex0ep91200 mean: 54.65
[17/05/2017 10:52:37] >> ex0ep91300 mean: 47.37
[17/05/2017 10:52:37] >> ex0ep91400 mean: 48.67
[17/05/2017 10:52:37] >> ex0ep91500 mean: 48.13
[17/05/2017 10:52:37] >> ex0ep91600 mean: 59.58
[17/05/2017 10:52:37] >> ex0ep91700 mean: 46.98
[17/05/2017 10:52:37] >> ex0ep91800 mean: 48.69
[17/05/2017 10:52:37] >> ex0ep91900 mean: 49.06
[17/05/2017 10:52:37] >> ex0ep92000 mean: 47.99
[17/05/2017 10:52:37] >> ex0ep92100 mean: 55.05
[17/05/2017 10:52:37] >> ex0ep92200 mean: 52.42
[17/05/2017 10:52:37] >> ex0ep92300 mean: 56.1
[17/05/2017 10:52:37] >> ex0ep92400 mean: 53.38
[17/05/2017 10:52:37] >> ex0ep92500 mean: 51.92
[17/05/2017 10:52:37] >> ex0ep92600 mean: 46.21
[17/05/2017 10:52:37] >> ex0ep92700 mean: 50.16
[17/05/2017 10:52:37] >> ex0ep92800 mean: 49.22
[17/05/2017 10:52:37] >> ex0ep92900 mean: 52.2
[17/05/2017 10:52:37] >> ex0ep93000 mean: 50.14
[17/05/2017 10:52:37] >> ex0ep93100 mean: 50.78
[17/05/2017 10:52:37] >> ex0ep93200 mean: 44.58
[17/05/2017 10:52:37] >> ex0ep93300 mean: 48.4
[17/05/2017 10:52:37] >> ex0ep93400 mean: 51.09
[17/05/2017 10:52:37] >> ex0ep93500 mean: 49.49
[17/05/2017 10:52:37] >> ex0ep93600 mean: 51.81
[17/05/2017 10:52:37] >> ex0ep93700 mean: 50.22
[17/05/2017 10:52:37] >> ex0ep93800 mean: 49.34
[17/05/2017 10:52:37] >> ex0ep93900 mean: 51.9
[17/05/2017 10:52:37] >> ex0ep94000 mean: 44.21
[17/05/2017 10:52:37] >> ex0ep94100 mean: 52.32
[17/05/2017 10:52:37] >> ex0ep94200 mean: 50.35
[17/05/2017 10:52:37] >> ex0ep94300 mean: 46.79
[17/05/2017 10:52:37] >> ex0ep94400 mean: 43.93
[17/05/2017 10:52:37] >> ex0ep94500 mean: 45.75
[17/05/2017 10:52:37] >> ex0ep94600 mean: 53.09
[17/05/2017 10:52:37] >> ex0ep94700 mean: 49.74
[17/05/2017 10:52:37] >> ex0ep94800 mean: 46.66
[17/05/2017 10:52:37] >> ex0ep94900 mean: 47.71
[17/05/2017 10:52:37] >> ex0ep95000 mean: 49.22
[17/05/2017 10:52:37] >> ex0ep95100 mean: 51.38
[17/05/2017 10:52:37] >> ex0ep95200 mean: 48.33
[17/05/2017 10:52:37] >> ex0ep95300 mean: 46.87
[17/05/2017 10:52:37] >> ex0ep95400 mean: 47.97
[17/05/2017 10:52:37] >> ex0ep95500 mean: 46.13
[17/05/2017 10:52:37] >> ex0ep95600 mean: 53.07
[17/05/2017 10:52:37] >> ex0ep95700 mean: 43.25
[17/05/2017 10:52:37] >> ex0ep95800 mean: 47.32
[17/05/2017 10:52:37] >> ex0ep95900 mean: 50.31
[17/05/2017 10:52:38] >> ex0ep96000 mean: 50.74
[17/05/2017 10:52:38] >> ex0ep96100 mean: 49.57
[17/05/2017 10:52:38] >> ex0ep96200 mean: 47.87
[17/05/2017 10:52:38] >> ex0ep96300 mean: 47.62
[17/05/2017 10:52:38] >> ex0ep96400 mean: 45.65
[17/05/2017 10:52:38] >> ex0ep96500 mean: 50.11
[17/05/2017 10:52:38] >> ex0ep96600 mean: 51.33
[17/05/2017 10:52:38] >> ex0ep96700 mean: 49.45
[17/05/2017 10:52:38] >> ex0ep96800 mean: 43.99
[17/05/2017 10:52:38] >> ex0ep96900 mean: 46.37
[17/05/2017 10:52:38] >> ex0ep97000 mean: 51.94
[17/05/2017 10:52:38] >> ex0ep97100 mean: 48.87
[17/05/2017 10:52:38] >> ex0ep97200 mean: 48.4
[17/05/2017 10:52:38] >> ex0ep97300 mean: 52.12
[17/05/2017 10:52:38] >> ex0ep97400 mean: 47.06
[17/05/2017 10:52:38] >> ex0ep97500 mean: 53.63
[17/05/2017 10:52:38] >> ex0ep97600 mean: 44.79
[17/05/2017 10:52:38] >> ex0ep97700 mean: 50.28
[17/05/2017 10:52:38] >> ex0ep97800 mean: 48.7
[17/05/2017 10:52:38] >> ex0ep97900 mean: 52.77
[17/05/2017 10:52:38] >> ex0ep98000 mean: 48.1
[17/05/2017 10:52:38] >> ex0ep98100 mean: 46.37
[17/05/2017 10:52:38] >> ex0ep98200 mean: 46.54
[17/05/2017 10:52:38] >> ex0ep98300 mean: 48.33
[17/05/2017 10:52:38] >> ex0ep98400 mean: 45.35
[17/05/2017 10:52:38] >> ex0ep98500 mean: 54.79
[17/05/2017 10:52:38] >> ex0ep98600 mean: 50.16
[17/05/2017 10:52:38] >> ex0ep98700 mean: 52.01
[17/05/2017 10:52:38] >> ex0ep98800 mean: 54.09
[17/05/2017 10:52:38] >> ex0ep98900 mean: 48.58
[17/05/2017 10:52:38] >> ex0ep99000 mean: 45.22
[17/05/2017 10:52:38] >> ex0ep99100 mean: 48.01
[17/05/2017 10:52:38] >> ex0ep99200 mean: 48.88
[17/05/2017 10:52:38] >> ex0ep99300 mean: 52.6
[17/05/2017 10:52:38] >> ex0ep99400 mean: 44.67
[17/05/2017 10:52:38] >> ex0ep99500 mean: 51.56
[17/05/2017 10:52:38] >> ex0ep99600 mean: 52.68
[17/05/2017 10:52:38] >> ex0ep99700 mean: 47.57
[17/05/2017 10:52:38] >> ex0ep99800 mean: 46.65
[17/05/2017 10:52:38] >> ex0ep99900 mean: 54.93
[17/05/2017 10:52:38] >> ex0ep100000 mean: 43.47
[17/05/2017 10:52:38] >> ex0ep100100 mean: 48.14
[17/05/2017 10:52:38] >> ex0ep100200 mean: 50.01
[17/05/2017 10:52:38] >> ex0ep100300 mean: 47.66
[17/05/2017 10:52:38] >> ex0ep100400 mean: 50.51
[17/05/2017 10:52:38] >> ex0ep100500 mean: 47.32
[17/05/2017 10:52:38] >> ex0ep100600 mean: 53.09
[17/05/2017 10:52:38] >> ex0ep100700 mean: 48.15
[17/05/2017 10:52:38] >> ex0ep100800 mean: 51.25
[17/05/2017 10:52:38] >> ex0ep100900 mean: 49.67
[17/05/2017 10:52:38] >> ex0ep101000 mean: 42.51
[17/05/2017 10:52:38] >> ex0ep101100 mean: 39.99
[17/05/2017 10:52:38] >> ex0ep101200 mean: 50.83
[17/05/2017 10:52:38] >> ex0ep101300 mean: 44.81
[17/05/2017 10:52:38] >> ex0ep101400 mean: 48.24
[17/05/2017 10:52:38] >> ex0ep101500 mean: 53.55
[17/05/2017 10:52:38] >> ex0ep101600 mean: 46.95
[17/05/2017 10:52:38] >> ex0ep101700 mean: 47.6
[17/05/2017 10:52:38] >> ex0ep101800 mean: 49.43
[17/05/2017 10:52:38] >> ex0ep101900 mean: 50.4
[17/05/2017 10:52:38] >> ex0ep102000 mean: 50.32
[17/05/2017 10:52:38] >> ex0ep102100 mean: 43.51
[17/05/2017 10:52:38] >> ex0ep102200 mean: 41.11
[17/05/2017 10:52:38] >> ex0ep102300 mean: 46.96
[17/05/2017 10:52:38] >> ex0ep102400 mean: 45.56
[17/05/2017 10:52:38] >> ex0ep102500 mean: 49.79
[17/05/2017 10:52:38] >> ex0ep102600 mean: 50.44
[17/05/2017 10:52:38] >> ex0ep102700 mean: 49.7
[17/05/2017 10:52:38] >> ex0ep102800 mean: 50.67
[17/05/2017 10:52:38] >> ex0ep102900 mean: 51.25
[17/05/2017 10:52:38] >> ex0ep103000 mean: 47.27
[17/05/2017 10:52:38] >> ex0ep103100 mean: 44.76
[17/05/2017 10:52:38] >> ex0ep103200 mean: 44.94
[17/05/2017 10:52:38] >> ex0ep103300 mean: 44.92
[17/05/2017 10:52:38] >> ex0ep103400 mean: 46.46
[17/05/2017 10:52:38] >> ex0ep103500 mean: 45.66
[17/05/2017 10:52:38] >> ex0ep103600 mean: 47.79
[17/05/2017 10:52:38] >> ex0ep103700 mean: 43.74
[17/05/2017 10:52:38] >> ex0ep103800 mean: 48.24
[17/05/2017 10:52:38] >> ex0ep103900 mean: 48.39
[17/05/2017 10:52:38] >> ex0ep104000 mean: 44.44
[17/05/2017 10:52:38] >> ex0ep104100 mean: 45.08
[17/05/2017 10:52:38] >> ex0ep104200 mean: 47.68
[17/05/2017 10:52:38] >> ex0ep104300 mean: 48.41
[17/05/2017 10:52:38] >> ex0ep104400 mean: 47.49
[17/05/2017 10:52:38] >> ex0ep104500 mean: 46.16
[17/05/2017 10:52:38] >> ex0ep104600 mean: 45.99
[17/05/2017 10:52:38] >> ex0ep104700 mean: 47.11
[17/05/2017 10:52:38] >> ex0ep104800 mean: 50.79
[17/05/2017 10:52:38] >> ex0ep104900 mean: 49.25
[17/05/2017 10:52:38] >> ex0ep105000 mean: 44.96
[17/05/2017 10:52:38] >> ex0ep105100 mean: 42.95
[17/05/2017 10:52:38] >> ex0ep105200 mean: 45.35
[17/05/2017 10:52:38] >> ex0ep105300 mean: 48.76
[17/05/2017 10:52:38] >> ex0ep105400 mean: 52.22
[17/05/2017 10:52:38] >> ex0ep105500 mean: 48.41
[17/05/2017 10:52:38] >> ex0ep105600 mean: 46.39
[17/05/2017 10:52:38] >> ex0ep105700 mean: 44.0
[17/05/2017 10:52:38] >> ex0ep105800 mean: 49.54
[17/05/2017 10:52:38] >> ex0ep105900 mean: 46.9
[17/05/2017 10:52:38] >> ex0ep106000 mean: 41.46
[17/05/2017 10:52:38] >> ex0ep106100 mean: 53.81
[17/05/2017 10:52:38] >> ex0ep106200 mean: 49.47
[17/05/2017 10:52:38] >> ex0ep106300 mean: 49.59
[17/05/2017 10:52:38] >> ex0ep106400 mean: 44.83
[17/05/2017 10:52:38] >> ex0ep106500 mean: 46.39
[17/05/2017 10:52:38] >> ex0ep106600 mean: 47.61
[17/05/2017 10:52:38] >> ex0ep106700 mean: 45.15
[17/05/2017 10:52:38] >> ex0ep106800 mean: 49.66
[17/05/2017 10:52:38] >> ex0ep106900 mean: 47.82
[17/05/2017 10:52:38] >> ex0ep107000 mean: 43.83
[17/05/2017 10:52:38] >> ex0ep107100 mean: 45.15
[17/05/2017 10:52:39] >> ex0ep107200 mean: 46.53
[17/05/2017 10:52:39] >> ex0ep107300 mean: 47.39
[17/05/2017 10:52:39] >> ex0ep107400 mean: 44.28
[17/05/2017 10:52:39] >> ex0ep107500 mean: 43.25
[17/05/2017 10:52:39] >> ex0ep107600 mean: 48.48
[17/05/2017 10:52:39] >> ex0ep107700 mean: 44.55
[17/05/2017 10:52:39] >> ex0ep107800 mean: 50.58
[17/05/2017 10:52:39] >> ex0ep107900 mean: 49.07
[17/05/2017 10:52:39] >> ex0ep108000 mean: 47.22
[17/05/2017 10:52:39] >> ex0ep108100 mean: 47.16
[17/05/2017 10:52:39] >> ex0ep108200 mean: 50.78
[17/05/2017 10:52:39] >> ex0ep108300 mean: 42.88
[17/05/2017 10:52:39] >> ex0ep108400 mean: 45.21
[17/05/2017 10:52:39] >> ex0ep108500 mean: 50.87
[17/05/2017 10:52:39] >> ex0ep108600 mean: 53.37
[17/05/2017 10:52:39] >> ex0ep108700 mean: 44.06
[17/05/2017 10:52:39] >> ex0ep108800 mean: 46.78
[17/05/2017 10:52:39] >> ex0ep108900 mean: 54.0
[17/05/2017 10:52:39] >> ex0ep109000 mean: 47.23
[17/05/2017 10:52:39] >> ex0ep109100 mean: 45.76
[17/05/2017 10:52:39] >> ex0ep109200 mean: 44.82
[17/05/2017 10:52:39] >> ex0ep109300 mean: 47.58
[17/05/2017 10:52:39] >> ex0ep109400 mean: 45.09
[17/05/2017 10:52:39] >> ex0ep109500 mean: 44.2
[17/05/2017 10:52:39] >> ex0ep109600 mean: 44.71
[17/05/2017 10:52:39] >> ex0ep109700 mean: 46.26
[17/05/2017 10:52:39] >> ex0ep109800 mean: 43.05
[17/05/2017 10:52:39] >> ex0ep109900 mean: 46.64
[17/05/2017 10:52:39] >> ex0ep110000 mean: 45.06
[17/05/2017 10:52:39] >> ex0ep110100 mean: 45.47
[17/05/2017 10:52:39] >> ex0ep110200 mean: 45.99
[17/05/2017 10:52:39] >> ex0ep110300 mean: 47.15
[17/05/2017 10:52:39] >> ex0ep110400 mean: 46.82
[17/05/2017 10:52:39] >> ex0ep110500 mean: 46.93
[17/05/2017 10:52:39] >> ex0ep110600 mean: 47.22
[17/05/2017 10:52:39] >> ex0ep110700 mean: 45.26
[17/05/2017 10:52:39] >> ex0ep110800 mean: 47.94
[17/05/2017 10:52:39] >> ex0ep110900 mean: 50.85
[17/05/2017 10:52:39] >> ex0ep111000 mean: 44.23
[17/05/2017 10:52:39] >> ex0ep111100 mean: 50.18
[17/05/2017 10:52:39] >> ex0ep111200 mean: 50.72
[17/05/2017 10:52:39] >> ex0ep111300 mean: 42.81
[17/05/2017 10:52:39] >> ex0ep111400 mean: 46.82
[17/05/2017 10:52:39] >> ex0ep111500 mean: 49.05
[17/05/2017 10:52:39] >> ex0ep111600 mean: 51.57
[17/05/2017 10:52:39] >> ex0ep111700 mean: 42.73
[17/05/2017 10:52:39] >> ex0ep111800 mean: 47.53
[17/05/2017 10:52:39] >> ex0ep111900 mean: 45.31
[17/05/2017 10:52:39] >> ex0ep112000 mean: 45.56
[17/05/2017 10:52:39] >> ex0ep112100 mean: 48.02
[17/05/2017 10:52:39] >> ex0ep112200 mean: 43.02
[17/05/2017 10:52:39] >> ex0ep112300 mean: 43.81
[17/05/2017 10:52:39] >> ex0ep112400 mean: 45.07
[17/05/2017 10:52:39] >> ex0ep112500 mean: 48.05
[17/05/2017 10:52:39] >> ex0ep112600 mean: 44.06
[17/05/2017 10:52:39] >> ex0ep112700 mean: 49.55
[17/05/2017 10:52:39] >> ex0ep112800 mean: 47.51
[17/05/2017 10:52:39] >> ex0ep112900 mean: 48.49
[17/05/2017 10:52:39] >> ex0ep113000 mean: 49.58
[17/05/2017 10:52:39] >> ex0ep113100 mean: 45.23
[17/05/2017 10:52:39] >> ex0ep113200 mean: 50.14
[17/05/2017 10:52:39] >> ex0ep113300 mean: 41.59
[17/05/2017 10:52:39] >> ex0ep113400 mean: 50.88
[17/05/2017 10:52:39] >> ex0ep113500 mean: 45.37
[17/05/2017 10:52:39] >> ex0ep113600 mean: 44.19
[17/05/2017 10:52:39] >> ex0ep113700 mean: 48.47
[17/05/2017 10:52:39] >> ex0ep113800 mean: 50.76
[17/05/2017 10:52:39] >> ex0ep113900 mean: 42.96
[17/05/2017 10:52:39] >> ex0ep114000 mean: 50.75
[17/05/2017 10:52:39] >> ex0ep114100 mean: 47.77
[17/05/2017 10:52:39] >> ex0ep114200 mean: 48.07
[17/05/2017 10:52:39] >> ex0ep114300 mean: 45.58
[17/05/2017 10:52:39] >> ex0ep114400 mean: 45.41
[17/05/2017 10:52:39] >> ex0ep114500 mean: 46.13
[17/05/2017 10:52:39] >> ex0ep114600 mean: 44.16
[17/05/2017 10:52:39] >> ex0ep114700 mean: 44.92
[17/05/2017 10:52:39] >> ex0ep114800 mean: 48.43
[17/05/2017 10:52:39] >> ex0ep114900 mean: 41.19
[17/05/2017 10:52:39] >> ex0ep115000 mean: 46.04
[17/05/2017 10:52:39] >> ex0ep115100 mean: 43.69
[17/05/2017 10:52:39] >> ex0ep115200 mean: 43.76
[17/05/2017 10:52:39] >> ex0ep115300 mean: 46.28
[17/05/2017 10:52:39] >> ex0ep115400 mean: 44.2
[17/05/2017 10:52:39] >> ex0ep115500 mean: 46.74
[17/05/2017 10:52:39] >> ex0ep115600 mean: 46.79
[17/05/2017 10:52:39] >> ex0ep115700 mean: 44.87
[17/05/2017 10:52:39] >> ex0ep115800 mean: 47.96
[17/05/2017 10:52:39] >> ex0ep115900 mean: 44.16
[17/05/2017 10:52:39] >> ex0ep116000 mean: 49.78
[17/05/2017 10:52:39] >> ex0ep116100 mean: 46.95
[17/05/2017 10:52:39] >> ex0ep116200 mean: 49.25
[17/05/2017 10:52:39] >> ex0ep116300 mean: 52.63
[17/05/2017 10:52:39] >> ex0ep116400 mean: 42.45
[17/05/2017 10:52:39] >> ex0ep116500 mean: 46.49
[17/05/2017 10:52:39] >> ex0ep116600 mean: 44.7
[17/05/2017 10:52:39] >> ex0ep116700 mean: 45.01
[17/05/2017 10:52:39] >> ex0ep116800 mean: 43.09
[17/05/2017 10:52:39] >> ex0ep116900 mean: 45.87
[17/05/2017 10:52:39] >> ex0ep117000 mean: 46.31
[17/05/2017 10:52:39] >> ex0ep117100 mean: 46.05
[17/05/2017 10:52:39] >> ex0ep117200 mean: 46.66
[17/05/2017 10:52:39] >> ex0ep117300 mean: 41.86
[17/05/2017 10:52:39] >> ex0ep117400 mean: 43.13
[17/05/2017 10:52:39] >> ex0ep117500 mean: 48.65
[17/05/2017 10:52:39] >> ex0ep117600 mean: 47.55
[17/05/2017 10:52:39] >> ex0ep117700 mean: 49.48
[17/05/2017 10:52:39] >> ex0ep117800 mean: 44.49
[17/05/2017 10:52:39] >> ex0ep117900 mean: 47.37
[17/05/2017 10:52:39] >> ex0ep118000 mean: 45.61
[17/05/2017 10:52:39] >> ex0ep118100 mean: 46.35
[17/05/2017 10:52:39] >> ex0ep118200 mean: 45.4
[17/05/2017 10:52:39] >> ex0ep118300 mean: 48.92
[17/05/2017 10:52:39] >> ex0ep118400 mean: 45.07
[17/05/2017 10:52:39] >> ex0ep118500 mean: 45.83
[17/05/2017 10:52:39] >> ex0ep118600 mean: 49.27
[17/05/2017 10:52:40] >> ex0ep118700 mean: 46.71
[17/05/2017 10:52:40] >> ex0ep118800 mean: 43.16
[17/05/2017 10:52:40] >> ex0ep118900 mean: 47.79
[17/05/2017 10:52:40] >> ex0ep119000 mean: 45.46
[17/05/2017 10:52:40] >> ex0ep119100 mean: 44.79
[17/05/2017 10:52:40] >> ex0ep119200 mean: 50.94
[17/05/2017 10:52:40] >> ex0ep119300 mean: 41.82
[17/05/2017 10:52:40] >> ex0ep119400 mean: 41.27
[17/05/2017 10:52:40] >> ex0ep119500 mean: 43.39
[17/05/2017 10:52:40] >> ex0ep119600 mean: 43.69
[17/05/2017 10:52:40] >> ex0ep119700 mean: 42.65
[17/05/2017 10:52:40] >> ex0ep119800 mean: 48.95
[17/05/2017 10:52:40] >> ex0ep119900 mean: 49.62
[17/05/2017 10:52:40] >> ex0ep120000 mean: 41.46
[17/05/2017 10:52:40] >> ex0ep120100 mean: 42.71
[17/05/2017 10:52:40] >> ex0ep120200 mean: 45.89
[17/05/2017 10:52:40] >> ex0ep120300 mean: 47.89
[17/05/2017 10:52:40] >> ex0ep120400 mean: 51.5
[17/05/2017 10:52:40] >> ex0ep120500 mean: 45.76
[17/05/2017 10:52:40] >> ex0ep120600 mean: 43.22
[17/05/2017 10:52:40] >> ex0ep120700 mean: 43.84
[17/05/2017 10:52:40] >> ex0ep120800 mean: 47.8
[17/05/2017 10:52:40] >> ex0ep120900 mean: 44.26
[17/05/2017 10:52:40] >> ex0ep121000 mean: 44.02
[17/05/2017 10:52:40] >> ex0ep121100 mean: 45.45
[17/05/2017 10:52:40] >> ex0ep121200 mean: 46.92
[17/05/2017 10:52:40] >> ex0ep121300 mean: 42.94
[17/05/2017 10:52:40] >> ex0ep121400 mean: 49.21
[17/05/2017 10:52:40] >> ex0ep121500 mean: 41.99
[17/05/2017 10:52:40] >> ex0ep121600 mean: 42.57
[17/05/2017 10:52:40] >> ex0ep121700 mean: 46.84
[17/05/2017 10:52:40] >> ex0ep121800 mean: 50.48
[17/05/2017 10:52:40] >> ex0ep121900 mean: 46.44
[17/05/2017 10:52:40] >> ex0ep122000 mean: 44.04
[17/05/2017 10:52:40] >> ex0ep122100 mean: 47.48
[17/05/2017 10:52:40] >> ex0ep122200 mean: 41.81
[17/05/2017 10:52:40] >> ex0ep122300 mean: 47.95
[17/05/2017 10:52:40] >> ex0ep122400 mean: 46.99
[17/05/2017 10:52:40] >> ex0ep122500 mean: 45.83
[17/05/2017 10:52:40] >> ex0ep122600 mean: 44.03
[17/05/2017 10:52:40] >> ex0ep122700 mean: 43.01
[17/05/2017 10:52:40] >> ex0ep122800 mean: 42.17
[17/05/2017 10:52:40] >> ex0ep122900 mean: 44.53
[17/05/2017 10:52:40] >> ex0ep123000 mean: 43.88
[17/05/2017 10:52:40] >> ex0ep123100 mean: 46.29
[17/05/2017 10:52:40] >> ex0ep123200 mean: 46.8
[17/05/2017 10:52:40] >> ex0ep123300 mean: 46.07
[17/05/2017 10:52:40] >> ex0ep123400 mean: 47.18
[17/05/2017 10:52:40] >> ex0ep123500 mean: 51.39
[17/05/2017 10:52:40] >> ex0ep123600 mean: 41.7
[17/05/2017 10:52:40] >> ex0ep123700 mean: 44.49
[17/05/2017 10:52:40] >> ex0ep123800 mean: 48.42
[17/05/2017 10:52:40] >> ex0ep123900 mean: 53.45
[17/05/2017 10:52:40] >> ex0ep124000 mean: 45.75
[17/05/2017 10:52:40] >> ex0ep124100 mean: 47.45
[17/05/2017 10:52:40] >> ex0ep124200 mean: 43.88
[17/05/2017 10:52:40] >> ex0ep124300 mean: 46.66
[17/05/2017 10:52:40] >> ex0ep124400 mean: 47.39
[17/05/2017 10:52:40] >> ex0ep124500 mean: 54.24
[17/05/2017 10:52:40] >> ex0ep124600 mean: 49.15
[17/05/2017 10:52:40] >> ex0ep124700 mean: 42.8
[17/05/2017 10:52:40] >> ex0ep124800 mean: 44.82
[17/05/2017 10:52:40] >> ex0ep124900 mean: 54.04
[17/05/2017 10:52:40] >> ex0ep125000 mean: 40.55
[17/05/2017 10:52:40] >> ex0ep125100 mean: 49.15
[17/05/2017 10:52:40] >> ex0ep125200 mean: 42.32
[17/05/2017 10:52:40] >> ex0ep125300 mean: 47.17
[17/05/2017 10:52:40] >> ex0ep125400 mean: 50.1
[17/05/2017 10:52:40] >> ex0ep125500 mean: 47.05
[17/05/2017 10:52:40] >> ex0ep125600 mean: 40.89
[17/05/2017 10:52:40] >> ex0ep125700 mean: 44.32
[17/05/2017 10:52:40] >> ex0ep125800 mean: 45.6
[17/05/2017 10:52:40] >> ex0ep125900 mean: 44.55
[17/05/2017 10:52:40] >> ex0ep126000 mean: 44.34
[17/05/2017 10:52:40] >> ex0ep126100 mean: 44.89
[17/05/2017 10:52:40] >> ex0ep126200 mean: 42.4
[17/05/2017 10:52:40] >> ex0ep126300 mean: 48.14
[17/05/2017 10:52:40] >> ex0ep126400 mean: 44.29
[17/05/2017 10:52:40] >> ex0ep126500 mean: 45.6
[17/05/2017 10:52:40] >> ex0ep126600 mean: 45.76
[17/05/2017 10:52:40] >> ex0ep126700 mean: 45.45
[17/05/2017 10:52:40] >> ex0ep126800 mean: 45.82
[17/05/2017 10:52:40] >> ex0ep126900 mean: 48.11
[17/05/2017 10:52:40] >> ex0ep127000 mean: 44.32
[17/05/2017 10:52:40] >> ex0ep127100 mean: 41.33
[17/05/2017 10:52:40] >> ex0ep127200 mean: 46.88
[17/05/2017 10:52:40] >> ex0ep127300 mean: 45.86
[17/05/2017 10:52:40] >> ex0ep127400 mean: 38.47
[17/05/2017 10:52:40] >> ex0ep127500 mean: 48.42
[17/05/2017 10:52:40] >> ex0ep127600 mean: 44.52
[17/05/2017 10:52:40] >> ex0ep127700 mean: 48.67
[17/05/2017 10:52:40] >> ex0ep127800 mean: 49.14
[17/05/2017 10:52:40] >> ex0ep127900 mean: 45.56
[17/05/2017 10:52:40] >> ex0ep128000 mean: 43.37
[17/05/2017 10:52:40] >> ex0ep128100 mean: 47.47
[17/05/2017 10:52:40] >> ex0ep128200 mean: 46.23
[17/05/2017 10:52:40] >> ex0ep128300 mean: 44.86
[17/05/2017 10:52:40] >> ex0ep128400 mean: 47.95
[17/05/2017 10:52:40] >> ex0ep128500 mean: 39.84
[17/05/2017 10:52:40] >> ex0ep128600 mean: 41.1
[17/05/2017 10:52:40] >> ex0ep128700 mean: 44.49
[17/05/2017 10:52:40] >> ex0ep128800 mean: 48.52
[17/05/2017 10:52:40] >> ex0ep128900 mean: 45.72
[17/05/2017 10:52:40] >> ex0ep129000 mean: 49.26
[17/05/2017 10:52:40] >> ex0ep129100 mean: 50.19
[17/05/2017 10:52:40] >> ex0ep129200 mean: 44.54
[17/05/2017 10:52:40] >> ex0ep129300 mean: 49.14
[17/05/2017 10:52:40] >> ex0ep129400 mean: 42.25
[17/05/2017 10:52:40] >> ex0ep129500 mean: 41.39
[17/05/2017 10:52:40] >> ex0ep129600 mean: 45.12
[17/05/2017 10:52:40] >> ex0ep129700 mean: 44.81
[17/05/2017 10:52:40] >> ex0ep129800 mean: 47.65
[17/05/2017 10:52:40] >> ex0ep129900 mean: 45.82
[17/05/2017 10:52:40] >> ex0ep130000 mean: 43.73
[17/05/2017 10:52:40] >> ex0ep130100 mean: 42.56
[17/05/2017 10:52:40] >> ex0ep130200 mean: 47.22
[17/05/2017 10:52:40] >> ex0ep130300 mean: 45.39
[17/05/2017 10:52:41] >> ex0ep130400 mean: 45.07
[17/05/2017 10:52:41] >> ex0ep130500 mean: 44.23
[17/05/2017 10:52:41] >> ex0ep130600 mean: 45.23
[17/05/2017 10:52:41] >> ex0ep130700 mean: 46.86
[17/05/2017 10:52:41] >> ex0ep130800 mean: 40.77
[17/05/2017 10:52:41] >> ex0ep130900 mean: 45.64
[17/05/2017 10:52:41] >> ex0ep131000 mean: 43.68
[17/05/2017 10:52:41] >> ex0ep131100 mean: 44.16
[17/05/2017 10:52:41] >> ex0ep131200 mean: 43.46
[17/05/2017 10:52:41] >> ex0ep131300 mean: 51.44
[17/05/2017 10:52:41] >> ex0ep131400 mean: 52.4
[17/05/2017 10:52:41] >> ex0ep131500 mean: 46.33
[17/05/2017 10:52:41] >> ex0ep131600 mean: 43.96
[17/05/2017 10:52:41] >> ex0ep131700 mean: 45.82
[17/05/2017 10:52:41] >> ex0ep131800 mean: 44.45
[17/05/2017 10:52:41] >> ex0ep131900 mean: 40.72
[17/05/2017 10:52:41] >> ex0ep132000 mean: 52.2
[17/05/2017 10:52:41] >> ex0ep132100 mean: 47.71
[17/05/2017 10:52:41] >> ex0ep132200 mean: 42.36
[17/05/2017 10:52:41] >> ex0ep132300 mean: 45.83
[17/05/2017 10:52:41] >> ex0ep132400 mean: 46.95
[17/05/2017 10:52:41] >> ex0ep132500 mean: 40.73
[17/05/2017 10:52:41] >> ex0ep132600 mean: 44.28
[17/05/2017 10:52:41] >> ex0ep132700 mean: 45.49
[17/05/2017 10:52:41] >> ex0ep132800 mean: 47.03
[17/05/2017 10:52:41] >> ex0ep132900 mean: 46.91
[17/05/2017 10:52:41] >> ex0ep133000 mean: 45.78
[17/05/2017 10:52:41] >> ex0ep133100 mean: 46.36
[17/05/2017 10:52:41] >> ex0ep133200 mean: 47.09
[17/05/2017 10:52:41] >> ex0ep133300 mean: 46.71
[17/05/2017 10:52:41] >> ex0ep133400 mean: 45.07
[17/05/2017 10:52:41] >> ex0ep133500 mean: 46.0
[17/05/2017 10:52:41] >> ex0ep133600 mean: 48.89
[17/05/2017 10:52:41] >> ex0ep133700 mean: 45.0
[17/05/2017 10:52:41] >> ex0ep133800 mean: 45.86
[17/05/2017 10:52:41] >> ex0ep133900 mean: 44.33
[17/05/2017 10:52:41] >> ex0ep134000 mean: 46.67
[17/05/2017 10:52:41] >> ex0ep134100 mean: 43.73
[17/05/2017 10:52:41] >> ex0ep134200 mean: 42.23
[17/05/2017 10:52:41] >> ex0ep134300 mean: 45.41
[17/05/2017 10:52:41] >> ex0ep134400 mean: 46.1
[17/05/2017 10:52:41] >> ex0ep134500 mean: 42.54
[17/05/2017 10:52:41] >> ex0ep134600 mean: 42.77
[17/05/2017 10:52:41] >> ex0ep134700 mean: 44.07
[17/05/2017 10:52:41] >> ex0ep134800 mean: 47.48
[17/05/2017 10:52:41] >> ex0ep134900 mean: 44.84
[17/05/2017 10:52:41] >> ex0ep135000 mean: 48.24
[17/05/2017 10:52:41] >> ex0ep135100 mean: 37.76
[17/05/2017 10:52:41] >> ex0ep135200 mean: 43.2
[17/05/2017 10:52:41] >> ex0ep135300 mean: 46.88
[17/05/2017 10:52:41] >> ex0ep135400 mean: 47.09
[17/05/2017 10:52:41] >> ex0ep135500 mean: 42.71
[17/05/2017 10:52:41] >> ex0ep135600 mean: 45.43
[17/05/2017 10:52:41] >> ex0ep135700 mean: 50.37
[17/05/2017 10:52:41] >> ex0ep135800 mean: 44.79
[17/05/2017 10:52:41] >> ex0ep135900 mean: 45.22
[17/05/2017 10:52:41] >> ex0ep136000 mean: 49.05
[17/05/2017 10:52:41] >> ex0ep136100 mean: 45.48
[17/05/2017 10:52:41] >> ex0ep136200 mean: 41.78
[17/05/2017 10:52:41] >> ex0ep136300 mean: 45.04
[17/05/2017 10:52:41] >> ex0ep136400 mean: 45.28
[17/05/2017 10:52:41] >> ex0ep136500 mean: 41.12
[17/05/2017 10:52:41] >> ex0ep136600 mean: 44.11
[17/05/2017 10:52:41] >> ex0ep136700 mean: 43.93
[17/05/2017 10:52:41] >> ex0ep136800 mean: 45.29
[17/05/2017 10:52:41] >> ex0ep136900 mean: 48.68
[17/05/2017 10:52:41] >> ex0ep137000 mean: 47.55
[17/05/2017 10:52:41] >> ex0ep137100 mean: 44.74
[17/05/2017 10:52:41] >> ex0ep137200 mean: 47.66
[17/05/2017 10:52:41] >> ex0ep137300 mean: 43.46
[17/05/2017 10:52:41] >> ex0ep137400 mean: 43.65
[17/05/2017 10:52:41] >> ex0ep137500 mean: 47.39
[17/05/2017 10:52:41] >> ex0ep137600 mean: 42.27
[17/05/2017 10:52:41] >> ex0ep137700 mean: 45.94
[17/05/2017 10:52:41] >> ex0ep137800 mean: 42.04
[17/05/2017 10:52:41] >> ex0ep137900 mean: 42.48
[17/05/2017 10:52:41] >> ex0ep138000 mean: 43.37
[17/05/2017 10:52:41] >> ex0ep138100 mean: 46.36
[17/05/2017 10:52:41] >> ex0ep138200 mean: 48.94
[17/05/2017 10:52:41] >> ex0ep138300 mean: 44.16
[17/05/2017 10:52:41] >> ex0ep138400 mean: 42.34
[17/05/2017 10:52:41] >> ex0ep138500 mean: 44.46
[17/05/2017 10:52:41] >> ex0ep138600 mean: 44.09
[17/05/2017 10:52:41] >> ex0ep138700 mean: 42.93
[17/05/2017 10:52:41] >> ex0ep138800 mean: 43.68
[17/05/2017 10:52:41] >> ex0ep138900 mean: 44.04
[17/05/2017 10:52:41] >> ex0ep139000 mean: 42.33
[17/05/2017 10:52:41] >> ex0ep139100 mean: 49.8
[17/05/2017 10:52:41] >> ex0ep139200 mean: 43.89
[17/05/2017 10:52:41] >> ex0ep139300 mean: 43.26
[17/05/2017 10:52:41] >> ex0ep139400 mean: 42.69
[17/05/2017 10:52:41] >> ex0ep139500 mean: 43.95
[17/05/2017 10:52:41] >> ex0ep139600 mean: 47.67
[17/05/2017 10:52:41] >> ex0ep139700 mean: 46.47
[17/05/2017 10:52:41] >> ex0ep139800 mean: 42.29
[17/05/2017 10:52:41] >> ex0ep139900 mean: 41.85
[17/05/2017 10:52:41] >> ex0ep140000 mean: 44.45
[17/05/2017 10:52:41] >> ex0ep140100 mean: 49.04
[17/05/2017 10:52:41] >> ex0ep140200 mean: 41.88
[17/05/2017 10:52:41] >> ex0ep140300 mean: 44.91
[17/05/2017 10:52:41] >> ex0ep140400 mean: 44.93
[17/05/2017 10:52:41] >> ex0ep140500 mean: 46.33
[17/05/2017 10:52:41] >> ex0ep140600 mean: 43.56
[17/05/2017 10:52:41] >> ex0ep140700 mean: 42.98
[17/05/2017 10:52:41] >> ex0ep140800 mean: 48.76
[17/05/2017 10:52:41] >> ex0ep140900 mean: 47.03
[17/05/2017 10:52:41] >> ex0ep141000 mean: 41.49
[17/05/2017 10:52:41] >> ex0ep141100 mean: 46.25
[17/05/2017 10:52:41] >> ex0ep141200 mean: 43.86
[17/05/2017 10:52:41] >> ex0ep141300 mean: 43.87
[17/05/2017 10:52:41] >> ex0ep141400 mean: 49.2
[17/05/2017 10:52:41] >> ex0ep141500 mean: 43.54
[17/05/2017 10:52:41] >> ex0ep141600 mean: 50.41
[17/05/2017 10:52:41] >> ex0ep141700 mean: 45.92
[17/05/2017 10:52:41] >> ex0ep141800 mean: 41.51
[17/05/2017 10:52:41] >> ex0ep141900 mean: 46.67
[17/05/2017 10:52:41] >> ex0ep142000 mean: 40.61
[17/05/2017 10:52:41] >> ex0ep142100 mean: 44.04
[17/05/2017 10:52:41] >> ex0ep142200 mean: 44.35
[17/05/2017 10:52:42] >> ex0ep142300 mean: 45.82
[17/05/2017 10:52:42] >> ex0ep142400 mean: 44.4
[17/05/2017 10:52:42] >> ex0ep142500 mean: 45.72
[17/05/2017 10:52:42] >> ex0ep142600 mean: 44.17
[17/05/2017 10:52:42] >> ex0ep142700 mean: 47.73
[17/05/2017 10:52:42] >> ex0ep142800 mean: 41.55
[17/05/2017 10:52:42] >> ex0ep142900 mean: 44.27
[17/05/2017 10:52:42] >> ex0ep143000 mean: 40.66
[17/05/2017 10:52:42] >> ex0ep143100 mean: 48.63
[17/05/2017 10:52:42] >> ex0ep143200 mean: 47.53
[17/05/2017 10:52:42] >> ex0ep143300 mean: 45.28
[17/05/2017 10:52:42] >> ex0ep143400 mean: 44.07
[17/05/2017 10:52:42] >> ex0ep143500 mean: 41.91
[17/05/2017 10:52:42] >> ex0ep143600 mean: 43.78
[17/05/2017 10:52:42] >> ex0ep143700 mean: 43.91
[17/05/2017 10:52:42] >> ex0ep143800 mean: 44.63
[17/05/2017 10:52:42] >> ex0ep143900 mean: 41.93
[17/05/2017 10:52:42] >> ex0ep144000 mean: 45.44
[17/05/2017 10:52:42] >> ex0ep144100 mean: 45.47
[17/05/2017 10:52:42] >> ex0ep144200 mean: 44.3
[17/05/2017 10:52:42] >> ex0ep144300 mean: 47.01
[17/05/2017 10:52:42] >> ex0ep144400 mean: 46.49
[17/05/2017 10:52:42] >> ex0ep144500 mean: 42.73
[17/05/2017 10:52:42] >> ex0ep144600 mean: 41.24
[17/05/2017 10:52:42] >> ex0ep144700 mean: 44.14
[17/05/2017 10:52:42] >> ex0ep144800 mean: 43.54
[17/05/2017 10:52:42] >> ex0ep144900 mean: 46.27
[17/05/2017 10:52:42] >> ex0ep145000 mean: 42.59
[17/05/2017 10:52:42] >> ex0ep145100 mean: 47.67
[17/05/2017 10:52:42] >> ex0ep145200 mean: 41.85
[17/05/2017 10:52:42] >> ex0ep145300 mean: 41.3
[17/05/2017 10:52:42] >> ex0ep145400 mean: 42.8
[17/05/2017 10:52:42] >> ex0ep145500 mean: 44.1
[17/05/2017 10:52:42] >> ex0ep145600 mean: 40.13
[17/05/2017 10:52:42] >> ex0ep145700 mean: 48.68
[17/05/2017 10:52:42] >> ex0ep145800 mean: 45.15
[17/05/2017 10:52:42] >> ex0ep145900 mean: 40.96
[17/05/2017 10:52:42] >> ex0ep146000 mean: 44.24
[17/05/2017 10:52:42] >> ex0ep146100 mean: 49.06
[17/05/2017 10:52:42] >> ex0ep146200 mean: 42.56
[17/05/2017 10:52:42] >> ex0ep146300 mean: 46.76
[17/05/2017 10:52:42] >> ex0ep146400 mean: 42.03
[17/05/2017 10:52:42] >> ex0ep146500 mean: 46.83
[17/05/2017 10:52:42] >> ex0ep146600 mean: 42.34
[17/05/2017 10:52:42] >> ex0ep146700 mean: 45.09
[17/05/2017 10:52:42] >> ex0ep146800 mean: 41.74
[17/05/2017 10:52:42] >> ex0ep146900 mean: 46.43
[17/05/2017 10:52:42] >> ex0ep147000 mean: 44.91
[17/05/2017 10:52:42] >> ex0ep147100 mean: 47.42
[17/05/2017 10:52:42] >> ex0ep147200 mean: 45.09
[17/05/2017 10:52:42] >> ex0ep147300 mean: 47.14
[17/05/2017 10:52:42] >> ex0ep147400 mean: 44.46
[17/05/2017 10:52:42] >> ex0ep147500 mean: 43.99
[17/05/2017 10:52:42] >> ex0ep147600 mean: 43.75
[17/05/2017 10:52:42] >> ex0ep147700 mean: 45.78
[17/05/2017 10:52:42] >> ex0ep147800 mean: 38.64
[17/05/2017 10:52:42] >> ex0ep147900 mean: 46.47
[17/05/2017 10:52:42] >> ex0ep148000 mean: 49.04
[17/05/2017 10:52:42] >> ex0ep148100 mean: 50.67
[17/05/2017 10:52:42] >> ex0ep148200 mean: 50.13
[17/05/2017 10:52:42] >> ex0ep148300 mean: 47.2
[17/05/2017 10:52:42] >> ex0ep148400 mean: 46.81
[17/05/2017 10:52:42] >> ex0ep148500 mean: 44.91
[17/05/2017 10:52:42] >> ex0ep148600 mean: 43.11
[17/05/2017 10:52:42] >> ex0ep148700 mean: 41.02
[17/05/2017 10:52:42] >> ex0ep148800 mean: 45.68
[17/05/2017 10:52:42] >> ex0ep148900 mean: 45.26
[17/05/2017 10:52:42] >> ex0ep149000 mean: 42.05
[17/05/2017 10:52:42] >> ex0ep149100 mean: 44.86
[17/05/2017 10:52:42] >> ex0ep149200 mean: 41.94
[17/05/2017 10:52:42] >> ex0ep149300 mean: 48.2
[17/05/2017 10:52:42] >> ex0ep149400 mean: 38.29
[17/05/2017 10:52:42] >> ex0ep149500 mean: 40.53
[17/05/2017 10:52:42] >> ex0ep149600 mean: 46.31
[17/05/2017 10:52:42] >> ex0ep149700 mean: 43.69
[17/05/2017 10:52:42] >> ex0ep149800 mean: 40.55
[17/05/2017 10:52:42] >> ex0ep149900 mean: 44.38
[17/05/2017 10:52:42] >> ex0ep150000 mean: 46.06
[17/05/2017 10:52:42] >> ex0ep150100 mean: 44.91
[17/05/2017 10:52:42] >> ex0ep150200 mean: 49.36
[17/05/2017 10:52:42] >> ex0ep150300 mean: 42.19
[17/05/2017 10:52:42] >> ex0ep150400 mean: 48.17
[17/05/2017 10:52:42] >> ex0ep150500 mean: 46.54
[17/05/2017 10:52:42] >> ex0ep150600 mean: 43.09
[17/05/2017 10:52:42] >> ex0ep150700 mean: 41.91
[17/05/2017 10:52:42] >> ex0ep150800 mean: 41.58
[17/05/2017 10:52:42] >> ex0ep150900 mean: 39.83
[17/05/2017 10:52:42] >> ex0ep151000 mean: 44.22
[17/05/2017 10:52:42] >> ex0ep151100 mean: 41.41
[17/05/2017 10:52:42] >> ex0ep151200 mean: 42.41
[17/05/2017 10:52:42] >> ex0ep151300 mean: 44.97
[17/05/2017 10:52:42] >> ex0ep151400 mean: 45.15
[17/05/2017 10:52:42] >> ex0ep151500 mean: 44.23
[17/05/2017 10:52:42] >> ex0ep151600 mean: 42.91
[17/05/2017 10:52:42] >> ex0ep151700 mean: 41.99
[17/05/2017 10:52:42] >> ex0ep151800 mean: 43.27
[17/05/2017 10:52:42] >> ex0ep151900 mean: 41.75
[17/05/2017 10:52:42] >> ex0ep152000 mean: 44.14
[17/05/2017 10:52:42] >> ex0ep152100 mean: 46.3
[17/05/2017 10:52:42] >> ex0ep152200 mean: 45.69
[17/05/2017 10:52:42] >> ex0ep152300 mean: 44.5
[17/05/2017 10:52:42] >> ex0ep152400 mean: 45.16
[17/05/2017 10:52:42] >> ex0ep152500 mean: 38.2
[17/05/2017 10:52:42] >> ex0ep152600 mean: 45.23
[17/05/2017 10:52:42] >> ex0ep152700 mean: 43.33
[17/05/2017 10:52:42] >> ex0ep152800 mean: 46.28
[17/05/2017 10:52:42] >> ex0ep152900 mean: 41.46
[17/05/2017 10:52:42] >> ex0ep153000 mean: 43.25
[17/05/2017 10:52:42] >> ex0ep153100 mean: 45.19
[17/05/2017 10:52:42] >> ex0ep153200 mean: 45.13
[17/05/2017 10:52:42] >> ex0ep153300 mean: 47.42
[17/05/2017 10:52:42] >> ex0ep153400 mean: 45.5
[17/05/2017 10:52:42] >> ex0ep153500 mean: 44.37
[17/05/2017 10:52:42] >> ex0ep153600 mean: 41.06
[17/05/2017 10:52:42] >> ex0ep153700 mean: 40.43
[17/05/2017 10:52:42] >> ex0ep153800 mean: 38.78
[17/05/2017 10:52:42] >> ex0ep153900 mean: 47.83
[17/05/2017 10:52:42] >> ex0ep154000 mean: 43.22
[17/05/2017 10:52:42] >> ex0ep154100 mean: 43.07
[17/05/2017 10:52:42] >> ex0ep154200 mean: 41.86
[17/05/2017 10:52:42] >> ex0ep154300 mean: 38.9
[17/05/2017 10:52:42] >> ex0ep154400 mean: 47.54
[17/05/2017 10:52:42] >> ex0ep154500 mean: 44.17
[17/05/2017 10:52:42] >> ex0ep154600 mean: 45.3
[17/05/2017 10:52:42] >> ex0ep154700 mean: 43.27
[17/05/2017 10:52:42] >> ex0ep154800 mean: 41.02
[17/05/2017 10:52:42] >> ex0ep154900 mean: 42.19
[17/05/2017 10:52:42] >> ex0ep155000 mean: 41.73
[17/05/2017 10:52:42] >> ex0ep155100 mean: 43.9
[17/05/2017 10:52:42] >> ex0ep155200 mean: 43.44
[17/05/2017 10:52:43] >> ex0ep155300 mean: 36.85
[17/05/2017 10:52:43] >> ex0ep155400 mean: 42.72
[17/05/2017 10:52:43] >> ex0ep155500 mean: 39.91
[17/05/2017 10:52:43] >> ex0ep155600 mean: 47.28
[17/05/2017 10:52:43] >> ex0ep155700 mean: 38.04
[17/05/2017 10:52:43] >> ex0ep155800 mean: 44.18
[17/05/2017 10:52:43] >> ex0ep155900 mean: 42.79
[17/05/2017 10:52:43] >> ex0ep156000 mean: 41.09
[17/05/2017 10:52:43] >> ex0ep156100 mean: 43.8
[17/05/2017 10:52:43] >> ex0ep156200 mean: 43.12
[17/05/2017 10:52:43] >> ex0ep156300 mean: 43.12
[17/05/2017 10:52:43] >> ex0ep156400 mean: 49.27
[17/05/2017 10:52:43] >> ex0ep156500 mean: 38.87
[17/05/2017 10:52:43] >> ex0ep156600 mean: 43.54
[17/05/2017 10:52:43] >> ex0ep156700 mean: 41.53
[17/05/2017 10:52:43] >> ex0ep156800 mean: 43.16
[17/05/2017 10:52:43] >> ex0ep156900 mean: 44.74
[17/05/2017 10:52:43] >> ex0ep157000 mean: 42.3
[17/05/2017 10:52:43] >> ex0ep157100 mean: 46.21
[17/05/2017 10:52:43] >> ex0ep157200 mean: 42.73
[17/05/2017 10:52:43] >> ex0ep157300 mean: 41.07
[17/05/2017 10:52:43] >> ex0ep157400 mean: 41.79
[17/05/2017 10:52:43] >> ex0ep157500 mean: 44.45
[17/05/2017 10:52:43] >> ex0ep157600 mean: 41.94
[17/05/2017 10:52:43] >> ex0ep157700 mean: 43.58
[17/05/2017 10:52:43] >> ex0ep157800 mean: 39.89
[17/05/2017 10:52:43] >> ex0ep157900 mean: 44.8
[17/05/2017 10:52:43] >> ex0ep158000 mean: 46.27
[17/05/2017 10:52:43] >> ex0ep158100 mean: 42.52
[17/05/2017 10:52:43] >> ex0ep158200 mean: 42.68
[17/05/2017 10:52:43] >> ex0ep158300 mean: 47.44
[17/05/2017 10:52:43] >> ex0ep158400 mean: 42.83
[17/05/2017 10:52:43] >> ex0ep158500 mean: 42.54
[17/05/2017 10:52:43] >> ex0ep158600 mean: 46.2
[17/05/2017 10:52:43] >> ex0ep158700 mean: 40.58
[17/05/2017 10:52:43] >> ex0ep158800 mean: 41.46
[17/05/2017 10:52:43] >> ex0ep158900 mean: 36.82
[17/05/2017 10:52:43] >> ex0ep159000 mean: 41.33
[17/05/2017 10:52:43] >> ex0ep159100 mean: 47.26
[17/05/2017 10:52:43] >> ex0ep159200 mean: 41.86
[17/05/2017 10:52:43] >> ex0ep159300 mean: 44.29
[17/05/2017 10:52:43] >> ex0ep159400 mean: 42.21
[17/05/2017 10:52:43] >> ex0ep159500 mean: 44.01
[17/05/2017 10:52:43] >> ex0ep159600 mean: 44.83
[17/05/2017 10:52:43] >> ex0ep159700 mean: 43.41
[17/05/2017 10:52:43] >> ex0ep159800 mean: 45.22
[17/05/2017 10:52:43] >> ex0ep159900 mean: 52.11
[17/05/2017 10:52:43] >> ex0ep160000 mean: 45.67
[17/05/2017 10:52:43] >> ex0ep160100 mean: 43.19
[17/05/2017 10:52:43] >> ex0ep160200 mean: 42.88
[17/05/2017 10:52:43] >> ex0ep160300 mean: 48.02
[17/05/2017 10:52:43] >> ex0ep160400 mean: 46.27
[17/05/2017 10:52:43] >> ex0ep160500 mean: 40.75
[17/05/2017 10:52:43] >> ex0ep160600 mean: 43.0
[17/05/2017 10:52:43] >> ex0ep160700 mean: 41.14
[17/05/2017 10:52:43] >> ex0ep160800 mean: 44.89
[17/05/2017 10:52:43] >> ex0ep160900 mean: 48.86
[17/05/2017 10:52:43] >> ex0ep161000 mean: 36.97
[17/05/2017 10:52:43] >> ex0ep161100 mean: 46.77
[17/05/2017 10:52:43] >> ex0ep161200 mean: 39.23
[17/05/2017 10:52:43] >> ex0ep161300 mean: 42.12
[17/05/2017 10:52:43] >> ex0ep161400 mean: 41.6
[17/05/2017 10:52:43] >> ex0ep161500 mean: 42.6
[17/05/2017 10:52:43] >> ex0ep161600 mean: 45.21
[17/05/2017 10:52:43] >> ex0ep161700 mean: 43.75
[17/05/2017 10:52:43] >> ex0ep161800 mean: 41.47
[17/05/2017 10:52:43] >> ex0ep161900 mean: 39.77
[17/05/2017 10:52:43] >> ex0ep162000 mean: 42.82
[17/05/2017 10:52:43] >> ex0ep162100 mean: 39.91
[17/05/2017 10:52:43] >> ex0ep162200 mean: 40.01
[17/05/2017 10:52:43] >> ex0ep162300 mean: 40.18
[17/05/2017 10:52:43] >> ex0ep162400 mean: 46.21
[17/05/2017 10:52:43] >> ex0ep162500 mean: 38.98
[17/05/2017 10:52:43] >> ex0ep162600 mean: 44.36
[17/05/2017 10:52:43] >> ex0ep162700 mean: 41.05
[17/05/2017 10:52:43] >> ex0ep162800 mean: 42.2
[17/05/2017 10:52:43] >> ex0ep162900 mean: 43.28
[17/05/2017 10:52:43] >> ex0ep163000 mean: 41.32
[17/05/2017 10:52:43] >> ex0ep163100 mean: 42.27
[17/05/2017 10:52:43] >> ex0ep163200 mean: 46.18
[17/05/2017 10:52:43] >> ex0ep163300 mean: 43.04
[17/05/2017 10:52:43] >> ex0ep163400 mean: 42.83
[17/05/2017 10:52:43] >> ex0ep163500 mean: 46.12
[17/05/2017 10:52:43] >> ex0ep163600 mean: 43.77
[17/05/2017 10:52:43] >> ex0ep163700 mean: 46.28
[17/05/2017 10:52:43] >> ex0ep163800 mean: 35.84
[17/05/2017 10:52:43] >> ex0ep163900 mean: 46.41
[17/05/2017 10:52:43] >> ex0ep164000 mean: 41.19
[17/05/2017 10:52:43] >> ex0ep164100 mean: 40.88
[17/05/2017 10:52:43] >> ex0ep164200 mean: 43.3
[17/05/2017 10:52:43] >> ex0ep164300 mean: 41.45
[17/05/2017 10:52:43] >> ex0ep164400 mean: 41.16
[17/05/2017 10:52:43] >> ex0ep164500 mean: 42.72
[17/05/2017 10:52:43] >> ex0ep164600 mean: 42.33
[17/05/2017 10:52:43] >> ex0ep164700 mean: 44.05
[17/05/2017 10:52:43] >> ex0ep164800 mean: 42.06
[17/05/2017 10:52:43] >> ex0ep164900 mean: 43.45
[17/05/2017 10:52:43] >> ex0ep165000 mean: 41.94
[17/05/2017 10:52:43] >> ex0ep165100 mean: 41.42
[17/05/2017 10:52:43] >> ex0ep165200 mean: 44.81
[17/05/2017 10:52:43] >> ex0ep165300 mean: 41.89
[17/05/2017 10:52:43] >> ex0ep165400 mean: 46.33
[17/05/2017 10:52:43] >> ex0ep165500 mean: 46.2
[17/05/2017 10:52:43] >> ex0ep165600 mean: 49.08
[17/05/2017 10:52:43] >> ex0ep165700 mean: 41.61
[17/05/2017 10:52:43] >> ex0ep165800 mean: 42.53
[17/05/2017 10:52:43] >> ex0ep165900 mean: 43.9
[17/05/2017 10:52:43] >> ex0ep166000 mean: 49.4
[17/05/2017 10:52:43] >> ex0ep166100 mean: 43.59
[17/05/2017 10:52:43] >> ex0ep166200 mean: 40.22
[17/05/2017 10:52:43] >> ex0ep166300 mean: 42.32
[17/05/2017 10:52:43] >> ex0ep166400 mean: 39.4
[17/05/2017 10:52:43] >> ex0ep166500 mean: 41.38
[17/05/2017 10:52:43] >> ex0ep166600 mean: 43.85
[17/05/2017 10:52:43] >> ex0ep166700 mean: 44.29
[17/05/2017 10:52:43] >> ex0ep166800 mean: 43.54
[17/05/2017 10:52:43] >> ex0ep166900 mean: 46.02
[17/05/2017 10:52:43] >> ex0ep167000 mean: 42.04
[17/05/2017 10:52:43] >> ex0ep167100 mean: 40.79
[17/05/2017 10:52:43] >> ex0ep167200 mean: 44.67
[17/05/2017 10:52:43] >> ex0ep167300 mean: 37.01
[17/05/2017 10:52:43] >> ex0ep167400 mean: 44.48
[17/05/2017 10:52:43] >> ex0ep167500 mean: 44.1
[17/05/2017 10:52:43] >> ex0ep167600 mean: 41.21
[17/05/2017 10:52:43] >> ex0ep167700 mean: 46.01
[17/05/2017 10:52:43] >> ex0ep167800 mean: 43.39
[17/05/2017 10:52:43] >> ex0ep167900 mean: 43.56
[17/05/2017 10:52:43] >> ex0ep168000 mean: 40.87
[17/05/2017 10:52:43] >> ex0ep168100 mean: 38.77
[17/05/2017 10:52:44] >> ex0ep168200 mean: 43.72
[17/05/2017 10:52:44] >> ex0ep168300 mean: 41.49
[17/05/2017 10:52:44] >> ex0ep168400 mean: 36.85
[17/05/2017 10:52:44] >> ex0ep168500 mean: 40.51
[17/05/2017 10:52:44] >> ex0ep168600 mean: 40.14
[17/05/2017 10:52:44] >> ex0ep168700 mean: 42.12
[17/05/2017 10:52:44] >> ex0ep168800 mean: 41.65
[17/05/2017 10:52:44] >> ex0ep168900 mean: 43.33
[17/05/2017 10:52:44] >> ex0ep169000 mean: 42.49
[17/05/2017 10:52:44] >> ex0ep169100 mean: 43.54
[17/05/2017 10:52:44] >> ex0ep169200 mean: 39.68
[17/05/2017 10:52:44] >> ex0ep169300 mean: 43.87
[17/05/2017 10:52:44] >> ex0ep169400 mean: 40.9
[17/05/2017 10:52:44] >> ex0ep169500 mean: 39.3
[17/05/2017 10:52:44] >> ex0ep169600 mean: 41.66
[17/05/2017 10:52:44] >> ex0ep169700 mean: 40.91
[17/05/2017 10:52:44] >> ex0ep169800 mean: 45.46
[17/05/2017 10:52:44] >> ex0ep169900 mean: 39.17
[17/05/2017 10:52:44] >> ex0ep170000 mean: 37.41
[17/05/2017 10:52:44] >> ex0ep170100 mean: 45.43
[17/05/2017 10:52:44] >> ex0ep170200 mean: 40.57
[17/05/2017 10:52:44] >> ex0ep170300 mean: 43.32
[17/05/2017 10:52:44] >> ex0ep170400 mean: 39.35
[17/05/2017 10:52:44] >> ex0ep170500 mean: 43.9
[17/05/2017 10:52:44] >> ex0ep170600 mean: 41.16
[17/05/2017 10:52:44] >> ex0ep170700 mean: 47.06
[17/05/2017 10:52:44] >> ex0ep170800 mean: 40.01
[17/05/2017 10:52:44] >> ex0ep170900 mean: 40.2
[17/05/2017 10:52:44] >> ex0ep171000 mean: 40.26
[17/05/2017 10:52:44] >> ex0ep171100 mean: 49.26
[17/05/2017 10:52:44] >> ex0ep171200 mean: 44.39
[17/05/2017 10:52:44] >> ex0ep171300 mean: 41.38
[17/05/2017 10:52:44] >> ex0ep171400 mean: 42.55
[17/05/2017 10:52:44] >> ex0ep171500 mean: 44.54
[17/05/2017 10:52:44] >> ex0ep171600 mean: 40.42
[17/05/2017 10:52:44] >> ex0ep171700 mean: 45.05
[17/05/2017 10:52:44] >> ex0ep171800 mean: 43.38
[17/05/2017 10:52:44] >> ex0ep171900 mean: 44.75
[17/05/2017 10:52:44] >> ex0ep172000 mean: 41.77
[17/05/2017 10:52:44] >> ex0ep172100 mean: 39.2
[17/05/2017 10:52:44] >> ex0ep172200 mean: 38.76
[17/05/2017 10:52:44] >> ex0ep172300 mean: 43.8
[17/05/2017 10:52:44] >> ex0ep172400 mean: 43.57
[17/05/2017 10:52:44] >> ex0ep172500 mean: 41.92
[17/05/2017 10:52:44] >> ex0ep172600 mean: 40.29
[17/05/2017 10:52:44] >> ex0ep172700 mean: 44.8
[17/05/2017 10:52:44] >> ex0ep172800 mean: 45.63
[17/05/2017 10:52:44] >> ex0ep172900 mean: 43.67
[17/05/2017 10:52:44] >> ex0ep173000 mean: 43.74
[17/05/2017 10:52:44] >> ex0ep173100 mean: 41.52
[17/05/2017 10:52:44] >> ex0ep173200 mean: 41.33
[17/05/2017 10:52:44] >> ex0ep173300 mean: 40.96
[17/05/2017 10:52:44] >> ex0ep173400 mean: 41.76
[17/05/2017 10:52:44] >> ex0ep173500 mean: 39.23
[17/05/2017 10:52:44] >> ex0ep173600 mean: 44.26
[17/05/2017 10:52:44] >> ex0ep173700 mean: 43.92
[17/05/2017 10:52:44] >> ex0ep173800 mean: 42.74
[17/05/2017 10:52:44] >> ex0ep173900 mean: 44.89
[17/05/2017 10:52:44] >> ex0ep174000 mean: 40.59
[17/05/2017 10:52:44] >> ex0ep174100 mean: 44.61
[17/05/2017 10:52:44] >> ex0ep174200 mean: 40.93
[17/05/2017 10:52:44] >> ex0ep174300 mean: 42.04
[17/05/2017 10:52:44] >> ex0ep174400 mean: 41.45
[17/05/2017 10:52:44] >> ex0ep174500 mean: 38.89
[17/05/2017 10:52:44] >> ex0ep174600 mean: 46.89
[17/05/2017 10:52:44] >> ex0ep174700 mean: 42.36
[17/05/2017 10:52:44] >> ex0ep174800 mean: 42.48
[17/05/2017 10:52:44] >> ex0ep174900 mean: 36.72
[17/05/2017 10:52:44] >> ex0ep175000 mean: 43.49
[17/05/2017 10:52:44] >> ex0ep175100 mean: 43.03
[17/05/2017 10:52:44] >> ex0ep175200 mean: 41.11
[17/05/2017 10:52:44] >> ex0ep175300 mean: 42.62
[17/05/2017 10:52:44] >> ex0ep175400 mean: 40.96
[17/05/2017 10:52:44] >> ex0ep175500 mean: 42.71
[17/05/2017 10:52:44] >> ex0ep175600 mean: 44.54
[17/05/2017 10:52:44] >> ex0ep175700 mean: 41.55
[17/05/2017 10:52:44] >> ex0ep175800 mean: 36.86
[17/05/2017 10:52:44] >> ex0ep175900 mean: 43.23
[17/05/2017 10:52:44] >> ex0ep176000 mean: 41.99
[17/05/2017 10:52:44] >> ex0ep176100 mean: 37.77
[17/05/2017 10:52:44] >> ex0ep176200 mean: 38.81
[17/05/2017 10:52:44] >> ex0ep176300 mean: 42.06
[17/05/2017 10:52:44] >> ex0ep176400 mean: 42.97
[17/05/2017 10:52:44] >> ex0ep176500 mean: 50.29
[17/05/2017 10:52:44] >> ex0ep176600 mean: 41.98
[17/05/2017 10:52:44] >> ex0ep176700 mean: 42.13
[17/05/2017 10:52:44] >> ex0ep176800 mean: 44.95
[17/05/2017 10:52:44] >> ex0ep176900 mean: 42.78
[17/05/2017 10:52:44] >> ex0ep177000 mean: 42.95
[17/05/2017 10:52:44] >> ex0ep177100 mean: 40.63
[17/05/2017 10:52:44] >> ex0ep177200 mean: 42.43
[17/05/2017 10:52:44] >> ex0ep177300 mean: 41.22
[17/05/2017 10:52:44] >> ex0ep177400 mean: 38.74
[17/05/2017 10:52:44] >> ex0ep177500 mean: 42.93
[17/05/2017 10:52:44] >> ex0ep177600 mean: 44.72
[17/05/2017 10:52:44] >> ex0ep177700 mean: 37.59
[17/05/2017 10:52:44] >> ex0ep177800 mean: 40.0
[17/05/2017 10:52:44] >> ex0ep177900 mean: 43.78
[17/05/2017 10:52:44] >> ex0ep178000 mean: 40.27
[17/05/2017 10:52:44] >> ex0ep178100 mean: 39.74
[17/05/2017 10:52:44] >> ex0ep178200 mean: 42.53
[17/05/2017 10:52:44] >> ex0ep178300 mean: 46.59
[17/05/2017 10:52:44] >> ex0ep178400 mean: 41.57
[17/05/2017 10:52:44] >> ex0ep178500 mean: 41.68
[17/05/2017 10:52:44] >> ex0ep178600 mean: 43.28
[17/05/2017 10:52:44] >> ex0ep178700 mean: 42.51
[17/05/2017 10:52:44] >> ex0ep178800 mean: 39.45
[17/05/2017 10:52:44] >> ex0ep178900 mean: 40.56
[17/05/2017 10:52:44] >> ex0ep179000 mean: 42.63
[17/05/2017 10:52:44] >> ex0ep179100 mean: 43.72
[17/05/2017 10:52:44] >> ex0ep179200 mean: 40.41
[17/05/2017 10:52:44] >> ex0ep179300 mean: 43.58
[17/05/2017 10:52:44] >> ex0ep179400 mean: 40.23
[17/05/2017 10:52:44] >> ex0ep179500 mean: 42.64
[17/05/2017 10:52:44] >> ex0ep179600 mean: 44.19
[17/05/2017 10:52:44] >> ex0ep179700 mean: 41.94
[17/05/2017 10:52:44] >> ex0ep179800 mean: 40.55
[17/05/2017 10:52:44] >> ex0ep179900 mean: 35.24
[17/05/2017 10:52:44] >> ex0ep180000 mean: 42.51
[17/05/2017 10:52:44] >> ex0ep180100 mean: 39.87
[17/05/2017 10:52:44] >> ex0ep180200 mean: 41.95
[17/05/2017 10:52:44] >> ex0ep180300 mean: 42.17
[17/05/2017 10:52:44] >> ex0ep180400 mean: 40.19
[17/05/2017 10:52:44] >> ex0ep180500 mean: 44.16
[17/05/2017 10:52:44] >> ex0ep180600 mean: 36.98
[17/05/2017 10:52:44] >> ex0ep180700 mean: 39.16
[17/05/2017 10:52:44] >> ex0ep180800 mean: 42.69
[17/05/2017 10:52:44] >> ex0ep180900 mean: 44.65
[17/05/2017 10:52:45] >> ex0ep181000 mean: 40.86
[17/05/2017 10:52:45] >> ex0ep181100 mean: 42.27
[17/05/2017 10:52:45] >> ex0ep181200 mean: 35.38
[17/05/2017 10:52:45] >> ex0ep181300 mean: 43.94
[17/05/2017 10:52:45] >> ex0ep181400 mean: 41.33
[17/05/2017 10:52:45] >> ex0ep181500 mean: 42.08
[17/05/2017 10:52:45] >> ex0ep181600 mean: 44.9
[17/05/2017 10:52:45] >> ex0ep181700 mean: 39.5
[17/05/2017 10:52:45] >> ex0ep181800 mean: 36.61
[17/05/2017 10:52:45] >> ex0ep181900 mean: 38.39
[17/05/2017 10:52:45] >> ex0ep182000 mean: 43.48
[17/05/2017 10:52:45] >> ex0ep182100 mean: 40.96
[17/05/2017 10:52:45] >> ex0ep182200 mean: 42.13
[17/05/2017 10:52:45] >> ex0ep182300 mean: 44.28
[17/05/2017 10:52:45] >> ex0ep182400 mean: 42.91
[17/05/2017 10:52:45] >> ex0ep182500 mean: 43.45
[17/05/2017 10:52:45] >> ex0ep182600 mean: 37.92
[17/05/2017 10:52:45] >> ex0ep182700 mean: 41.0
[17/05/2017 10:52:45] >> ex0ep182800 mean: 44.96
[17/05/2017 10:52:45] >> ex0ep182900 mean: 39.54
[17/05/2017 10:52:45] >> ex0ep183000 mean: 43.53
[17/05/2017 10:52:45] >> ex0ep183100 mean: 44.78
[17/05/2017 10:52:45] >> ex0ep183200 mean: 37.43
[17/05/2017 10:52:45] >> ex0ep183300 mean: 43.05
[17/05/2017 10:52:45] >> ex0ep183400 mean: 41.04
[17/05/2017 10:52:45] >> ex0ep183500 mean: 43.53
[17/05/2017 10:52:45] >> ex0ep183600 mean: 39.18
[17/05/2017 10:52:45] >> ex0ep183700 mean: 44.34
[17/05/2017 10:52:45] >> ex0ep183800 mean: 45.83
[17/05/2017 10:52:45] >> ex0ep183900 mean: 38.03
[17/05/2017 10:52:45] >> ex0ep184000 mean: 42.59
[17/05/2017 10:52:45] >> ex0ep184100 mean: 39.71
[17/05/2017 10:52:45] >> ex0ep184200 mean: 44.13
[17/05/2017 10:52:45] >> ex0ep184300 mean: 47.35
[17/05/2017 10:52:45] >> ex0ep184400 mean: 45.61
[17/05/2017 10:52:45] >> ex0ep184500 mean: 37.0
[17/05/2017 10:52:45] >> ex0ep184600 mean: 40.28
[17/05/2017 10:52:45] >> ex0ep184700 mean: 44.65
[17/05/2017 10:52:45] >> ex0ep184800 mean: 37.63
[17/05/2017 10:52:45] >> ex0ep184900 mean: 40.78
[17/05/2017 10:52:45] >> ex0ep185000 mean: 41.32
[17/05/2017 10:52:45] >> ex0ep185100 mean: 47.23
[17/05/2017 10:52:45] >> ex0ep185200 mean: 40.59
[17/05/2017 10:52:45] >> ex0ep185300 mean: 38.18
[17/05/2017 10:52:45] >> ex0ep185400 mean: 43.93
[17/05/2017 10:52:45] >> ex0ep185500 mean: 38.85
[17/05/2017 10:52:45] >> ex0ep185600 mean: 38.88
[17/05/2017 10:52:45] >> ex0ep185700 mean: 43.31
[17/05/2017 10:52:45] >> ex0ep185800 mean: 42.54
[17/05/2017 10:52:45] >> ex0ep185900 mean: 46.26
[17/05/2017 10:52:45] >> ex0ep186000 mean: 38.96
[17/05/2017 10:52:45] >> ex0ep186100 mean: 39.6
[17/05/2017 10:52:45] >> ex0ep186200 mean: 41.37
[17/05/2017 10:52:45] >> ex0ep186300 mean: 42.3
[17/05/2017 10:52:45] >> ex0ep186400 mean: 47.85
[17/05/2017 10:52:45] >> ex0ep186500 mean: 42.15
[17/05/2017 10:52:45] >> ex0ep186600 mean: 39.46
[17/05/2017 10:52:45] >> ex0ep186700 mean: 45.03
[17/05/2017 10:52:45] >> ex0ep186800 mean: 40.4
[17/05/2017 10:52:45] >> ex0ep186900 mean: 40.96
[17/05/2017 10:52:45] >> ex0ep187000 mean: 36.26
[17/05/2017 10:52:45] >> ex0ep187100 mean: 40.51
[17/05/2017 10:52:45] >> ex0ep187200 mean: 40.06
[17/05/2017 10:52:45] >> ex0ep187300 mean: 40.94
[17/05/2017 10:52:45] >> ex0ep187400 mean: 43.48
[17/05/2017 10:52:45] >> ex0ep187500 mean: 41.32
[17/05/2017 10:52:45] >> ex0ep187600 mean: 38.43
[17/05/2017 10:52:45] >> ex0ep187700 mean: 45.9
[17/05/2017 10:52:45] >> ex0ep187800 mean: 42.79
[17/05/2017 10:52:45] >> ex0ep187900 mean: 40.97
[17/05/2017 10:52:45] >> ex0ep188000 mean: 44.49
[17/05/2017 10:52:45] >> ex0ep188100 mean: 42.94
[17/05/2017 10:52:45] >> ex0ep188200 mean: 40.96
[17/05/2017 10:52:45] >> ex0ep188300 mean: 43.28
[17/05/2017 10:52:45] >> ex0ep188400 mean: 41.19
[17/05/2017 10:52:45] >> ex0ep188500 mean: 41.02
[17/05/2017 10:52:45] >> ex0ep188600 mean: 41.37
[17/05/2017 10:52:45] >> ex0ep188700 mean: 45.26
[17/05/2017 10:52:45] >> ex0ep188800 mean: 44.29
[17/05/2017 10:52:45] >> ex0ep188900 mean: 42.95
[17/05/2017 10:52:45] >> ex0ep189000 mean: 40.36
[17/05/2017 10:52:45] >> ex0ep189100 mean: 43.35
[17/05/2017 10:52:45] >> ex0ep189200 mean: 41.57
[17/05/2017 10:52:45] >> ex0ep189300 mean: 43.43
[17/05/2017 10:52:45] >> ex0ep189400 mean: 38.14
[17/05/2017 10:52:45] >> ex0ep189500 mean: 42.95
[17/05/2017 10:52:45] >> ex0ep189600 mean: 44.68
[17/05/2017 10:52:45] >> ex0ep189700 mean: 37.64
[17/05/2017 10:52:45] >> ex0ep189800 mean: 39.18
[17/05/2017 10:52:45] >> ex0ep189900 mean: 41.4
[17/05/2017 10:52:45] >> ex0ep190000 mean: 39.85
[17/05/2017 10:52:45] >> ex0ep190100 mean: 40.63
[17/05/2017 10:52:45] >> ex0ep190200 mean: 43.79
[17/05/2017 10:52:45] >> ex0ep190300 mean: 44.53
[17/05/2017 10:52:45] >> ex0ep190400 mean: 42.07
[17/05/2017 10:52:45] >> ex0ep190500 mean: 43.84
[17/05/2017 10:52:45] >> ex0ep190600 mean: 46.16
[17/05/2017 10:52:45] >> ex0ep190700 mean: 38.7
[17/05/2017 10:52:45] >> ex0ep190800 mean: 41.49
[17/05/2017 10:52:45] >> ex0ep190900 mean: 43.7
[17/05/2017 10:52:45] >> ex0ep191000 mean: 40.01
[17/05/2017 10:52:45] >> ex0ep191100 mean: 44.94
[17/05/2017 10:52:45] >> ex0ep191200 mean: 40.81
[17/05/2017 10:52:45] >> ex0ep191300 mean: 41.71
[17/05/2017 10:52:45] >> ex0ep191400 mean: 43.28
[17/05/2017 10:52:45] >> ex0ep191500 mean: 37.42
[17/05/2017 10:52:45] >> ex0ep191600 mean: 41.49
[17/05/2017 10:52:45] >> ex0ep191700 mean: 38.37
[17/05/2017 10:52:45] >> ex0ep191800 mean: 43.61
[17/05/2017 10:52:45] >> ex0ep191900 mean: 38.92
[17/05/2017 10:52:45] >> ex0ep192000 mean: 45.79
[17/05/2017 10:52:45] >> ex0ep192100 mean: 41.04
[17/05/2017 10:52:45] >> ex0ep192200 mean: 41.84
[17/05/2017 10:52:45] >> ex0ep192300 mean: 38.75
[17/05/2017 10:52:45] >> ex0ep192400 mean: 40.8
[17/05/2017 10:52:45] >> ex0ep192500 mean: 36.54
[17/05/2017 10:52:45] >> ex0ep192600 mean: 40.97
[17/05/2017 10:52:45] >> ex0ep192700 mean: 40.96
[17/05/2017 10:52:45] >> ex0ep192800 mean: 43.28
[17/05/2017 10:52:45] >> ex0ep192900 mean: 38.01
[17/05/2017 10:52:45] >> ex0ep193000 mean: 40.41
[17/05/2017 10:52:45] >> ex0ep193100 mean: 45.85
[17/05/2017 10:52:45] >> ex0ep193200 mean: 40.68
[17/05/2017 10:52:45] >> ex0ep193300 mean: 39.85
[17/05/2017 10:52:45] >> ex0ep193400 mean: 44.45
[17/05/2017 10:52:45] >> ex0ep193500 mean: 37.87
[17/05/2017 10:52:45] >> ex0ep193600 mean: 38.44
[17/05/2017 10:52:45] >> ex0ep193700 mean: 39.96
[17/05/2017 10:52:45] >> ex0ep193800 mean: 40.78
[17/05/2017 10:52:45] >> ex0ep193900 mean: 39.55
[17/05/2017 10:52:45] >> ex0ep194000 mean: 43.44
[17/05/2017 10:52:45] >> ex0ep194100 mean: 40.62
[17/05/2017 10:52:46] >> ex0ep194200 mean: 43.54
[17/05/2017 10:52:46] >> ex0ep194300 mean: 42.59
[17/05/2017 10:52:46] >> ex0ep194400 mean: 37.95
[17/05/2017 10:52:46] >> ex0ep194500 mean: 40.46
[17/05/2017 10:52:46] >> ex0ep194600 mean: 41.91
[17/05/2017 10:52:46] >> ex0ep194700 mean: 39.71
[17/05/2017 10:52:46] >> ex0ep194800 mean: 44.3
[17/05/2017 10:52:46] >> ex0ep194900 mean: 42.51
[17/05/2017 10:52:46] >> ex0ep195000 mean: 40.32
[17/05/2017 10:52:46] >> ex0ep195100 mean: 43.57
[17/05/2017 10:52:46] >> ex0ep195200 mean: 41.0
[17/05/2017 10:52:46] >> ex0ep195300 mean: 39.52
[17/05/2017 10:52:46] >> ex0ep195400 mean: 42.78
[17/05/2017 10:52:46] >> ex0ep195500 mean: 43.13
[17/05/2017 10:52:46] >> ex0ep195600 mean: 43.57
[17/05/2017 10:52:46] >> ex0ep195700 mean: 38.82
[17/05/2017 10:52:46] >> ex0ep195800 mean: 41.49
[17/05/2017 10:52:46] >> ex0ep195900 mean: 44.8
[17/05/2017 10:52:46] >> ex0ep196000 mean: 39.52
[17/05/2017 10:52:46] >> ex0ep196100 mean: 37.9
[17/05/2017 10:52:46] >> ex0ep196200 mean: 40.85
[17/05/2017 10:52:46] >> ex0ep196300 mean: 45.07
[17/05/2017 10:52:46] >> ex0ep196400 mean: 43.72
[17/05/2017 10:52:46] >> ex0ep196500 mean: 39.3
[17/05/2017 10:52:46] >> ex0ep196600 mean: 38.7
[17/05/2017 10:52:46] >> ex0ep196700 mean: 42.99
[17/05/2017 10:52:46] >> ex0ep196800 mean: 40.34
[17/05/2017 10:52:46] >> ex0ep196900 mean: 43.26
[17/05/2017 10:52:46] >> ex0ep197000 mean: 38.43
[17/05/2017 10:52:46] >> ex0ep197100 mean: 40.19
[17/05/2017 10:52:46] >> ex0ep197200 mean: 38.89
[17/05/2017 10:52:46] >> ex0ep197300 mean: 38.44
[17/05/2017 10:52:46] >> ex0ep197400 mean: 43.29
[17/05/2017 10:52:46] >> ex0ep197500 mean: 39.56
[17/05/2017 10:52:46] >> ex0ep197600 mean: 39.92
[17/05/2017 10:52:46] >> ex0ep197700 mean: 42.08
[17/05/2017 10:52:46] >> ex0ep197800 mean: 42.85
[17/05/2017 10:52:46] >> ex0ep197900 mean: 39.91
[17/05/2017 10:52:46] >> ex0ep198000 mean: 42.4
[17/05/2017 10:52:46] >> ex0ep198100 mean: 41.84
[17/05/2017 10:52:46] >> ex0ep198200 mean: 38.9
[17/05/2017 10:52:46] >> ex0ep198300 mean: 41.01
[17/05/2017 10:52:46] >> ex0ep198400 mean: 39.98
[17/05/2017 10:52:46] >> ex0ep198500 mean: 43.95
[17/05/2017 10:52:46] >> ex0ep198600 mean: 41.08
[17/05/2017 10:52:46] >> ex0ep198700 mean: 43.22
[17/05/2017 10:52:46] >> ex0ep198800 mean: 36.44
[17/05/2017 10:52:46] >> ex0ep198900 mean: 41.53
[17/05/2017 10:52:46] >> ex0ep199000 mean: 42.12
[17/05/2017 10:52:46] >> ex0ep199100 mean: 46.16
[17/05/2017 10:52:46] >> ex0ep199200 mean: 41.26
[17/05/2017 10:52:46] >> ex0ep199300 mean: 44.63
[17/05/2017 10:52:46] >> ex0ep199400 mean: 41.08
[17/05/2017 10:52:46] >> ex0ep199500 mean: 39.44
[17/05/2017 10:52:46] >> ex0ep199600 mean: 44.96
[17/05/2017 10:52:46] >> ex0ep199700 mean: 41.4
[17/05/2017 10:52:46] >> ex0ep199800 mean: 44.55
[17/05/2017 10:52:46] >> ex0ep199900 mean: 41.75
[17/05/2017 10:52:46] >> ex0ep200000 mean: 45.44
[17/05/2017 10:52:46] >> ex0ep200100 mean: 40.48
[17/05/2017 10:52:46] >> ex0ep200200 mean: 38.94
[17/05/2017 10:52:46] >> ex0ep200300 mean: 38.59
[17/05/2017 10:52:46] >> ex0ep200400 mean: 40.52
[17/05/2017 10:52:46] >> ex0ep200500 mean: 45.51
[17/05/2017 10:52:46] >> ex0ep200600 mean: 37.46
[17/05/2017 10:52:46] >> ex0ep200700 mean: 36.16
[17/05/2017 10:52:46] >> ex0ep200800 mean: 42.97
[17/05/2017 10:52:46] >> ex0ep200900 mean: 42.05
[17/05/2017 10:52:46] >> ex0ep201000 mean: 45.41
[17/05/2017 10:52:46] >> ex0ep201100 mean: 41.86
[17/05/2017 10:52:46] >> ex0ep201200 mean: 46.04
[17/05/2017 10:52:46] >> ex0ep201300 mean: 42.29
[17/05/2017 10:52:46] >> ex0ep201400 mean: 42.54
[17/05/2017 10:52:46] >> ex0ep201500 mean: 35.35
[17/05/2017 10:52:46] >> ex0ep201600 mean: 42.02
[17/05/2017 10:52:46] >> ex0ep201700 mean: 43.31
[17/05/2017 10:52:46] >> ex0ep201800 mean: 35.57
[17/05/2017 10:52:46] >> ex0ep201900 mean: 44.86
[17/05/2017 10:52:46] >> ex0ep202000 mean: 41.38
