<?xml version="1.0" encoding="UTF-8" standalone="no"?>
<!DOCTYPE log SYSTEM "logger.dtd">
<log>
</log>
[16/05/2017 17:09:51] >> Logger created
[16/05/2017 17:09:52] >> Abstraction
[16/05/2017 17:09:52] >> === Experiment #0 ===
[16/05/2017 17:09:52] >> ex0ep100 mean: 1560.15
[16/05/2017 17:09:52] >> ex0ep200 mean: 190.17
[16/05/2017 17:09:52] >> ex0ep300 mean: 74.31
[16/05/2017 17:09:52] >> ex0ep400 mean: 80.45
[16/05/2017 17:09:52] >> ex0ep500 mean: 61.14
[16/05/2017 17:09:53] >> ex0ep600 mean: 72.25
[16/05/2017 17:09:53] >> ex0ep700 mean: 63.29
[16/05/2017 17:09:53] >> ex0ep800 mean: 61.02
[16/05/2017 17:09:53] >> ex0ep900 mean: 64.48
[16/05/2017 17:09:53] >> ex0ep1000 mean: 71.63
[16/05/2017 17:09:53] >> ex0ep1100 mean: 57.12
[16/05/2017 17:09:53] >> ex0ep1200 mean: 68.13
[16/05/2017 17:09:53] >> ex0ep1300 mean: 62.5
[16/05/2017 17:09:53] >> ex0ep1400 mean: 77.61
[16/05/2017 17:09:53] >> ex0ep1500 mean: 58.21
[16/05/2017 17:09:53] >> ex0ep1600 mean: 74.58
[16/05/2017 17:09:53] >> ex0ep1700 mean: 66.78
[16/05/2017 17:09:53] >> ex0ep1800 mean: 62.04
[16/05/2017 17:09:53] >> ex0ep1900 mean: 60.2
[16/05/2017 17:09:53] >> ex0ep2000 mean: 61.05
[16/05/2017 17:09:53] >> ex0ep2100 mean: 56.79
[16/05/2017 17:09:53] >> ex0ep2200 mean: 52.48
[16/05/2017 17:09:53] >> ex0ep2300 mean: 62.03
[16/05/2017 17:09:53] >> ex0ep2400 mean: 57.9
[16/05/2017 17:09:53] >> ex0ep2500 mean: 66.35
[16/05/2017 17:09:53] >> ex0ep2600 mean: 57.96
[16/05/2017 17:09:53] >> ex0ep2700 mean: 52.82
[16/05/2017 17:09:53] >> ex0ep2800 mean: 45.16
[16/05/2017 17:09:53] >> ex0ep2900 mean: 51.78
[16/05/2017 17:09:53] >> ex0ep3000 mean: 56.85
[16/05/2017 17:09:53] >> ex0ep3100 mean: 60.64
[16/05/2017 17:09:53] >> ex0ep3200 mean: 56.34
[16/05/2017 17:09:53] >> ex0ep3300 mean: 59.67
[16/05/2017 17:09:53] >> ex0ep3400 mean: 54.49
[16/05/2017 17:09:53] >> ex0ep3500 mean: 55.33
[16/05/2017 17:09:53] >> ex0ep3600 mean: 51.18
[16/05/2017 17:09:53] >> ex0ep3700 mean: 55.08
[16/05/2017 17:09:53] >> ex0ep3800 mean: 51.31
[16/05/2017 17:09:53] >> ex0ep3900 mean: 49.42
[16/05/2017 17:09:53] >> ex0ep4000 mean: 45.95
[16/05/2017 17:09:53] >> ex0ep4100 mean: 52.54
[16/05/2017 17:09:53] >> ex0ep4200 mean: 44.13
[16/05/2017 17:09:53] >> ex0ep4300 mean: 47.76
[16/05/2017 17:09:53] >> ex0ep4400 mean: 46.48
[16/05/2017 17:09:53] >> ex0ep4500 mean: 50.05
[16/05/2017 17:09:53] >> ex0ep4600 mean: 43.37
[16/05/2017 17:09:53] >> ex0ep4700 mean: 45.93
[16/05/2017 17:09:53] >> ex0ep4800 mean: 42.42
[16/05/2017 17:09:53] >> ex0ep4900 mean: 45.51
[16/05/2017 17:09:53] >> ex0ep5000 mean: 47.15
[16/05/2017 17:09:54] >> ex0ep5100 mean: 42.58
[16/05/2017 17:09:54] >> ex0ep5200 mean: 47.89
[16/05/2017 17:09:54] >> ex0ep5300 mean: 45.39
[16/05/2017 17:09:54] >> ex0ep5400 mean: 42.25
[16/05/2017 17:09:54] >> ex0ep5500 mean: 46.14
[16/05/2017 17:09:54] >> ex0ep5600 mean: 43.44
[16/05/2017 17:09:54] >> ex0ep5700 mean: 46.35
[16/05/2017 17:09:54] >> ex0ep5800 mean: 45.37
[16/05/2017 17:09:54] >> ex0ep5900 mean: 50.58
[16/05/2017 17:09:54] >> ex0ep6000 mean: 48.74
[16/05/2017 17:09:54] >> ex0ep6100 mean: 43.73
[16/05/2017 17:09:54] >> ex0ep6200 mean: 45.24
[16/05/2017 17:09:54] >> ex0ep6300 mean: 41.68
[16/05/2017 17:09:54] >> ex0ep6400 mean: 46.97
[16/05/2017 17:09:54] >> ex0ep6500 mean: 46.18
[16/05/2017 17:09:54] >> ex0ep6600 mean: 43.8
[16/05/2017 17:09:54] >> ex0ep6700 mean: 41.47
[16/05/2017 17:09:54] >> ex0ep6800 mean: 45.82
[16/05/2017 17:09:54] >> ex0ep6900 mean: 50.63
[16/05/2017 17:09:54] >> ex0ep7000 mean: 41.12
[16/05/2017 17:09:54] >> ex0ep7100 mean: 47.02
[16/05/2017 17:09:54] >> ex0ep7200 mean: 42.86
[16/05/2017 17:09:54] >> ex0ep7300 mean: 44.45
[16/05/2017 17:09:54] >> ex0ep7400 mean: 40.32
[16/05/2017 17:09:54] >> ex0ep7500 mean: 45.73
[16/05/2017 17:09:54] >> ex0ep7600 mean: 45.47
[16/05/2017 17:09:54] >> ex0ep7700 mean: 43.01
[16/05/2017 17:09:54] >> ex0ep7800 mean: 45.24
[16/05/2017 17:09:54] >> ex0ep7900 mean: 43.25
[16/05/2017 17:09:54] >> ex0ep8000 mean: 46.52
[16/05/2017 17:09:54] >> ex0ep8100 mean: 43.82
[16/05/2017 17:09:54] >> ex0ep8200 mean: 43.13
[16/05/2017 17:09:54] >> ex0ep8300 mean: 42.06
[16/05/2017 17:09:54] >> ex0ep8400 mean: 41.23
[16/05/2017 17:09:54] >> ex0ep8500 mean: 41.83
[16/05/2017 17:09:54] >> ex0ep8600 mean: 43.08
[16/05/2017 17:09:54] >> ex0ep8700 mean: 41.67
[16/05/2017 17:09:54] >> ex0ep8800 mean: 45.24
[16/05/2017 17:09:54] >> ex0ep8900 mean: 38.35
[16/05/2017 17:09:54] >> ex0ep9000 mean: 43.76
[16/05/2017 17:09:54] >> ex0ep9100 mean: 40.59
[16/05/2017 17:09:54] >> ex0ep9200 mean: 39.53
[16/05/2017 17:09:54] >> ex0ep9300 mean: 44.28
[16/05/2017 17:09:54] >> ex0ep9400 mean: 41.47
[16/05/2017 17:09:54] >> ex0ep9500 mean: 43.28
[16/05/2017 17:09:54] >> ex0ep9600 mean: 41.93
[16/05/2017 17:09:54] >> ex0ep9700 mean: 41.08
[16/05/2017 17:09:54] >> ex0ep9800 mean: 41.12
[16/05/2017 17:09:54] >> ex0ep9900 mean: 40.81
[16/05/2017 17:09:54] >> ex0ep10000 mean: 41.01
[16/05/2017 17:09:54] >> ex0ep10100 mean: 42.85
[16/05/2017 17:09:54] >> ex0ep10200 mean: 41.66
[16/05/2017 17:09:54] >> ex0ep10300 mean: 39.36
[16/05/2017 17:09:54] >> ex0ep10400 mean: 41.45
[16/05/2017 17:09:54] >> ex0ep10500 mean: 45.74
[16/05/2017 17:09:55] >> ex0ep10600 mean: 44.23
[16/05/2017 17:09:55] >> ex0ep10700 mean: 42.57
[16/05/2017 17:09:55] >> ex0ep10800 mean: 41.95
[16/05/2017 17:09:55] >> ex0ep10900 mean: 43.21
[16/05/2017 17:09:55] >> ex0ep11000 mean: 41.62
[16/05/2017 17:09:55] >> ex0ep11100 mean: 40.66
[16/05/2017 17:09:55] >> ex0ep11200 mean: 40.7
[16/05/2017 17:09:55] >> ex0ep11300 mean: 44.35
[16/05/2017 17:09:55] >> ex0ep11400 mean: 43.23
[16/05/2017 17:09:55] >> ex0ep11500 mean: 40.04
[16/05/2017 17:09:55] >> ex0ep11600 mean: 42.06
[16/05/2017 17:09:55] >> ex0ep11700 mean: 42.97
[16/05/2017 17:09:55] >> ex0ep11800 mean: 37.89
[16/05/2017 17:09:55] >> ex0ep11900 mean: 39.71
[16/05/2017 17:09:55] >> ex0ep12000 mean: 41.81
[16/05/2017 17:09:55] >> ex0ep12100 mean: 43.4
[16/05/2017 17:09:55] >> ex0ep12200 mean: 36.35
[16/05/2017 17:09:55] >> ex0ep12300 mean: 39.11
[16/05/2017 17:09:55] >> ex0ep12400 mean: 38.48
[16/05/2017 17:09:55] >> ex0ep12500 mean: 42.75
[16/05/2017 17:09:55] >> ex0ep12600 mean: 38.82
[16/05/2017 17:09:55] >> ex0ep12700 mean: 35.24
[16/05/2017 17:09:55] >> ex0ep12800 mean: 40.41
[16/05/2017 17:09:55] >> ex0ep12900 mean: 36.92
[16/05/2017 17:09:55] >> ex0ep13000 mean: 41.72
[16/05/2017 17:09:55] >> ex0ep13100 mean: 37.56
[16/05/2017 17:09:55] >> ex0ep13200 mean: 36.27
[16/05/2017 17:09:55] >> ex0ep13300 mean: 37.22
[16/05/2017 17:09:55] >> ex0ep13400 mean: 42.27
[16/05/2017 17:09:55] >> ex0ep13500 mean: 36.4
[16/05/2017 17:09:55] >> ex0ep13600 mean: 39.19
[16/05/2017 17:09:55] >> ex0ep13700 mean: 40.99
[16/05/2017 17:09:55] >> ex0ep13800 mean: 34.33
[16/05/2017 17:09:55] >> ex0ep13900 mean: 39.17
[16/05/2017 17:09:55] >> ex0ep14000 mean: 37.5
[16/05/2017 17:09:55] >> ex0ep14100 mean: 43.24
[16/05/2017 17:09:55] >> ex0ep14200 mean: 36.16
[16/05/2017 17:09:55] >> ex0ep14300 mean: 42.52
[16/05/2017 17:09:55] >> ex0ep14400 mean: 39.12
[16/05/2017 17:09:55] >> ex0ep14500 mean: 38.63
[16/05/2017 17:09:55] >> ex0ep14600 mean: 38.21
[16/05/2017 17:09:55] >> ex0ep14700 mean: 38.82
[16/05/2017 17:09:55] >> ex0ep14800 mean: 37.09
[16/05/2017 17:09:55] >> ex0ep14900 mean: 36.28
[16/05/2017 17:09:55] >> ex0ep15000 mean: 37.12
[16/05/2017 17:09:55] >> ex0ep15100 mean: 38.79
[16/05/2017 17:09:55] >> ex0ep15200 mean: 41.2
[16/05/2017 17:09:55] >> ex0ep15300 mean: 38.51
[16/05/2017 17:09:55] >> ex0ep15400 mean: 42.3
[16/05/2017 17:09:55] >> ex0ep15500 mean: 37.6
[16/05/2017 17:09:55] >> ex0ep15600 mean: 34.95
[16/05/2017 17:09:55] >> ex0ep15700 mean: 35.93
[16/05/2017 17:09:55] >> ex0ep15800 mean: 38.53
[16/05/2017 17:09:55] >> ex0ep15900 mean: 43.17
[16/05/2017 17:09:55] >> ex0ep16000 mean: 37.49
[16/05/2017 17:09:55] >> ex0ep16100 mean: 37.73
[16/05/2017 17:09:55] >> ex0ep16200 mean: 34.96
[16/05/2017 17:09:55] >> ex0ep16300 mean: 41.07
[16/05/2017 17:09:55] >> ex0ep16400 mean: 43.06
[16/05/2017 17:09:55] >> ex0ep16500 mean: 40.14
[16/05/2017 17:09:56] >> ex0ep16600 mean: 37.47
[16/05/2017 17:09:56] >> ex0ep16700 mean: 41.03
[16/05/2017 17:09:56] >> ex0ep16800 mean: 37.3
[16/05/2017 17:09:56] >> ex0ep16900 mean: 40.13
[16/05/2017 17:09:56] >> ex0ep17000 mean: 38.33
[16/05/2017 17:09:56] >> ex0ep17100 mean: 34.04
[16/05/2017 17:09:56] >> ex0ep17200 mean: 37.76
[16/05/2017 17:09:56] >> ex0ep17300 mean: 36.01
[16/05/2017 17:09:56] >> ex0ep17400 mean: 34.54
[16/05/2017 17:09:56] >> ex0ep17500 mean: 38.54
[16/05/2017 17:09:56] >> ex0ep17600 mean: 39.24
[16/05/2017 17:09:56] >> ex0ep17700 mean: 39.12
[16/05/2017 17:09:56] >> ex0ep17800 mean: 37.57
[16/05/2017 17:09:56] >> ex0ep17900 mean: 39.42
[16/05/2017 17:09:56] >> ex0ep18000 mean: 39.29
[16/05/2017 17:09:56] >> ex0ep18100 mean: 35.94
[16/05/2017 17:09:56] >> ex0ep18200 mean: 43.03
[16/05/2017 17:09:56] >> ex0ep18300 mean: 40.01
[16/05/2017 17:09:56] >> ex0ep18400 mean: 39.19
[16/05/2017 17:09:56] >> ex0ep18500 mean: 38.28
[16/05/2017 17:09:56] >> ex0ep18600 mean: 36.11
[16/05/2017 17:09:56] >> ex0ep18700 mean: 35.03
[16/05/2017 17:09:56] >> ex0ep18800 mean: 38.98
[16/05/2017 17:09:56] >> ex0ep18900 mean: 38.34
[16/05/2017 17:09:56] >> ex0ep19000 mean: 39.76
[16/05/2017 17:09:56] >> ex0ep19100 mean: 39.07
[16/05/2017 17:09:56] >> ex0ep19200 mean: 38.51
[16/05/2017 17:09:56] >> ex0ep19300 mean: 34.88
[16/05/2017 17:09:56] >> ex0ep19400 mean: 37.16
[16/05/2017 17:09:56] >> ex0ep19500 mean: 35.88
[16/05/2017 17:09:56] >> ex0ep19600 mean: 38.69
[16/05/2017 17:09:56] >> ex0ep19700 mean: 37.41
[16/05/2017 17:09:56] >> ex0ep19800 mean: 38.71
[16/05/2017 17:09:56] >> ex0ep19900 mean: 35.84
[16/05/2017 17:09:56] >> ex0ep20000 mean: 33.19
[16/05/2017 17:09:56] >> ex0ep20100 mean: 38.16
[16/05/2017 17:09:56] >> ex0ep20200 mean: 36.76
[16/05/2017 17:09:56] >> ex0ep20300 mean: 40.68
[16/05/2017 17:09:56] >> ex0ep20400 mean: 37.05
[16/05/2017 17:09:56] >> ex0ep20500 mean: 35.43
[16/05/2017 17:09:56] >> ex0ep20600 mean: 35.44
[16/05/2017 17:09:56] >> ex0ep20700 mean: 39.77
[16/05/2017 17:09:56] >> ex0ep20800 mean: 39.5
[16/05/2017 17:09:56] >> ex0ep20900 mean: 37.45
[16/05/2017 17:09:56] >> ex0ep21000 mean: 36.79
[16/05/2017 17:09:56] >> ex0ep21100 mean: 40.0
[16/05/2017 17:09:56] >> ex0ep21200 mean: 32.75
[16/05/2017 17:09:56] >> ex0ep21300 mean: 37.71
[16/05/2017 17:09:56] >> ex0ep21400 mean: 36.63
[16/05/2017 17:09:56] >> ex0ep21500 mean: 37.06
[16/05/2017 17:09:56] >> ex0ep21600 mean: 38.14
[16/05/2017 17:09:56] >> ex0ep21700 mean: 34.11
[16/05/2017 17:09:56] >> ex0ep21800 mean: 36.33
[16/05/2017 17:09:56] >> ex0ep21900 mean: 40.12
[16/05/2017 17:09:56] >> ex0ep22000 mean: 37.58
[16/05/2017 17:09:56] >> ex0ep22100 mean: 39.82
[16/05/2017 17:09:56] >> ex0ep22200 mean: 34.5
[16/05/2017 17:09:56] >> ex0ep22300 mean: 34.73
[16/05/2017 17:09:56] >> ex0ep22400 mean: 36.96
[16/05/2017 17:09:56] >> ex0ep22500 mean: 34.11
[16/05/2017 17:09:56] >> ex0ep22600 mean: 38.38
[16/05/2017 17:09:57] >> ex0ep22700 mean: 38.87
[16/05/2017 17:09:57] >> ex0ep22800 mean: 37.96
[16/05/2017 17:09:57] >> ex0ep22900 mean: 41.2
[16/05/2017 17:09:57] >> ex0ep23000 mean: 38.21
[16/05/2017 17:09:57] >> ex0ep23100 mean: 38.83
[16/05/2017 17:09:57] >> ex0ep23200 mean: 39.01
[16/05/2017 17:09:57] >> ex0ep23300 mean: 35.32
[16/05/2017 17:09:57] >> ex0ep23400 mean: 36.73
[16/05/2017 17:09:57] >> ex0ep23500 mean: 37.11
[16/05/2017 17:09:57] >> ex0ep23600 mean: 37.61
[16/05/2017 17:09:57] >> ex0ep23700 mean: 38.49
[16/05/2017 17:09:57] >> ex0ep23800 mean: 42.01
[16/05/2017 17:09:57] >> ex0ep23900 mean: 35.17
[16/05/2017 17:09:57] >> ex0ep24000 mean: 39.97
[16/05/2017 17:09:57] >> ex0ep24100 mean: 37.16
[16/05/2017 17:09:57] >> ex0ep24200 mean: 36.03
[16/05/2017 17:09:57] >> ex0ep24300 mean: 31.18
[16/05/2017 17:09:57] >> ex0ep24400 mean: 35.47
[16/05/2017 17:09:57] >> ex0ep24500 mean: 37.74
[16/05/2017 17:09:57] >> ex0ep24600 mean: 35.2
[16/05/2017 17:09:57] >> ex0ep24700 mean: 40.17
[16/05/2017 17:09:57] >> ex0ep24800 mean: 41.4
[16/05/2017 17:09:57] >> ex0ep24900 mean: 36.96
[16/05/2017 17:09:57] >> ex0ep25000 mean: 39.86
[16/05/2017 17:09:57] >> ex0ep25100 mean: 39.73
[16/05/2017 17:09:57] >> ex0ep25200 mean: 35.0
[16/05/2017 17:09:57] >> ex0ep25300 mean: 37.31
[16/05/2017 17:09:57] >> ex0ep25400 mean: 35.94
[16/05/2017 17:09:57] >> ex0ep25500 mean: 32.98
[16/05/2017 17:09:57] >> ex0ep25600 mean: 38.19
[16/05/2017 17:09:57] >> ex0ep25700 mean: 38.09
[16/05/2017 17:09:57] >> ex0ep25800 mean: 34.44
[16/05/2017 17:09:57] >> ex0ep25900 mean: 34.6
[16/05/2017 17:09:57] >> ex0ep26000 mean: 36.74
[16/05/2017 17:09:57] >> ex0ep26100 mean: 33.26
[16/05/2017 17:09:57] >> ex0ep26200 mean: 35.07
[16/05/2017 17:09:57] >> ex0ep26300 mean: 34.13
[16/05/2017 17:09:57] >> ex0ep26400 mean: 38.3
[16/05/2017 17:09:57] >> ex0ep26500 mean: 33.74
[16/05/2017 17:09:57] >> ex0ep26600 mean: 38.93
[16/05/2017 17:09:57] >> ex0ep26700 mean: 38.15
[16/05/2017 17:09:57] >> ex0ep26800 mean: 37.78
[16/05/2017 17:09:57] >> ex0ep26900 mean: 33.46
[16/05/2017 17:09:57] >> ex0ep27000 mean: 33.67
[16/05/2017 17:09:57] >> ex0ep27100 mean: 36.5
[16/05/2017 17:09:57] >> ex0ep27200 mean: 35.74
[16/05/2017 17:09:57] >> ex0ep27300 mean: 32.42
[16/05/2017 17:09:57] >> ex0ep27400 mean: 34.1
[16/05/2017 17:09:57] >> ex0ep27500 mean: 36.8
[16/05/2017 17:09:57] >> ex0ep27600 mean: 33.21
[16/05/2017 17:09:57] >> ex0ep27700 mean: 36.07
[16/05/2017 17:09:57] >> ex0ep27800 mean: 34.56
[16/05/2017 17:09:57] >> ex0ep27900 mean: 37.22
[16/05/2017 17:09:57] >> ex0ep28000 mean: 33.48
[16/05/2017 17:09:57] >> ex0ep28100 mean: 34.29
[16/05/2017 17:09:57] >> ex0ep28200 mean: 35.53
[16/05/2017 17:09:57] >> ex0ep28300 mean: 34.08
[16/05/2017 17:09:57] >> ex0ep28400 mean: 35.62
[16/05/2017 17:09:57] >> ex0ep28500 mean: 34.53
[16/05/2017 17:09:57] >> ex0ep28600 mean: 32.67
[16/05/2017 17:09:57] >> ex0ep28700 mean: 36.06
[16/05/2017 17:09:57] >> ex0ep28800 mean: 33.77
[16/05/2017 17:09:57] >> ex0ep28900 mean: 34.9
[16/05/2017 17:09:57] >> ex0ep29000 mean: 34.48
[16/05/2017 17:09:57] >> ex0ep29100 mean: 37.4
[16/05/2017 17:09:57] >> ex0ep29200 mean: 31.48
[16/05/2017 17:09:58] >> ex0ep29300 mean: 36.13
[16/05/2017 17:09:58] >> ex0ep29400 mean: 34.92
[16/05/2017 17:09:58] >> ex0ep29500 mean: 35.62
[16/05/2017 17:09:58] >> ex0ep29600 mean: 33.97
[16/05/2017 17:09:58] >> ex0ep29700 mean: 38.43
[16/05/2017 17:09:58] >> ex0ep29800 mean: 33.52
[16/05/2017 17:09:58] >> ex0ep29900 mean: 32.3
[16/05/2017 17:09:58] >> ex0ep30000 mean: 36.1
[16/05/2017 17:09:58] >> ex0ep30100 mean: 36.98
[16/05/2017 17:09:58] >> ex0ep30200 mean: 32.84
[16/05/2017 17:09:58] >> ex0ep30300 mean: 37.53
[16/05/2017 17:09:58] >> ex0ep30400 mean: 33.59
[16/05/2017 17:09:58] >> ex0ep30500 mean: 33.94
[16/05/2017 17:09:58] >> ex0ep30600 mean: 33.31
[16/05/2017 17:09:58] >> ex0ep30700 mean: 35.09
[16/05/2017 17:09:58] >> ex0ep30800 mean: 32.94
[16/05/2017 17:09:58] >> ex0ep30900 mean: 34.67
[16/05/2017 17:09:58] >> ex0ep31000 mean: 35.15
[16/05/2017 17:09:58] >> ex0ep31100 mean: 30.95
[16/05/2017 17:09:58] >> ex0ep31200 mean: 34.23
[16/05/2017 17:09:58] >> ex0ep31300 mean: 34.66
[16/05/2017 17:09:58] >> ex0ep31400 mean: 34.72
[16/05/2017 17:09:58] >> ex0ep31500 mean: 33.53
[16/05/2017 17:09:58] >> ex0ep31600 mean: 36.51
[16/05/2017 17:09:58] >> ex0ep31700 mean: 36.91
[16/05/2017 17:09:58] >> ex0ep31800 mean: 34.94
[16/05/2017 17:09:58] >> ex0ep31900 mean: 34.29
[16/05/2017 17:09:58] >> ex0ep32000 mean: 37.35
[16/05/2017 17:09:58] >> ex0ep32100 mean: 33.13
[16/05/2017 17:09:58] >> ex0ep32200 mean: 35.62
[16/05/2017 17:09:58] >> ex0ep32300 mean: 33.58
[16/05/2017 17:09:58] >> ex0ep32400 mean: 34.78
[16/05/2017 17:09:58] >> ex0ep32500 mean: 34.44
[16/05/2017 17:09:58] >> ex0ep32600 mean: 32.89
[16/05/2017 17:09:58] >> ex0ep32700 mean: 34.92
[16/05/2017 17:09:58] >> ex0ep32800 mean: 33.14
[16/05/2017 17:09:58] >> ex0ep32900 mean: 36.32
[16/05/2017 17:09:58] >> ex0ep33000 mean: 31.58
[16/05/2017 17:09:58] >> ex0ep33100 mean: 31.41
[16/05/2017 17:09:58] >> ex0ep33200 mean: 33.35
[16/05/2017 17:09:58] >> ex0ep33300 mean: 34.34
[16/05/2017 17:09:58] >> ex0ep33400 mean: 33.16
[16/05/2017 17:09:58] >> ex0ep33500 mean: 37.69
[16/05/2017 17:09:58] >> ex0ep33600 mean: 34.86
[16/05/2017 17:09:58] >> ex0ep33700 mean: 35.89
[16/05/2017 17:09:58] >> ex0ep33800 mean: 36.62
[16/05/2017 17:09:58] >> ex0ep33900 mean: 36.36
[16/05/2017 17:09:58] >> ex0ep34000 mean: 35.43
[16/05/2017 17:09:58] >> ex0ep34100 mean: 32.54
[16/05/2017 17:09:58] >> ex0ep34200 mean: 34.27
[16/05/2017 17:09:58] >> ex0ep34300 mean: 35.33
[16/05/2017 17:09:58] >> ex0ep34400 mean: 33.03
[16/05/2017 17:09:58] >> ex0ep34500 mean: 31.66
[16/05/2017 17:09:58] >> ex0ep34600 mean: 37.05
[16/05/2017 17:09:58] >> ex0ep34700 mean: 35.37
[16/05/2017 17:09:58] >> ex0ep34800 mean: 37.78
[16/05/2017 17:09:58] >> ex0ep34900 mean: 34.01
[16/05/2017 17:09:58] >> ex0ep35000 mean: 35.71
[16/05/2017 17:09:58] >> ex0ep35100 mean: 30.94
[16/05/2017 17:09:58] >> ex0ep35200 mean: 36.21
[16/05/2017 17:09:58] >> ex0ep35300 mean: 35.66
[16/05/2017 17:09:58] >> ex0ep35400 mean: 34.59
[16/05/2017 17:09:58] >> ex0ep35500 mean: 35.14
[16/05/2017 17:09:58] >> ex0ep35600 mean: 34.21
[16/05/2017 17:09:58] >> ex0ep35700 mean: 31.5
[16/05/2017 17:09:58] >> ex0ep35800 mean: 35.17
[16/05/2017 17:09:58] >> ex0ep35900 mean: 33.43
[16/05/2017 17:09:58] >> ex0ep36000 mean: 33.45
[16/05/2017 17:09:58] >> ex0ep36100 mean: 33.52
[16/05/2017 17:09:58] >> ex0ep36200 mean: 30.25
[16/05/2017 17:09:59] >> ex0ep36300 mean: 36.37
[16/05/2017 17:09:59] >> ex0ep36400 mean: 32.46
[16/05/2017 17:09:59] >> ex0ep36500 mean: 33.64
[16/05/2017 17:09:59] >> ex0ep36600 mean: 35.3
[16/05/2017 17:09:59] >> ex0ep36700 mean: 34.9
[16/05/2017 17:09:59] >> ex0ep36800 mean: 34.93
[16/05/2017 17:09:59] >> ex0ep36900 mean: 34.81
[16/05/2017 17:09:59] >> ex0ep37000 mean: 31.98
[16/05/2017 17:09:59] >> ex0ep37100 mean: 33.42
[16/05/2017 17:09:59] >> ex0ep37200 mean: 33.22
[16/05/2017 17:09:59] >> ex0ep37300 mean: 33.76
[16/05/2017 17:09:59] >> ex0ep37400 mean: 31.4
[16/05/2017 17:09:59] >> ex0ep37500 mean: 33.17
[16/05/2017 17:09:59] >> ex0ep37600 mean: 33.23
[16/05/2017 17:09:59] >> ex0ep37700 mean: 34.71
[16/05/2017 17:09:59] >> ex0ep37800 mean: 33.23
[16/05/2017 17:09:59] >> ex0ep37900 mean: 33.24
[16/05/2017 17:09:59] >> ex0ep38000 mean: 32.04
[16/05/2017 17:09:59] >> ex0ep38100 mean: 32.96
[16/05/2017 17:09:59] >> ex0ep38200 mean: 30.67
[16/05/2017 17:09:59] >> ex0ep38300 mean: 33.12
[16/05/2017 17:09:59] >> ex0ep38400 mean: 32.54
[16/05/2017 17:09:59] >> ex0ep38500 mean: 34.4
[16/05/2017 17:09:59] >> ex0ep38600 mean: 33.69
[16/05/2017 17:09:59] >> ex0ep38700 mean: 31.42
[16/05/2017 17:09:59] >> ex0ep38800 mean: 30.12
[16/05/2017 17:09:59] >> ex0ep38900 mean: 30.12
[16/05/2017 17:09:59] >> ex0ep39000 mean: 34.2
[16/05/2017 17:09:59] >> ex0ep39100 mean: 32.78
[16/05/2017 17:09:59] >> ex0ep39200 mean: 33.62
[16/05/2017 17:09:59] >> ex0ep39300 mean: 32.79
[16/05/2017 17:09:59] >> ex0ep39400 mean: 33.22
[16/05/2017 17:09:59] >> ex0ep39500 mean: 36.13
[16/05/2017 17:09:59] >> ex0ep39600 mean: 33.07
[16/05/2017 17:09:59] >> ex0ep39700 mean: 32.24
[16/05/2017 17:09:59] >> ex0ep39800 mean: 34.2
[16/05/2017 17:09:59] >> ex0ep39900 mean: 35.82
[16/05/2017 17:09:59] >> ex0ep40000 mean: 33.02
[16/05/2017 17:09:59] >> ex0ep40100 mean: 35.24
[16/05/2017 17:09:59] >> ex0ep40200 mean: 32.77
[16/05/2017 17:09:59] >> ex0ep40300 mean: 34.42
[16/05/2017 17:09:59] >> ex0ep40400 mean: 32.1
[16/05/2017 17:09:59] >> ex0ep40500 mean: 37.48
[16/05/2017 17:09:59] >> ex0ep40600 mean: 32.48
[16/05/2017 17:09:59] >> ex0ep40700 mean: 33.1
[16/05/2017 17:09:59] >> ex0ep40800 mean: 31.97
[16/05/2017 17:09:59] >> ex0ep40900 mean: 33.12
[16/05/2017 17:09:59] >> ex0ep41000 mean: 33.78
[16/05/2017 17:09:59] >> ex0ep41100 mean: 31.89
[16/05/2017 17:09:59] >> ex0ep41200 mean: 33.29
[16/05/2017 17:09:59] >> ex0ep41300 mean: 31.06
[16/05/2017 17:09:59] >> ex0ep41400 mean: 34.94
[16/05/2017 17:09:59] >> ex0ep41500 mean: 32.7
[16/05/2017 17:09:59] >> ex0ep41600 mean: 34.42
[16/05/2017 17:09:59] >> ex0ep41700 mean: 30.31
[16/05/2017 17:09:59] >> ex0ep41800 mean: 30.62
[16/05/2017 17:09:59] >> ex0ep41900 mean: 31.51
[16/05/2017 17:09:59] >> ex0ep42000 mean: 32.5
[16/05/2017 17:09:59] >> ex0ep42100 mean: 32.82
[16/05/2017 17:09:59] >> ex0ep42200 mean: 31.49
[16/05/2017 17:09:59] >> ex0ep42300 mean: 32.61
[16/05/2017 17:09:59] >> ex0ep42400 mean: 33.0
[16/05/2017 17:09:59] >> ex0ep42500 mean: 33.58
[16/05/2017 17:09:59] >> ex0ep42600 mean: 35.16
[16/05/2017 17:09:59] >> ex0ep42700 mean: 32.04
[16/05/2017 17:09:59] >> ex0ep42800 mean: 30.77
[16/05/2017 17:09:59] >> ex0ep42900 mean: 33.34
[16/05/2017 17:09:59] >> ex0ep43000 mean: 33.41
[16/05/2017 17:09:59] >> ex0ep43100 mean: 33.6
[16/05/2017 17:09:59] >> ex0ep43200 mean: 30.49
[16/05/2017 17:09:59] >> ex0ep43300 mean: 32.22
[16/05/2017 17:09:59] >> ex0ep43400 mean: 31.02
[16/05/2017 17:09:59] >> ex0ep43500 mean: 31.26
[16/05/2017 17:10:00] >> ex0ep43600 mean: 29.38
[16/05/2017 17:10:00] >> ex0ep43700 mean: 33.47
[16/05/2017 17:10:00] >> ex0ep43800 mean: 36.17
[16/05/2017 17:10:00] >> ex0ep43900 mean: 32.62
[16/05/2017 17:10:00] >> ex0ep44000 mean: 33.15
[16/05/2017 17:10:00] >> ex0ep44100 mean: 32.94
[16/05/2017 17:10:00] >> ex0ep44200 mean: 35.54
[16/05/2017 17:10:00] >> ex0ep44300 mean: 32.0
[16/05/2017 17:10:00] >> ex0ep44400 mean: 31.84
[16/05/2017 17:10:00] >> ex0ep44500 mean: 33.44
[16/05/2017 17:10:00] >> ex0ep44600 mean: 33.6
[16/05/2017 17:10:00] >> ex0ep44700 mean: 31.23
[16/05/2017 17:10:00] >> ex0ep44800 mean: 32.64
[16/05/2017 17:10:00] >> ex0ep44900 mean: 30.36
[16/05/2017 17:10:00] >> ex0ep45000 mean: 30.88
[16/05/2017 17:10:00] >> ex0ep45100 mean: 31.94
[16/05/2017 17:10:00] >> ex0ep45200 mean: 32.24
[16/05/2017 17:10:00] >> ex0ep45300 mean: 32.98
[16/05/2017 17:10:00] >> ex0ep45400 mean: 32.69
[16/05/2017 17:10:00] >> ex0ep45500 mean: 32.45
[16/05/2017 17:10:00] >> ex0ep45600 mean: 33.17
[16/05/2017 17:10:00] >> ex0ep45700 mean: 32.93
[16/05/2017 17:10:00] >> ex0ep45800 mean: 30.18
[16/05/2017 17:10:00] >> ex0ep45900 mean: 32.4
[16/05/2017 17:10:00] >> ex0ep46000 mean: 31.68
[16/05/2017 17:10:00] >> ex0ep46100 mean: 36.09
[16/05/2017 17:10:00] >> ex0ep46200 mean: 31.69
[16/05/2017 17:10:00] >> ex0ep46300 mean: 31.73
[16/05/2017 17:10:00] >> ex0ep46400 mean: 30.89
[16/05/2017 17:10:00] >> ex0ep46500 mean: 30.73
[16/05/2017 17:10:00] >> ex0ep46600 mean: 30.3
[16/05/2017 17:10:00] >> ex0ep46700 mean: 30.75
[16/05/2017 17:10:00] >> ex0ep46800 mean: 31.24
[16/05/2017 17:10:00] >> ex0ep46900 mean: 34.16
[16/05/2017 17:10:00] >> ex0ep47000 mean: 33.11
[16/05/2017 17:10:00] >> ex0ep47100 mean: 32.03
[16/05/2017 17:10:00] >> ex0ep47200 mean: 31.4
[16/05/2017 17:10:00] >> ex0ep47300 mean: 30.67
[16/05/2017 17:10:00] >> ex0ep47400 mean: 31.04
[16/05/2017 17:10:00] >> ex0ep47500 mean: 31.5
[16/05/2017 17:10:00] >> ex0ep47600 mean: 31.02
[16/05/2017 17:10:00] >> ex0ep47700 mean: 32.17
[16/05/2017 17:10:00] >> ex0ep47800 mean: 32.61
[16/05/2017 17:10:00] >> ex0ep47900 mean: 31.31
[16/05/2017 17:10:00] >> ex0ep48000 mean: 31.44
[16/05/2017 17:10:00] >> ex0ep48100 mean: 32.83
[16/05/2017 17:10:00] >> ex0ep48200 mean: 34.14
[16/05/2017 17:10:00] >> ex0ep48300 mean: 33.65
[16/05/2017 17:10:00] >> ex0ep48400 mean: 35.67
[16/05/2017 17:10:00] >> ex0ep48500 mean: 33.18
[16/05/2017 17:10:00] >> ex0ep48600 mean: 31.22
[16/05/2017 17:10:00] >> ex0ep48700 mean: 30.37
[16/05/2017 17:10:00] >> ex0ep48800 mean: 34.09
[16/05/2017 17:10:00] >> ex0ep48900 mean: 34.39
[16/05/2017 17:10:00] >> ex0ep49000 mean: 35.8
[16/05/2017 17:10:00] >> ex0ep49100 mean: 33.76
[16/05/2017 17:10:00] >> ex0ep49200 mean: 33.94
[16/05/2017 17:10:00] >> ex0ep49300 mean: 32.84
[16/05/2017 17:10:00] >> ex0ep49400 mean: 31.26
[16/05/2017 17:10:00] >> ex0ep49500 mean: 30.01
[16/05/2017 17:10:00] >> ex0ep49600 mean: 32.83
[16/05/2017 17:10:00] >> ex0ep49700 mean: 31.71
[16/05/2017 17:10:00] >> ex0ep49800 mean: 34.05
[16/05/2017 17:10:00] >> ex0ep49900 mean: 30.15
[16/05/2017 17:10:00] >> ex0ep50000 mean: 33.41
[16/05/2017 17:10:00] >> ex0ep50100 mean: 32.01
[16/05/2017 17:10:00] >> ex0ep50200 mean: 32.59
[16/05/2017 17:10:00] >> ex0ep50300 mean: 32.54
[16/05/2017 17:10:00] >> ex0ep50400 mean: 32.41
[16/05/2017 17:10:00] >> ex0ep50500 mean: 30.86
[16/05/2017 17:10:00] >> ex0ep50600 mean: 31.71
[16/05/2017 17:10:00] >> ex0ep50700 mean: 33.58
[16/05/2017 17:10:00] >> ex0ep50800 mean: 33.27
[16/05/2017 17:10:01] >> ex0ep50900 mean: 31.22
[16/05/2017 17:10:01] >> ex0ep51000 mean: 31.03
[16/05/2017 17:10:01] >> ex0ep51100 mean: 33.04
[16/05/2017 17:10:01] >> ex0ep51200 mean: 30.51
[16/05/2017 17:10:01] >> ex0ep51300 mean: 33.62
[16/05/2017 17:10:01] >> ex0ep51400 mean: 33.84
[16/05/2017 17:10:01] >> ex0ep51500 mean: 35.17
[16/05/2017 17:10:01] >> ex0ep51600 mean: 32.02
[16/05/2017 17:10:01] >> ex0ep51700 mean: 32.13
[16/05/2017 17:10:01] >> ex0ep51800 mean: 30.53
[16/05/2017 17:10:01] >> ex0ep51900 mean: 30.81
[16/05/2017 17:10:01] >> ex0ep52000 mean: 32.98
[16/05/2017 17:10:01] >> ex0ep52100 mean: 32.23
[16/05/2017 17:10:01] >> ex0ep52200 mean: 30.81
[16/05/2017 17:10:01] >> ex0ep52300 mean: 32.4
[16/05/2017 17:10:01] >> ex0ep52400 mean: 31.8
[16/05/2017 17:10:01] >> ex0ep52500 mean: 32.68
[16/05/2017 17:10:01] >> ex0ep52600 mean: 31.49
[16/05/2017 17:10:01] >> ex0ep52700 mean: 29.91
[16/05/2017 17:10:01] >> ex0ep52800 mean: 32.3
[16/05/2017 17:10:01] >> ex0ep52900 mean: 33.14
[16/05/2017 17:10:01] >> ex0ep53000 mean: 30.83
[16/05/2017 17:10:01] >> ex0ep53100 mean: 30.82
[16/05/2017 17:10:01] >> ex0ep53200 mean: 34.94
[16/05/2017 17:10:01] >> ex0ep53300 mean: 32.13
[16/05/2017 17:10:01] >> ex0ep53400 mean: 30.68
[16/05/2017 17:10:01] >> ex0ep53500 mean: 31.95
[16/05/2017 17:10:01] >> ex0ep53600 mean: 31.76
[16/05/2017 17:10:01] >> ex0ep53700 mean: 30.75
[16/05/2017 17:10:01] >> ex0ep53800 mean: 30.6
[16/05/2017 17:10:01] >> ex0ep53900 mean: 33.3
[16/05/2017 17:10:01] >> ex0ep54000 mean: 34.34
[16/05/2017 17:10:01] >> ex0ep54100 mean: 32.43
[16/05/2017 17:10:01] >> ex0ep54200 mean: 29.0
[16/05/2017 17:10:01] >> ex0ep54300 mean: 27.98
[16/05/2017 17:10:01] >> ex0ep54400 mean: 31.49
[16/05/2017 17:10:01] >> ex0ep54500 mean: 31.88
[16/05/2017 17:10:01] >> ex0ep54600 mean: 31.25
[16/05/2017 17:10:01] >> ex0ep54700 mean: 32.03
[16/05/2017 17:10:01] >> ex0ep54800 mean: 30.09
[16/05/2017 17:10:01] >> ex0ep54900 mean: 31.69
[16/05/2017 17:10:01] >> ex0ep55000 mean: 30.46
[16/05/2017 17:10:01] >> ex0ep55100 mean: 30.76
[16/05/2017 17:10:01] >> ex0ep55200 mean: 34.81
[16/05/2017 17:10:01] >> ex0ep55300 mean: 31.57
[16/05/2017 17:10:01] >> ex0ep55400 mean: 32.9
[16/05/2017 17:10:01] >> ex0ep55500 mean: 29.92
[16/05/2017 17:10:01] >> ex0ep55600 mean: 33.07
[16/05/2017 17:10:01] >> ex0ep55700 mean: 33.37
[16/05/2017 17:10:01] >> ex0ep55800 mean: 33.13
[16/05/2017 17:10:01] >> ex0ep55900 mean: 32.64
[16/05/2017 17:10:01] >> ex0ep56000 mean: 33.11
[16/05/2017 17:10:01] >> ex0ep56100 mean: 31.93
[16/05/2017 17:10:01] >> ex0ep56200 mean: 32.37
[16/05/2017 17:10:01] >> ex0ep56300 mean: 31.52
[16/05/2017 17:10:01] >> ex0ep56400 mean: 32.53
[16/05/2017 17:10:01] >> ex0ep56500 mean: 32.19
[16/05/2017 17:10:01] >> ex0ep56600 mean: 30.21
[16/05/2017 17:10:01] >> ex0ep56700 mean: 31.44
[16/05/2017 17:10:01] >> ex0ep56800 mean: 33.34
[16/05/2017 17:10:01] >> ex0ep56900 mean: 31.49
[16/05/2017 17:10:01] >> ex0ep57000 mean: 31.65
[16/05/2017 17:10:01] >> ex0ep57100 mean: 33.65
[16/05/2017 17:10:01] >> ex0ep57200 mean: 33.41
[16/05/2017 17:10:01] >> ex0ep57300 mean: 32.17
[16/05/2017 17:10:01] >> ex0ep57400 mean: 31.89
[16/05/2017 17:10:01] >> ex0ep57500 mean: 33.82
[16/05/2017 17:10:01] >> ex0ep57600 mean: 33.75
[16/05/2017 17:10:01] >> ex0ep57700 mean: 29.66
[16/05/2017 17:10:01] >> ex0ep57800 mean: 30.65
[16/05/2017 17:10:01] >> ex0ep57900 mean: 31.58
[16/05/2017 17:10:01] >> ex0ep58000 mean: 32.74
[16/05/2017 17:10:01] >> ex0ep58100 mean: 31.14
[16/05/2017 17:10:01] >> ex0ep58200 mean: 30.67
[16/05/2017 17:10:02] >> ex0ep58300 mean: 31.36
[16/05/2017 17:10:02] >> ex0ep58400 mean: 30.91
[16/05/2017 17:10:02] >> ex0ep58500 mean: 30.88
[16/05/2017 17:10:02] >> ex0ep58600 mean: 33.68
[16/05/2017 17:10:02] >> ex0ep58700 mean: 30.71
[16/05/2017 17:10:02] >> ex0ep58800 mean: 31.45
[16/05/2017 17:10:02] >> ex0ep58900 mean: 31.78
[16/05/2017 17:10:02] >> ex0ep59000 mean: 31.22
[16/05/2017 17:10:02] >> ex0ep59100 mean: 29.52
[16/05/2017 17:10:02] >> ex0ep59200 mean: 31.24
[16/05/2017 17:10:02] >> ex0ep59300 mean: 31.51
[16/05/2017 17:10:02] >> ex0ep59400 mean: 34.05
[16/05/2017 17:10:02] >> ex0ep59500 mean: 32.87
[16/05/2017 17:10:02] >> ex0ep59600 mean: 33.02
[16/05/2017 17:10:02] >> ex0ep59700 mean: 30.88
[16/05/2017 17:10:02] >> ex0ep59800 mean: 32.38
[16/05/2017 17:10:02] >> ex0ep59900 mean: 30.85
[16/05/2017 17:10:02] >> ex0ep60000 mean: 31.49
[16/05/2017 17:10:02] >> ex0ep60100 mean: 31.6
[16/05/2017 17:10:02] >> ex0ep60200 mean: 31.54
[16/05/2017 17:10:02] >> ex0ep60300 mean: 33.38
[16/05/2017 17:10:02] >> ex0ep60400 mean: 35.9
[16/05/2017 17:10:02] >> ex0ep60500 mean: 30.18
[16/05/2017 17:10:02] >> ex0ep60600 mean: 34.27
[16/05/2017 17:10:02] >> ex0ep60700 mean: 32.19
[16/05/2017 17:10:02] >> ex0ep60800 mean: 33.13
[16/05/2017 17:10:02] >> ex0ep60900 mean: 34.73
[16/05/2017 17:10:02] >> ex0ep61000 mean: 31.7
[16/05/2017 17:10:02] >> ex0ep61100 mean: 30.18
[16/05/2017 17:10:02] >> ex0ep61200 mean: 32.82
[16/05/2017 17:10:02] >> ex0ep61300 mean: 32.76
[16/05/2017 17:10:02] >> ex0ep61400 mean: 32.31
[16/05/2017 17:10:02] >> ex0ep61500 mean: 30.06
[16/05/2017 17:10:02] >> ex0ep61600 mean: 31.19
[16/05/2017 17:10:02] >> ex0ep61700 mean: 32.47
[16/05/2017 17:10:02] >> ex0ep61800 mean: 34.78
[16/05/2017 17:10:02] >> ex0ep61900 mean: 30.68
[16/05/2017 17:10:02] >> ex0ep62000 mean: 32.84
[16/05/2017 17:10:02] >> ex0ep62100 mean: 32.39
[16/05/2017 17:10:02] >> ex0ep62200 mean: 31.71
[16/05/2017 17:10:02] >> ex0ep62300 mean: 32.27
[16/05/2017 17:10:02] >> ex0ep62400 mean: 29.49
[16/05/2017 17:10:02] >> ex0ep62500 mean: 32.78
[16/05/2017 17:10:02] >> ex0ep62600 mean: 31.33
[16/05/2017 17:10:02] >> ex0ep62700 mean: 31.21
[16/05/2017 17:10:02] >> ex0ep62800 mean: 32.44
[16/05/2017 17:10:02] >> ex0ep62900 mean: 32.54
[16/05/2017 17:10:02] >> ex0ep63000 mean: 28.99
[16/05/2017 17:10:02] >> ex0ep63100 mean: 32.74
[16/05/2017 17:10:02] >> ex0ep63200 mean: 31.56
[16/05/2017 17:10:02] >> ex0ep63300 mean: 32.05
[16/05/2017 17:10:02] >> ex0ep63400 mean: 31.24
[16/05/2017 17:10:02] >> ex0ep63500 mean: 30.51
[16/05/2017 17:10:02] >> ex0ep63600 mean: 31.02
[16/05/2017 17:10:02] >> ex0ep63700 mean: 32.18
[16/05/2017 17:10:02] >> ex0ep63800 mean: 30.39
[16/05/2017 17:10:02] >> ex0ep63900 mean: 31.55
[16/05/2017 17:10:02] >> ex0ep64000 mean: 31.31
[16/05/2017 17:10:02] >> ex0ep64100 mean: 30.71
[16/05/2017 17:10:02] >> ex0ep64200 mean: 32.92
[16/05/2017 17:10:02] >> ex0ep64300 mean: 32.45
[16/05/2017 17:10:02] >> ex0ep64400 mean: 32.96
[16/05/2017 17:10:02] >> ex0ep64500 mean: 33.63
[16/05/2017 17:10:02] >> ex0ep64600 mean: 30.71
[16/05/2017 17:10:02] >> ex0ep64700 mean: 31.43
[16/05/2017 17:10:02] >> ex0ep64800 mean: 32.45
[16/05/2017 17:10:02] >> ex0ep64900 mean: 31.65
[16/05/2017 17:10:02] >> ex0ep65000 mean: 31.38
[16/05/2017 17:10:02] >> ex0ep65100 mean: 30.83
[16/05/2017 17:10:02] >> ex0ep65200 mean: 32.68
[16/05/2017 17:10:02] >> ex0ep65300 mean: 31.78
[16/05/2017 17:10:02] >> ex0ep65400 mean: 30.49
[16/05/2017 17:10:02] >> ex0ep65500 mean: 31.84
[16/05/2017 17:10:02] >> ex0ep65600 mean: 32.1
[16/05/2017 17:10:03] >> ex0ep65700 mean: 28.94
[16/05/2017 17:10:03] >> ex0ep65800 mean: 32.18
[16/05/2017 17:10:03] >> ex0ep65900 mean: 29.25
[16/05/2017 17:10:03] >> ex0ep66000 mean: 30.85
[16/05/2017 17:10:03] >> ex0ep66100 mean: 31.85
[16/05/2017 17:10:03] >> ex0ep66200 mean: 33.47
[16/05/2017 17:10:03] >> ex0ep66300 mean: 32.58
[16/05/2017 17:10:03] >> ex0ep66400 mean: 30.81
[16/05/2017 17:10:03] >> ex0ep66500 mean: 30.86
[16/05/2017 17:10:03] >> ex0ep66600 mean: 30.59
[16/05/2017 17:10:03] >> ex0ep66700 mean: 28.51
[16/05/2017 17:10:03] >> ex0ep66800 mean: 31.36
[16/05/2017 17:10:03] >> ex0ep66900 mean: 32.52
[16/05/2017 17:10:03] >> ex0ep67000 mean: 27.13
[16/05/2017 17:10:03] >> ex0ep67100 mean: 34.22
[16/05/2017 17:10:03] >> ex0ep67200 mean: 35.9
[16/05/2017 17:10:03] >> ex0ep67300 mean: 30.78
[16/05/2017 17:10:03] >> ex0ep67400 mean: 33.8
[16/05/2017 17:10:03] >> ex0ep67500 mean: 32.24
[16/05/2017 17:10:03] >> ex0ep67600 mean: 31.85
[16/05/2017 17:10:03] >> ex0ep67700 mean: 33.11
[16/05/2017 17:10:03] >> ex0ep67800 mean: 34.46
[16/05/2017 17:10:03] >> ex0ep67900 mean: 33.04
[16/05/2017 17:10:03] >> ex0ep68000 mean: 29.43
[16/05/2017 17:10:03] >> ex0ep68100 mean: 32.75
[16/05/2017 17:10:03] >> ex0ep68200 mean: 31.01
[16/05/2017 17:10:03] >> ex0ep68300 mean: 34.4
[16/05/2017 17:10:03] >> ex0ep68400 mean: 30.58
[16/05/2017 17:10:03] >> ex0ep68500 mean: 32.67
[16/05/2017 17:10:03] >> ex0ep68600 mean: 29.84
[16/05/2017 17:10:03] >> ex0ep68700 mean: 32.89
[16/05/2017 17:10:03] >> ex0ep68800 mean: 34.73
[16/05/2017 17:10:03] >> ex0ep68900 mean: 31.97
[16/05/2017 17:10:03] >> ex0ep69000 mean: 30.94
[16/05/2017 17:10:03] >> ex0ep69100 mean: 31.27
[16/05/2017 17:10:03] >> ex0ep69200 mean: 30.99
[16/05/2017 17:10:03] >> ex0ep69300 mean: 31.85
[16/05/2017 17:10:03] >> ex0ep69400 mean: 31.32
[16/05/2017 17:10:03] >> ex0ep69500 mean: 30.88
[16/05/2017 17:10:03] >> ex0ep69600 mean: 32.01
[16/05/2017 17:10:03] >> ex0ep69700 mean: 31.35
[16/05/2017 17:10:03] >> ex0ep69800 mean: 28.65
[16/05/2017 17:10:03] >> ex0ep69900 mean: 33.47
[16/05/2017 17:10:03] >> ex0ep70000 mean: 33.9
[16/05/2017 17:10:03] >> ex0ep70100 mean: 29.75
[16/05/2017 17:10:03] >> ex0ep70200 mean: 31.99
[16/05/2017 17:10:03] >> ex0ep70300 mean: 32.57
[16/05/2017 17:10:03] >> ex0ep70400 mean: 31.13
[16/05/2017 17:10:03] >> ex0ep70500 mean: 32.06
[16/05/2017 17:10:03] >> ex0ep70600 mean: 28.71
[16/05/2017 17:10:03] >> ex0ep70700 mean: 30.27
[16/05/2017 17:10:03] >> ex0ep70800 mean: 31.9
[16/05/2017 17:10:03] >> ex0ep70900 mean: 32.31
[16/05/2017 17:10:03] >> ex0ep71000 mean: 33.89
[16/05/2017 17:10:03] >> ex0ep71100 mean: 31.08
[16/05/2017 17:10:03] >> ex0ep71200 mean: 30.78
[16/05/2017 17:10:03] >> ex0ep71300 mean: 33.6
[16/05/2017 17:10:03] >> ex0ep71400 mean: 30.6
[16/05/2017 17:10:03] >> ex0ep71500 mean: 29.85
[16/05/2017 17:10:03] >> ex0ep71600 mean: 32.07
[16/05/2017 17:10:03] >> ex0ep71700 mean: 31.17
[16/05/2017 17:10:03] >> ex0ep71800 mean: 33.58
[16/05/2017 17:10:03] >> ex0ep71900 mean: 31.5
[16/05/2017 17:10:03] >> ex0ep72000 mean: 31.26
[16/05/2017 17:10:03] >> ex0ep72100 mean: 34.25
[16/05/2017 17:10:03] >> ex0ep72200 mean: 31.05
[16/05/2017 17:10:03] >> ex0ep72300 mean: 34.31
[16/05/2017 17:10:03] >> ex0ep72400 mean: 32.98
[16/05/2017 17:10:03] >> ex0ep72500 mean: 33.03
[16/05/2017 17:10:03] >> ex0ep72600 mean: 32.56
[16/05/2017 17:10:03] >> ex0ep72700 mean: 31.51
[16/05/2017 17:10:03] >> ex0ep72800 mean: 32.67
[16/05/2017 17:10:03] >> ex0ep72900 mean: 31.09
[16/05/2017 17:10:03] >> ex0ep73000 mean: 30.48
[16/05/2017 17:10:03] >> ex0ep73100 mean: 30.78
[16/05/2017 17:10:03] >> ex0ep73200 mean: 33.13
[16/05/2017 17:10:04] >> ex0ep73300 mean: 31.74
[16/05/2017 17:10:04] >> ex0ep73400 mean: 30.8
[16/05/2017 17:10:04] >> ex0ep73500 mean: 34.54
[16/05/2017 17:10:04] >> ex0ep73600 mean: 32.21
[16/05/2017 17:10:04] >> ex0ep73700 mean: 30.64
[16/05/2017 17:10:04] >> ex0ep73800 mean: 34.84
[16/05/2017 17:10:04] >> ex0ep73900 mean: 29.18
[16/05/2017 17:10:04] >> ex0ep74000 mean: 31.43
[16/05/2017 17:10:04] >> ex0ep74100 mean: 30.55
[16/05/2017 17:10:04] >> ex0ep74200 mean: 32.19
[16/05/2017 17:10:04] >> ex0ep74300 mean: 32.22
[16/05/2017 17:10:04] >> ex0ep74400 mean: 32.35
[16/05/2017 17:10:04] >> ex0ep74500 mean: 30.41
[16/05/2017 17:10:04] >> ex0ep74600 mean: 34.07
[16/05/2017 17:10:04] >> ex0ep74700 mean: 30.3
[16/05/2017 17:10:04] >> ex0ep74800 mean: 31.47
[16/05/2017 17:10:04] >> ex0ep74900 mean: 34.54
[16/05/2017 17:10:04] >> ex0ep75000 mean: 32.81
[16/05/2017 17:10:04] >> ex0ep75100 mean: 31.48
[16/05/2017 17:10:04] >> ex0ep75200 mean: 32.88
[16/05/2017 17:10:04] >> ex0ep75300 mean: 32.26
[16/05/2017 17:10:04] >> ex0ep75400 mean: 30.98
[16/05/2017 17:10:04] >> ex0ep75500 mean: 31.4
[16/05/2017 17:10:04] >> ex0ep75600 mean: 33.33
[16/05/2017 17:10:04] >> ex0ep75700 mean: 32.78
[16/05/2017 17:10:04] >> ex0ep75800 mean: 32.91
[16/05/2017 17:10:04] >> ex0ep75900 mean: 30.44
[16/05/2017 17:10:04] >> ex0ep76000 mean: 32.14
[16/05/2017 17:10:04] >> ex0ep76100 mean: 33.34
[16/05/2017 17:10:04] >> ex0ep76200 mean: 30.79
[16/05/2017 17:10:04] >> ex0ep76300 mean: 31.38
[16/05/2017 17:10:04] >> ex0ep76400 mean: 30.64
[16/05/2017 17:10:04] >> ex0ep76500 mean: 33.51
[16/05/2017 17:10:04] >> ex0ep76600 mean: 30.2
[16/05/2017 17:10:04] >> ex0ep76700 mean: 32.54
[16/05/2017 17:10:04] >> ex0ep76800 mean: 29.86
[16/05/2017 17:10:04] >> ex0ep76900 mean: 33.24
[16/05/2017 17:10:04] >> ex0ep77000 mean: 31.73
[16/05/2017 17:10:04] >> ex0ep77100 mean: 35.03
[16/05/2017 17:10:04] >> ex0ep77200 mean: 30.66
[16/05/2017 17:10:04] >> ex0ep77300 mean: 31.48
[16/05/2017 17:10:04] >> ex0ep77400 mean: 31.94
[16/05/2017 17:10:04] >> ex0ep77500 mean: 32.96
[16/05/2017 17:10:04] >> ex0ep77600 mean: 30.23
[16/05/2017 17:10:04] >> ex0ep77700 mean: 30.58
[16/05/2017 17:10:04] >> ex0ep77800 mean: 33.72
[16/05/2017 17:10:04] >> ex0ep77900 mean: 31.3
